#
# A fatal error has been detected by the Java Runtime Environment:
#
#  EXCEPTION_ACCESS_VIOLATION (0xc0000005) at pc=0x00007ff9b58bd030, pid=1644, tid=8332
#
# JRE version: Java(TM) SE Runtime Environment (14.0.2+12) (build 14.0.2+12-46)
# Java VM: Java HotSpot(TM) 64-Bit Server VM (14.0.2+12-46, mixed mode, sharing, tiered, compressed oops, g1 gc, windows-amd64)
# Problematic frame:
# C  [ntdll.dll+0xd030]
#
# No core dump will be written. Minidumps are not enabled by default on client versions of Windows
#
# If you would like to submit a bug report, please visit:
#   https://bugreport.java.com/bugreport/crash.jsp
#

---------------  S U M M A R Y ------------

Command Line: -Dfile.encoding=UTF8 -ea -Xmx1024m 

Host: Intel(R) Core(TM) i7-8750H CPU @ 2.20GHz, 12 cores, 15G,  Windows 10 , 64 bit Build 17763 (10.0.17763.475)
Time: Mon Nov  2 18:01:57 2020 ¢¥eCN©öI¡¾©ö C¡ÍA¨ª¨öA elapsed time: 108 seconds (0d 0h 1m 48s)

---------------  T H R E A D  ---------------

Current thread (0x000002a4cdd2b800):  VMThread "VM Thread" [stack: 0x000000b680000000,0x000000b6801f0000] [id=8332]

Stack: [0x000000b680000000,0x000000b6801f0000],  sp=0x000000b6801eef90,  free space=1979k
Native frames: (J=compiled Java code, j=interpreted, Vv=VM code, C=native code)
C  [ntdll.dll+0xd030]
C  0x00007ff8cac2c398


siginfo: EXCEPTION_ACCESS_VIOLATION (0xc0000005), reading address 0x0000000000000010


Register to memory mapping:

RIP=0x00007ff9b58bd030 ntdll.dll
RAX=0x0 is NULL
RBX=0x0 is NULL
RCX=0x0000000000000013 is an unknown value
RDX=0x0 is NULL
RSP=0x000000b6801eef90 points into unknown readable memory: 40 00 00 00 a4 02 00 00
RBP=0x0000000000000007 is an unknown value
RSI=0x0 is NULL
RDI=0x0000000000000100 is an unknown value
R8 =0x0 is NULL
R9 =0x0 is NULL
R10=0x000000000000003a is an unknown value
R11=0x000000b6801ef070 points into unknown readable memory: 00 00 00 00 00 00 00 00
R12=0x000000b6fc1f2328 points into unknown readable memory: 20 16 77 94 a4 02 00 00
R13=0x0000000000000040 is an unknown value
R14=0x000000b6801ef070 points into unknown readable memory: 00 00 00 00 00 00 00 00
R15=0x0000000000000001 is an unknown value


Registers:
RAX=0x0000000000000000, RBX=0x0000000000000000, RCX=0x0000000000000013, RDX=0x0000000000000000
RSP=0x000000b6801eef90, RBP=0x0000000000000007, RSI=0x0000000000000000, RDI=0x0000000000000100
R8 =0x0000000000000000, R9 =0x0000000000000000, R10=0x000000000000003a, R11=0x000000b6801ef070
R12=0x000000b6fc1f2328, R13=0x0000000000000040, R14=0x000000b6801ef070, R15=0x0000000000000001
RIP=0x00007ff9b58bd030, EFLAGS=0x0000000000010206

Top of Stack: (sp=0x000000b6801eef90)
0x000000b6801eef90:   000002a400000040 000000b600000002
0x000000b6801eefa0:   0000000000000008 00007ff900000000
0x000000b6801eefb0:   0000000000000000 0000000000000000
0x000000b6801eefc0:   000002a4ef545e00 00007ff8cac2c398
0x000000b6801eefd0:   0000000000000100 000002a4ef545e00
0x000000b6801eefe0:   0000000000000000 0000000000000070
0x000000b6801eeff0:   0000000000000100 00007ff8ca7987d4
0x000000b6801ef000:   0000000000000000 0000000000000000
0x000000b6801ef010:   0000000000000200 000000b6801ef030
0x000000b6801ef020:   000000b6801ef0b0 00007ff8ca7b8a0f
0x000000b6801ef030:   000002a4ef545e00 000002a50bd39e30
0x000000b6801ef040:   0000000000000000 000002a4ef545e00
0x000000b6801ef050:   00007ff943732370 00007ff9455bb840
0x000000b6801ef060:   0000000000000001 00007ff8ca7a6aa8
0x000000b6801ef070:   0000000000000000 000002a4ef545e00
0x000000b6801ef080:   0000000000000000 000002a4cab05f90 

Instructions: (pc=0x00007ff9b58bd030)
0x00007ff9b58bcf30:   48 89 4c 24 58 41 0f 42 c2 85 c0 0f 85 cb fe ff
0x00007ff9b58bcf40:   ff e9 77 f3 09 00 41 8b d3 48 0f c7 f1 41 8b c3
0x00007ff9b58bcf50:   48 89 4c 24 60 41 0f 42 c2 85 c0 0f 85 4d ff ff
0x00007ff9b58bcf60:   ff e9 71 f4 09 00 0f b6 c0 4c 8d 2c 40 4a 8b 84
0x00007ff9b58bcf70:   c1 b0 08 00 00 49 c1 e5 06 49 81 c5 40 ff ff ff
0x00007ff9b58bcf80:   4c 03 e8 e9 53 fb ff ff 49 8b 4d 00 8b 41 24 83
0x00007ff9b58bcf90:   f8 20 72 0d 66 45 89 85 b0 00 00 00 e9 d3 fc ff
0x00007ff9b58bcfa0:   ff 83 c0 04 89 41 24 eb eb 49 8b 4d 00 8b 41 24
0x00007ff9b58bcfb0:   85 c0 74 e0 83 c0 fc eb eb e8 56 f7 ff ff 8b c8
0x00007ff9b58bcfc0:   41 ba 01 00 00 00 ff c0 66 c1 e1 08 66 41 23 c5
0x00007ff9b58bcfd0:   66 0b c1 e9 23 fd ff ff 48 89 54 24 30 4d 8b c6
0x00007ff9b58bcfe0:   48 89 6c 24 28 48 8b d7 44 0f b6 c8 48 89 74 24
0x00007ff9b58bcff0:   20 e8 8e d0 0f 00 85 c0 0f 84 f3 fa ff ff e9 0a
0x00007ff9b58bd000:   ff ff ff cc cc cc cc cc cc cc cc cc cc cc cc cc
0x00007ff9b58bd010:   48 89 5c 24 08 48 89 74 24 10 57 48 83 ec 30 49
0x00007ff9b58bd020:   8b f8 8b f2 48 8b d9 48 85 c9 0f 84 1c f4 09 00
0x00007ff9b58bd030:   81 7b 10 ee dd ee dd 44 8b c6 48 8b d7 48 8b cb
0x00007ff9b58bd040:   74 20 f6 05 ff 8f 15 00 02 75 2b 45 33 c9 48 8b
0x00007ff9b58bd050:   5c 24 40 48 8b 74 24 48 48 83 c4 30 5f e9 2e 00
0x00007ff9b58bd060:   00 00 48 8b 5c 24 40 48 8b 74 24 48 48 83 c4 30
0x00007ff9b58bd070:   5f e9 0a 1a 00 00 48 8b 5c 24 40 48 8b 74 24 48
0x00007ff9b58bd080:   48 83 c4 30 5f e9 ce 2f 01 00 cc cc cc cc cc cc
0x00007ff9b58bd090:   48 89 5c 24 10 66 44 89 4c 24 20 55 56 57 41 54
0x00007ff9b58bd0a0:   41 55 41 56 41 57 48 8d 6c 24 d9 48 81 ec b0 00
0x00007ff9b58bd0b0:   00 00 81 79 10 ee dd ee dd 41 0f b7 f9 45 8b f0
0x00007ff9b58bd0c0:   4c 8b fa 48 8b f1 0f 85 6d 07 00 00 41 b8 00 01
0x00007ff9b58bd0d0:   00 00 45 85 f6 75 04 33 c9 eb 67 41 83 fe 08 75
0x00007ff9b58bd0e0:   06 41 8d 4e fa eb 5b 41 8b c6 41 8b ce 83 e1 01
0x00007ff9b58bd0f0:   8b d1 83 ca 02 24 08 41 8b c6 0f 44 d1 8b ca 0f
0x00007ff9b58bd100:   ba e9 1f 24 04 41 8b c6 0f 44 ca 8b d1 41 0b d0
0x00007ff9b58bd110:   41 23 c0 41 8b c6 0f 44 d1 25 00 0e 00 00 8b ca
0x00007ff9b58bd120:   0b c8 85 c0 41 8b c6 0f 44 ca 8b d1 0f ba ea 19 


Stack slot to memory mapping:
stack at sp + 0 slots: 0x000002a400000040 is an unknown value
stack at sp + 1 slots: 0x000000b600000002 is an unknown value
stack at sp + 2 slots: 0x0000000000000008 is an unknown value
stack at sp + 3 slots: 0x00007ff900000000 _pywrap_tensorflow_internal.pyd
stack at sp + 4 slots: 0x0 is NULL
stack at sp + 5 slots: 0x0 is NULL
stack at sp + 6 slots: 0x000002a4ef545e00 points into unknown readable memory: b0 8e 1d 05 a5 02 00 00
stack at sp + 7 slots: 0x00007ff8cac2c398 points into unknown readable memory: 48 85 c0 74 d4 eb 0d e8

VM_Operation (0x000000b688d6eb60): Exit, mode: safepoint, requested by thread 0x000002a68d8b6800


---------------  P R O C E S S  ---------------

Threads class SMR info:
_java_thread_list=0x000002a4ef5abd90, length=13, elements={
0x000002a4b10b8000, 0x000002a4b10be800, 0x000002a4b10b8800, 0x000002a4b10bf000,
0x000002a4b10b9800, 0x000002a4b10c1000, 0x000002a4cddab000, 0x000002a4cdd89800,
0x000002a4b10c3800, 0x000002a4b10c4000, 0x000002a4b10c5000, 0x000002a4b10c2800,
0x000002a68d8b6800
}

Java Threads: ( => current thread )
  0x000002a4b10b8000 JavaThread "main" [_thread_in_native, id=7648, stack(0x000000b6fc200000,0x000000b6fc3f0000)]
  0x000002a4b10be800 JavaThread "Reference Handler" daemon [_thread_blocked, id=11864, stack(0x000000b6801f0000,0x000000b6803e0000)]
  0x000002a4b10b8800 JavaThread "Finalizer" daemon [_thread_blocked, id=15600, stack(0x000000b6803e0000,0x000000b6805d0000)]
  0x000002a4b10bf000 JavaThread "Signal Dispatcher" daemon [_thread_blocked, id=8608, stack(0x000000b6805d0000,0x000000b6807c0000)]
  0x000002a4b10b9800 JavaThread "Attach Listener" daemon [_thread_blocked, id=9776, stack(0x000000b6807c0000,0x000000b6809b0000)]
  0x000002a4b10c1000 JavaThread "Service Thread" daemon [_thread_blocked, id=3032, stack(0x000000b6809b0000,0x000000b680ba0000)]
  0x000002a4cddab000 JavaThread "C2 CompilerThread0" daemon [_thread_blocked, id=7408, stack(0x000000b680ba0000,0x000000b680d90000)]
  0x000002a4cdd89800 JavaThread "C1 CompilerThread0" daemon [_thread_blocked, id=11780, stack(0x000000b680d90000,0x000000b680f80000)]
  0x000002a4b10c3800 JavaThread "Sweeper thread" daemon [_thread_blocked, id=13516, stack(0x000000b680f80000,0x000000b681170000)]
  0x000002a4b10c4000 JavaThread "Notification Thread" daemon [_thread_blocked, id=3220, stack(0x000000b681170000,0x000000b681360000)]
  0x000002a4b10c5000 JavaThread "Common-Cleaner" daemon [_thread_blocked, id=5152, stack(0x000000b681550000,0x000000b681740000)]
  0x000002a4b10c2800 JavaThread "Thread-1" daemon [_thread_in_native, id=12980, stack(0x000000b682e80000,0x000000b683070000)]
  0x000002a68d8b6800 JavaThread "SIGINT handler" daemon [_thread_blocked, id=13648, stack(0x000000b688b80000,0x000000b688d70000)]

Other Threads:
=>0x000002a4cdd2b800 VMThread "VM Thread" [stack: 0x000000b680000000,0x000000b6801f0000] [id=8332]
  0x000002a4cd382800 GCTaskThread "GC Thread#0" [stack: 0x000000b6ff650000,0x000000b6ff840000] [id=20440]
  0x000002a4ed009800 GCTaskThread "GC Thread#1" [stack: 0x000000b681930000,0x000000b681b20000] [id=17364]
  0x000002a4cdd97000 GCTaskThread "GC Thread#2" [stack: 0x000000b681b20000,0x000000b681d10000] [id=7772]
  0x000002a4ecfc4800 GCTaskThread "GC Thread#3" [stack: 0x000000b681d10000,0x000000b681f00000] [id=20212]
  0x000002a4ed132800 GCTaskThread "GC Thread#4" [stack: 0x000000b681f00000,0x000000b6820f0000] [id=1244]
  0x000002a4ed0b3000 GCTaskThread "GC Thread#5" [stack: 0x000000b6820f0000,0x000000b6822e0000] [id=12876]
  0x000002a4cd2e7000 ConcurrentGCThread "G1 Main Marker" [stack: 0x000000b6ff840000,0x000000b6ffa30000] [id=17012]
  0x000002a4cd5b6000 ConcurrentGCThread "G1 Conc#0" [stack: 0x000000b6ffa30000,0x000000b6ffc20000] [id=4048]
  0x000002a4b13fa000 ConcurrentGCThread "G1 Conc#1" [stack: 0x000000b6826c0000,0x000000b6828b0000] [id=12336]
  0x000002a4b13f7800 ConcurrentGCThread "G1 Conc#2" [stack: 0x000000b6828b0000,0x000000b682aa0000] [id=15828]
  0x000002a4cd420000 ConcurrentGCThread "G1 Refine#0" [stack: 0x000000b6ffc20000,0x000000b6ffe10000] [id=2060]
  0x000002a4edadd000 ConcurrentGCThread "G1 Refine#1" [stack: 0x000000b682aa0000,0x000000b682c90000] [id=19904]
  0x000002a4ee0a6000 ConcurrentGCThread "G1 Refine#2" [stack: 0x000000b682c90000,0x000000b682e80000] [id=7976]
  0x000002a4cd421000 ConcurrentGCThread "G1 Young RemSet Sampling" [stack: 0x000000b6ffe10000,0x000000b700000000] [id=14288]

Threads with active compile tasks:
C1 CompilerThread0   108284 3819       3       java.util.HashMap$HashIterator::nextNode (100 bytes)

VM state:at safepoint (shutting down)

VM Mutex/Monitor currently owned by a thread:  ([mutex/lock_event])
[0x000002a4b0714c30] Threads_lock - owner thread: 0x000002a4cdd2b800
[0x000002a4b07142a0] Heap_lock - owner thread: 0x000002a68d8b6800

Heap address: 0x00000000c0000000, size: 1024 MB, Compressed Oops mode: 32-bit
Narrow klass base: 0x0000000800000000, Narrow klass shift: 3
Compressed class space size: 1073741824 Address: 0x0000000800b30000

Heap:
 garbage-first heap   total 263168K, used 79788K [0x00000000c0000000, 0x0000000100000000)
  region size 1024K, 2 young (2048K), 0 survivors (0K)
 Metaspace       used 10917K, capacity 12692K, committed 12800K, reserved 1060864K
  class space    used 1679K, capacity 2000K, committed 2048K, reserved 1048576K
Heap Regions: E=young(eden), S=young(survivor), O=old, HS=humongous(starts), HC=humongous(continues), CS=collection set, F=free, OA=open archive, CA=closed archive, TAMS=top-at-mark-start (previous, next)
|   0|0x00000000c0000000, 0x00000000c00ffff8, 0x00000000c0100000| 99%| O|  |TAMS 0x00000000c0000000, 0x00000000c0000000| Untracked 
|   1|0x00000000c0100000, 0x00000000c0200000, 0x00000000c0200000|100%| O|  |TAMS 0x00000000c0100000, 0x00000000c0100000| Untracked 
|   2|0x00000000c0200000, 0x00000000c02ffff0, 0x00000000c0300000| 99%| O|  |TAMS 0x00000000c0200000, 0x00000000c0200000| Untracked 
|   3|0x00000000c0300000, 0x00000000c03ffff0, 0x00000000c0400000| 99%| O|  |TAMS 0x00000000c0300000, 0x00000000c0300000| Untracked 
|   4|0x00000000c0400000, 0x00000000c04ffff0, 0x00000000c0500000| 99%| O|  |TAMS 0x00000000c0400000, 0x00000000c0400000| Untracked 
|   5|0x00000000c0500000, 0x00000000c05ffff0, 0x00000000c0600000| 99%| O|  |TAMS 0x00000000c0500000, 0x00000000c0500000| Untracked 
|   6|0x00000000c0600000, 0x00000000c0700000, 0x00000000c0700000|100%| O|  |TAMS 0x00000000c0600000, 0x00000000c0600000| Untracked 
|   7|0x00000000c0700000, 0x00000000c07ffff8, 0x00000000c0800000| 99%| O|  |TAMS 0x00000000c0700000, 0x00000000c0700000| Untracked 
|   8|0x00000000c0800000, 0x00000000c08ffff0, 0x00000000c0900000| 99%| O|  |TAMS 0x00000000c0800000, 0x00000000c0800000| Untracked 
|   9|0x00000000c0900000, 0x00000000c0a00000, 0x00000000c0a00000|100%| O|  |TAMS 0x00000000c0900000, 0x00000000c0900000| Untracked 
|  10|0x00000000c0a00000, 0x00000000c0affff0, 0x00000000c0b00000| 99%| O|  |TAMS 0x00000000c0a00000, 0x00000000c0a00000| Untracked 
|  11|0x00000000c0b00000, 0x00000000c0c00000, 0x00000000c0c00000|100%| O|  |TAMS 0x00000000c0b00000, 0x00000000c0b00000| Untracked 
|  12|0x00000000c0c00000, 0x00000000c0cffff8, 0x00000000c0d00000| 99%| O|  |TAMS 0x00000000c0c00000, 0x00000000c0c00000| Untracked 
|  13|0x00000000c0d00000, 0x00000000c0e00000, 0x00000000c0e00000|100%|HS|  |TAMS 0x00000000c0d00000, 0x00000000c0d00000| Untracked 
|  14|0x00000000c0e00000, 0x00000000c0f00000, 0x00000000c0f00000|100%|HC|  |TAMS 0x00000000c0e00000, 0x00000000c0e00000| Untracked 
|  15|0x00000000c0f00000, 0x00000000c1000000, 0x00000000c1000000|100%|HS|  |TAMS 0x00000000c0f00000, 0x00000000c0f00000| Untracked 
|  16|0x00000000c1000000, 0x00000000c1100000, 0x00000000c1100000|100%|HC|  |TAMS 0x00000000c1000000, 0x00000000c1000000| Untracked 
|  17|0x00000000c1100000, 0x00000000c1200000, 0x00000000c1200000|100%| O|  |TAMS 0x00000000c1100000, 0x00000000c1100000| Untracked 
|  18|0x00000000c1200000, 0x00000000c1300000, 0x00000000c1300000|100%| O|  |TAMS 0x00000000c1200000, 0x00000000c1200000| Untracked 
|  19|0x00000000c1300000, 0x00000000c1400000, 0x00000000c1400000|100%| O|  |TAMS 0x00000000c1300000, 0x00000000c1300000| Untracked 
|  20|0x00000000c1400000, 0x00000000c14ffff0, 0x00000000c1500000| 99%| O|  |TAMS 0x00000000c1400000, 0x00000000c1400000| Untracked 
|  21|0x00000000c1500000, 0x00000000c15ffff8, 0x00000000c1600000| 99%| O|  |TAMS 0x00000000c1500000, 0x00000000c1500000| Untracked 
|  22|0x00000000c1600000, 0x00000000c16ffff8, 0x00000000c1700000| 99%| O|  |TAMS 0x00000000c1600000, 0x00000000c1600000| Untracked 
|  23|0x00000000c1700000, 0x00000000c1800000, 0x00000000c1800000|100%| O|  |TAMS 0x00000000c1700000, 0x00000000c1700000| Untracked 
|  24|0x00000000c1800000, 0x00000000c1900000, 0x00000000c1900000|100%|HS|  |TAMS 0x00000000c1800000, 0x00000000c1800000| Untracked 
|  25|0x00000000c1900000, 0x00000000c1a00000, 0x00000000c1a00000|100%|HS|  |TAMS 0x00000000c1900000, 0x00000000c1900000| Untracked 
|  26|0x00000000c1a00000, 0x00000000c1b00000, 0x00000000c1b00000|100%| O|  |TAMS 0x00000000c1a00000, 0x00000000c1a00000| Untracked 
|  27|0x00000000c1b00000, 0x00000000c1bffff0, 0x00000000c1c00000| 99%| O|  |TAMS 0x00000000c1b00000, 0x00000000c1b00000| Untracked 
|  28|0x00000000c1c00000, 0x00000000c1cffff0, 0x00000000c1d00000| 99%| O|  |TAMS 0x00000000c1c00000, 0x00000000c1c00000| Untracked 
|  29|0x00000000c1d00000, 0x00000000c1e00000, 0x00000000c1e00000|100%| O|  |TAMS 0x00000000c1d00000, 0x00000000c1d00000| Untracked 
|  30|0x00000000c1e00000, 0x00000000c1effff0, 0x00000000c1f00000| 99%| O|  |TAMS 0x00000000c1e00000, 0x00000000c1e00000| Untracked 
|  31|0x00000000c1f00000, 0x00000000c1fffff8, 0x00000000c2000000| 99%| O|  |TAMS 0x00000000c1f00000, 0x00000000c1f00000| Untracked 
|  32|0x00000000c2000000, 0x00000000c20ffff8, 0x00000000c2100000| 99%| O|  |TAMS 0x00000000c2000000, 0x00000000c2000000| Untracked 
|  33|0x00000000c2100000, 0x00000000c2200000, 0x00000000c2200000|100%|HS|  |TAMS 0x00000000c2100000, 0x00000000c2100000| Untracked 
|  34|0x00000000c2200000, 0x00000000c2300000, 0x00000000c2300000|100%|HC|  |TAMS 0x00000000c2200000, 0x00000000c2200000| Untracked 
|  35|0x00000000c2300000, 0x00000000c2400000, 0x00000000c2400000|100%|HS|  |TAMS 0x00000000c2300000, 0x00000000c2300000| Untracked 
|  36|0x00000000c2400000, 0x00000000c2500000, 0x00000000c2500000|100%|HC|  |TAMS 0x00000000c2400000, 0x00000000c2400000| Untracked 
|  37|0x00000000c2500000, 0x00000000c2600000, 0x00000000c2600000|100%| O|  |TAMS 0x00000000c2500000, 0x00000000c2500000| Untracked 
|  38|0x00000000c2600000, 0x00000000c2700000, 0x00000000c2700000|100%| O|  |TAMS 0x00000000c2600000, 0x00000000c2600000| Untracked 
|  39|0x00000000c2700000, 0x00000000c2800000, 0x00000000c2800000|100%|HS|  |TAMS 0x00000000c2700000, 0x00000000c2700000| Untracked 
|  40|0x00000000c2800000, 0x00000000c2900000, 0x00000000c2900000|100%|HC|  |TAMS 0x00000000c2800000, 0x00000000c2800000| Untracked 
|  41|0x00000000c2900000, 0x00000000c2a00000, 0x00000000c2a00000|100%|HS|  |TAMS 0x00000000c2900000, 0x00000000c2900000| Untracked 
|  42|0x00000000c2a00000, 0x00000000c2b00000, 0x00000000c2b00000|100%|HC|  |TAMS 0x00000000c2a00000, 0x00000000c2a00000| Untracked 
|  43|0x00000000c2b00000, 0x00000000c2c00000, 0x00000000c2c00000|100%| O|  |TAMS 0x00000000c2b00000, 0x00000000c2b00000| Untracked 
|  44|0x00000000c2c00000, 0x00000000c2cffff8, 0x00000000c2d00000| 99%| O|  |TAMS 0x00000000c2c00000, 0x00000000c2c00000| Untracked 
|  45|0x00000000c2d00000, 0x00000000c2e00000, 0x00000000c2e00000|100%| O|  |TAMS 0x00000000c2d00000, 0x00000000c2d00000| Untracked 
|  46|0x00000000c2e00000, 0x00000000c2effff8, 0x00000000c2f00000| 99%| O|  |TAMS 0x00000000c2e00000, 0x00000000c2e00000| Untracked 
|  47|0x00000000c2f00000, 0x00000000c2fffff8, 0x00000000c3000000| 99%| O|  |TAMS 0x00000000c2f00000, 0x00000000c2f00000| Untracked 
|  48|0x00000000c3000000, 0x00000000c3100000, 0x00000000c3100000|100%| O|  |TAMS 0x00000000c3000000, 0x00000000c3000000| Untracked 
|  49|0x00000000c3100000, 0x00000000c31ffff8, 0x00000000c3200000| 99%| O|  |TAMS 0x00000000c3100000, 0x00000000c3100000| Untracked 
|  50|0x00000000c3200000, 0x00000000c32ffff0, 0x00000000c3300000| 99%| O|  |TAMS 0x00000000c3200000, 0x00000000c3200000| Untracked 
|  51|0x00000000c3300000, 0x00000000c33ffff8, 0x00000000c3400000| 99%| O|  |TAMS 0x00000000c3300000, 0x00000000c3300000| Untracked 
|  52|0x00000000c3400000, 0x00000000c34ffff8, 0x00000000c3500000| 99%| O|  |TAMS 0x00000000c3400000, 0x00000000c3400000| Untracked 
|  53|0x00000000c3500000, 0x00000000c35ffff8, 0x00000000c3600000| 99%| O|  |TAMS 0x00000000c3500000, 0x00000000c3500000| Untracked 
|  54|0x00000000c3600000, 0x00000000c3700000, 0x00000000c3700000|100%| O|  |TAMS 0x00000000c3600000, 0x00000000c3600000| Untracked 
|  55|0x00000000c3700000, 0x00000000c3800000, 0x00000000c3800000|100%|HS|  |TAMS 0x00000000c3700000, 0x00000000c3700000| Untracked 
|  56|0x00000000c3800000, 0x00000000c3900000, 0x00000000c3900000|100%| O|  |TAMS 0x00000000c3800000, 0x00000000c3800000| Untracked 
|  57|0x00000000c3900000, 0x00000000c3a00000, 0x00000000c3a00000|100%| O|  |TAMS 0x00000000c3900000, 0x00000000c3900000| Untracked 
|  58|0x00000000c3a00000, 0x00000000c3b00000, 0x00000000c3b00000|100%| O|  |TAMS 0x00000000c3a00000, 0x00000000c3a00000| Untracked 
|  59|0x00000000c3b00000, 0x00000000c3c00000, 0x00000000c3c00000|100%| O|  |TAMS 0x00000000c3b00000, 0x00000000c3b00000| Untracked 
|  60|0x00000000c3c00000, 0x00000000c3d00000, 0x00000000c3d00000|100%| O|  |TAMS 0x00000000c3c00000, 0x00000000c3c00000| Untracked 
|  61|0x00000000c3d00000, 0x00000000c3e00000, 0x00000000c3e00000|100%| O|  |TAMS 0x00000000c3d00000, 0x00000000c3d00000| Untracked 
|  62|0x00000000c3e00000, 0x00000000c3f00000, 0x00000000c3f00000|100%| O|  |TAMS 0x00000000c3e00000, 0x00000000c3e00000| Untracked 
|  63|0x00000000c3f00000, 0x00000000c3fffff8, 0x00000000c4000000| 99%| O|  |TAMS 0x00000000c3f00000, 0x00000000c3f00000| Untracked 
|  64|0x00000000c4000000, 0x00000000c4100000, 0x00000000c4100000|100%| O|  |TAMS 0x00000000c4000000, 0x00000000c4000000| Untracked 
|  65|0x00000000c4100000, 0x00000000c4200000, 0x00000000c4200000|100%| O|  |TAMS 0x00000000c4100000, 0x00000000c4100000| Untracked 
|  66|0x00000000c4200000, 0x00000000c42ffff0, 0x00000000c4300000| 99%| O|  |TAMS 0x00000000c4200000, 0x00000000c4200000| Untracked 
|  67|0x00000000c4300000, 0x00000000c4400000, 0x00000000c4400000|100%| O|  |TAMS 0x00000000c4300000, 0x00000000c4300000| Untracked 
|  68|0x00000000c4400000, 0x00000000c44ffff0, 0x00000000c4500000| 99%| O|  |TAMS 0x00000000c4400000, 0x00000000c4400000| Untracked 
|  69|0x00000000c4500000, 0x00000000c45ffff0, 0x00000000c4600000| 99%| O|  |TAMS 0x00000000c4500000, 0x00000000c4500000| Untracked 
|  70|0x00000000c4600000, 0x00000000c46ffff8, 0x00000000c4700000| 99%| O|  |TAMS 0x00000000c4600000, 0x00000000c4600000| Untracked 
|  71|0x00000000c4700000, 0x00000000c47ffff8, 0x00000000c4800000| 99%| O|  |TAMS 0x00000000c4700000, 0x00000000c4700000| Untracked 
|  72|0x00000000c4800000, 0x00000000c48fffe8, 0x00000000c4900000| 99%| O|  |TAMS 0x00000000c4800000, 0x00000000c4800000| Untracked 
|  73|0x00000000c4900000, 0x00000000c49ffff8, 0x00000000c4a00000| 99%| O|  |TAMS 0x00000000c4900000, 0x00000000c4900000| Untracked 
|  74|0x00000000c4a00000, 0x00000000c4affcf0, 0x00000000c4b00000| 99%| O|  |TAMS 0x00000000c4a00000, 0x00000000c4a00000| Untracked 
|  75|0x00000000c4b00000, 0x00000000c4bfffd8, 0x00000000c4c00000| 99%| O|  |TAMS 0x00000000c4b00000, 0x00000000c4b00000| Untracked 
|  76|0x00000000c4c00000, 0x00000000c4ceb770, 0x00000000c4d00000| 91%| O|  |TAMS 0x00000000c4c00000, 0x00000000c4c00000| Untracked 
|  77|0x00000000c4d00000, 0x00000000c4d00038, 0x00000000c4e00000|  0%| O|  |TAMS 0x00000000c4d00000, 0x00000000c4d00000| Untracked 
|  78|0x00000000c4e00000, 0x00000000c4e00000, 0x00000000c4f00000|  0%| F|  |TAMS 0x00000000c4e00000, 0x00000000c4e00000| Untracked 
|  79|0x00000000c4f00000, 0x00000000c4f00000, 0x00000000c5000000|  0%| F|  |TAMS 0x00000000c4f00000, 0x00000000c4f00000| Untracked 
|  80|0x00000000c5000000, 0x00000000c5000000, 0x00000000c5100000|  0%| F|  |TAMS 0x00000000c5000000, 0x00000000c5000000| Untracked 
|  81|0x00000000c5100000, 0x00000000c5100000, 0x00000000c5200000|  0%| F|  |TAMS 0x00000000c5100000, 0x00000000c5100000| Untracked 
|  82|0x00000000c5200000, 0x00000000c5200000, 0x00000000c5300000|  0%| F|  |TAMS 0x00000000c5200000, 0x00000000c5200000| Untracked 
|  83|0x00000000c5300000, 0x00000000c5300000, 0x00000000c5400000|  0%| F|  |TAMS 0x00000000c5300000, 0x00000000c5300000| Untracked 
|  84|0x00000000c5400000, 0x00000000c5400000, 0x00000000c5500000|  0%| F|  |TAMS 0x00000000c5400000, 0x00000000c5400000| Untracked 
|  85|0x00000000c5500000, 0x00000000c5500000, 0x00000000c5600000|  0%| F|  |TAMS 0x00000000c5500000, 0x00000000c5500000| Untracked 
|  86|0x00000000c5600000, 0x00000000c5600000, 0x00000000c5700000|  0%| F|  |TAMS 0x00000000c5600000, 0x00000000c5600000| Untracked 
|  87|0x00000000c5700000, 0x00000000c5700000, 0x00000000c5800000|  0%| F|  |TAMS 0x00000000c5700000, 0x00000000c5700000| Untracked 
|  88|0x00000000c5800000, 0x00000000c5800000, 0x00000000c5900000|  0%| F|  |TAMS 0x00000000c5800000, 0x00000000c5800000| Untracked 
|  89|0x00000000c5900000, 0x00000000c5900000, 0x00000000c5a00000|  0%| F|  |TAMS 0x00000000c5900000, 0x00000000c5900000| Untracked 
|  90|0x00000000c5a00000, 0x00000000c5a00000, 0x00000000c5b00000|  0%| F|  |TAMS 0x00000000c5a00000, 0x00000000c5a00000| Untracked 
|  91|0x00000000c5b00000, 0x00000000c5b00000, 0x00000000c5c00000|  0%| F|  |TAMS 0x00000000c5b00000, 0x00000000c5b00000| Untracked 
|  92|0x00000000c5c00000, 0x00000000c5c00000, 0x00000000c5d00000|  0%| F|  |TAMS 0x00000000c5c00000, 0x00000000c5c00000| Untracked 
|  93|0x00000000c5d00000, 0x00000000c5d00000, 0x00000000c5e00000|  0%| F|  |TAMS 0x00000000c5d00000, 0x00000000c5d00000| Untracked 
|  94|0x00000000c5e00000, 0x00000000c5e00000, 0x00000000c5f00000|  0%| F|  |TAMS 0x00000000c5e00000, 0x00000000c5e00000| Untracked 
|  95|0x00000000c5f00000, 0x00000000c5f00000, 0x00000000c6000000|  0%| F|  |TAMS 0x00000000c5f00000, 0x00000000c5f00000| Untracked 
|  96|0x00000000c6000000, 0x00000000c6000000, 0x00000000c6100000|  0%| F|  |TAMS 0x00000000c6000000, 0x00000000c6000000| Untracked 
|  97|0x00000000c6100000, 0x00000000c6100000, 0x00000000c6200000|  0%| F|  |TAMS 0x00000000c6100000, 0x00000000c6100000| Untracked 
|  98|0x00000000c6200000, 0x00000000c6200000, 0x00000000c6300000|  0%| F|  |TAMS 0x00000000c6200000, 0x00000000c6200000| Untracked 
|  99|0x00000000c6300000, 0x00000000c6300000, 0x00000000c6400000|  0%| F|  |TAMS 0x00000000c6300000, 0x00000000c6300000| Untracked 
| 100|0x00000000c6400000, 0x00000000c6400000, 0x00000000c6500000|  0%| F|  |TAMS 0x00000000c6400000, 0x00000000c6400000| Untracked 
| 101|0x00000000c6500000, 0x00000000c6500000, 0x00000000c6600000|  0%| F|  |TAMS 0x00000000c6500000, 0x00000000c6500000| Untracked 
| 102|0x00000000c6600000, 0x00000000c6600000, 0x00000000c6700000|  0%| F|  |TAMS 0x00000000c6600000, 0x00000000c6600000| Untracked 
| 103|0x00000000c6700000, 0x00000000c6700000, 0x00000000c6800000|  0%| F|  |TAMS 0x00000000c6700000, 0x00000000c6700000| Untracked 
| 104|0x00000000c6800000, 0x00000000c6800000, 0x00000000c6900000|  0%| F|  |TAMS 0x00000000c6800000, 0x00000000c6800000| Untracked 
| 105|0x00000000c6900000, 0x00000000c6900000, 0x00000000c6a00000|  0%| F|  |TAMS 0x00000000c6900000, 0x00000000c6900000| Untracked 
| 106|0x00000000c6a00000, 0x00000000c6a00000, 0x00000000c6b00000|  0%| F|  |TAMS 0x00000000c6a00000, 0x00000000c6a00000| Untracked 
| 107|0x00000000c6b00000, 0x00000000c6b00000, 0x00000000c6c00000|  0%| F|  |TAMS 0x00000000c6b00000, 0x00000000c6b00000| Untracked 
| 108|0x00000000c6c00000, 0x00000000c6c00000, 0x00000000c6d00000|  0%| F|  |TAMS 0x00000000c6c00000, 0x00000000c6c00000| Untracked 
| 109|0x00000000c6d00000, 0x00000000c6d00000, 0x00000000c6e00000|  0%| F|  |TAMS 0x00000000c6d00000, 0x00000000c6d00000| Untracked 
| 110|0x00000000c6e00000, 0x00000000c6e00000, 0x00000000c6f00000|  0%| F|  |TAMS 0x00000000c6e00000, 0x00000000c6e00000| Untracked 
| 111|0x00000000c6f00000, 0x00000000c6f00000, 0x00000000c7000000|  0%| F|  |TAMS 0x00000000c6f00000, 0x00000000c6f00000| Untracked 
| 112|0x00000000c7000000, 0x00000000c7000000, 0x00000000c7100000|  0%| F|  |TAMS 0x00000000c7000000, 0x00000000c7000000| Untracked 
| 113|0x00000000c7100000, 0x00000000c7100000, 0x00000000c7200000|  0%| F|  |TAMS 0x00000000c7100000, 0x00000000c7100000| Untracked 
| 114|0x00000000c7200000, 0x00000000c7200000, 0x00000000c7300000|  0%| F|  |TAMS 0x00000000c7200000, 0x00000000c7200000| Untracked 
| 115|0x00000000c7300000, 0x00000000c7300000, 0x00000000c7400000|  0%| F|  |TAMS 0x00000000c7300000, 0x00000000c7300000| Untracked 
| 116|0x00000000c7400000, 0x00000000c7400000, 0x00000000c7500000|  0%| F|  |TAMS 0x00000000c7400000, 0x00000000c7400000| Untracked 
| 117|0x00000000c7500000, 0x00000000c7500000, 0x00000000c7600000|  0%| F|  |TAMS 0x00000000c7500000, 0x00000000c7500000| Untracked 
| 118|0x00000000c7600000, 0x00000000c7600000, 0x00000000c7700000|  0%| F|  |TAMS 0x00000000c7600000, 0x00000000c7600000| Untracked 
| 119|0x00000000c7700000, 0x00000000c7700000, 0x00000000c7800000|  0%| F|  |TAMS 0x00000000c7700000, 0x00000000c7700000| Untracked 
| 120|0x00000000c7800000, 0x00000000c7800000, 0x00000000c7900000|  0%| F|  |TAMS 0x00000000c7800000, 0x00000000c7800000| Untracked 
| 121|0x00000000c7900000, 0x00000000c7900000, 0x00000000c7a00000|  0%| F|  |TAMS 0x00000000c7900000, 0x00000000c7900000| Untracked 
| 122|0x00000000c7a00000, 0x00000000c7a00000, 0x00000000c7b00000|  0%| F|  |TAMS 0x00000000c7a00000, 0x00000000c7a00000| Untracked 
| 123|0x00000000c7b00000, 0x00000000c7b00000, 0x00000000c7c00000|  0%| F|  |TAMS 0x00000000c7b00000, 0x00000000c7b00000| Untracked 
| 124|0x00000000c7c00000, 0x00000000c7c00000, 0x00000000c7d00000|  0%| F|  |TAMS 0x00000000c7c00000, 0x00000000c7c00000| Untracked 
| 125|0x00000000c7d00000, 0x00000000c7d00000, 0x00000000c7e00000|  0%| F|  |TAMS 0x00000000c7d00000, 0x00000000c7d00000| Untracked 
| 126|0x00000000c7e00000, 0x00000000c7e00000, 0x00000000c7f00000|  0%| F|  |TAMS 0x00000000c7e00000, 0x00000000c7e00000| Untracked 
| 127|0x00000000c7f00000, 0x00000000c7f00000, 0x00000000c8000000|  0%| F|  |TAMS 0x00000000c7f00000, 0x00000000c7f00000| Untracked 
| 128|0x00000000c8000000, 0x00000000c8000000, 0x00000000c8100000|  0%| F|  |TAMS 0x00000000c8000000, 0x00000000c8000000| Untracked 
| 129|0x00000000c8100000, 0x00000000c8100000, 0x00000000c8200000|  0%| F|  |TAMS 0x00000000c8100000, 0x00000000c8100000| Untracked 
| 130|0x00000000c8200000, 0x00000000c8200000, 0x00000000c8300000|  0%| F|  |TAMS 0x00000000c8200000, 0x00000000c8200000| Untracked 
| 131|0x00000000c8300000, 0x00000000c8300000, 0x00000000c8400000|  0%| F|  |TAMS 0x00000000c8300000, 0x00000000c8300000| Untracked 
| 132|0x00000000c8400000, 0x00000000c8400000, 0x00000000c8500000|  0%| F|  |TAMS 0x00000000c8400000, 0x00000000c8400000| Untracked 
| 133|0x00000000c8500000, 0x00000000c8500000, 0x00000000c8600000|  0%| F|  |TAMS 0x00000000c8500000, 0x00000000c8500000| Untracked 
| 134|0x00000000c8600000, 0x00000000c8600000, 0x00000000c8700000|  0%| F|  |TAMS 0x00000000c8600000, 0x00000000c8600000| Untracked 
| 135|0x00000000c8700000, 0x00000000c8700000, 0x00000000c8800000|  0%| F|  |TAMS 0x00000000c8700000, 0x00000000c8700000| Untracked 
| 136|0x00000000c8800000, 0x00000000c8800000, 0x00000000c8900000|  0%| F|  |TAMS 0x00000000c8800000, 0x00000000c8800000| Untracked 
| 137|0x00000000c8900000, 0x00000000c8900000, 0x00000000c8a00000|  0%| F|  |TAMS 0x00000000c8900000, 0x00000000c8900000| Untracked 
| 138|0x00000000c8a00000, 0x00000000c8a00000, 0x00000000c8b00000|  0%| F|  |TAMS 0x00000000c8a00000, 0x00000000c8a00000| Untracked 
| 139|0x00000000c8b00000, 0x00000000c8b00000, 0x00000000c8c00000|  0%| F|  |TAMS 0x00000000c8b00000, 0x00000000c8b00000| Untracked 
| 140|0x00000000c8c00000, 0x00000000c8c00000, 0x00000000c8d00000|  0%| F|  |TAMS 0x00000000c8c00000, 0x00000000c8c00000| Untracked 
| 141|0x00000000c8d00000, 0x00000000c8d00000, 0x00000000c8e00000|  0%| F|  |TAMS 0x00000000c8d00000, 0x00000000c8d00000| Untracked 
| 142|0x00000000c8e00000, 0x00000000c8e00000, 0x00000000c8f00000|  0%| F|  |TAMS 0x00000000c8e00000, 0x00000000c8e00000| Untracked 
| 143|0x00000000c8f00000, 0x00000000c8f00000, 0x00000000c9000000|  0%| F|  |TAMS 0x00000000c8f00000, 0x00000000c8f00000| Untracked 
| 144|0x00000000c9000000, 0x00000000c9000000, 0x00000000c9100000|  0%| F|  |TAMS 0x00000000c9000000, 0x00000000c9000000| Untracked 
| 145|0x00000000c9100000, 0x00000000c9100000, 0x00000000c9200000|  0%| F|  |TAMS 0x00000000c9100000, 0x00000000c9100000| Untracked 
| 146|0x00000000c9200000, 0x00000000c9200000, 0x00000000c9300000|  0%| F|  |TAMS 0x00000000c9200000, 0x00000000c9200000| Untracked 
| 147|0x00000000c9300000, 0x00000000c9300000, 0x00000000c9400000|  0%| F|  |TAMS 0x00000000c9300000, 0x00000000c9300000| Untracked 
| 148|0x00000000c9400000, 0x00000000c9400000, 0x00000000c9500000|  0%| F|  |TAMS 0x00000000c9400000, 0x00000000c9400000| Untracked 
| 149|0x00000000c9500000, 0x00000000c9500000, 0x00000000c9600000|  0%| F|  |TAMS 0x00000000c9500000, 0x00000000c9500000| Untracked 
| 150|0x00000000c9600000, 0x00000000c9600000, 0x00000000c9700000|  0%| F|  |TAMS 0x00000000c9600000, 0x00000000c9600000| Untracked 
| 151|0x00000000c9700000, 0x00000000c9700000, 0x00000000c9800000|  0%| F|  |TAMS 0x00000000c9700000, 0x00000000c9700000| Untracked 
| 152|0x00000000c9800000, 0x00000000c9800000, 0x00000000c9900000|  0%| F|  |TAMS 0x00000000c9800000, 0x00000000c9800000| Untracked 
| 153|0x00000000c9900000, 0x00000000c9900000, 0x00000000c9a00000|  0%| F|  |TAMS 0x00000000c9900000, 0x00000000c9900000| Untracked 
| 154|0x00000000c9a00000, 0x00000000c9a00000, 0x00000000c9b00000|  0%| F|  |TAMS 0x00000000c9a00000, 0x00000000c9a00000| Untracked 
| 155|0x00000000c9b00000, 0x00000000c9b00000, 0x00000000c9c00000|  0%| F|  |TAMS 0x00000000c9b00000, 0x00000000c9b00000| Untracked 
| 156|0x00000000c9c00000, 0x00000000c9c00000, 0x00000000c9d00000|  0%| F|  |TAMS 0x00000000c9c00000, 0x00000000c9c00000| Untracked 
| 157|0x00000000c9d00000, 0x00000000c9d00000, 0x00000000c9e00000|  0%| F|  |TAMS 0x00000000c9d00000, 0x00000000c9d00000| Untracked 
| 158|0x00000000c9e00000, 0x00000000c9e00000, 0x00000000c9f00000|  0%| F|  |TAMS 0x00000000c9e00000, 0x00000000c9e00000| Untracked 
| 159|0x00000000c9f00000, 0x00000000c9f00000, 0x00000000ca000000|  0%| F|  |TAMS 0x00000000c9f00000, 0x00000000c9f00000| Untracked 
| 160|0x00000000ca000000, 0x00000000ca000000, 0x00000000ca100000|  0%| F|  |TAMS 0x00000000ca000000, 0x00000000ca000000| Untracked 
| 161|0x00000000ca100000, 0x00000000ca100000, 0x00000000ca200000|  0%| F|  |TAMS 0x00000000ca100000, 0x00000000ca100000| Untracked 
| 162|0x00000000ca200000, 0x00000000ca200000, 0x00000000ca300000|  0%| F|  |TAMS 0x00000000ca200000, 0x00000000ca200000| Untracked 
| 163|0x00000000ca300000, 0x00000000ca300000, 0x00000000ca400000|  0%| F|  |TAMS 0x00000000ca300000, 0x00000000ca300000| Untracked 
| 164|0x00000000ca400000, 0x00000000ca400000, 0x00000000ca500000|  0%| F|  |TAMS 0x00000000ca400000, 0x00000000ca400000| Untracked 
| 165|0x00000000ca500000, 0x00000000ca500000, 0x00000000ca600000|  0%| F|  |TAMS 0x00000000ca500000, 0x00000000ca500000| Untracked 
| 166|0x00000000ca600000, 0x00000000ca600000, 0x00000000ca700000|  0%| F|  |TAMS 0x00000000ca600000, 0x00000000ca600000| Untracked 
| 167|0x00000000ca700000, 0x00000000ca700000, 0x00000000ca800000|  0%| F|  |TAMS 0x00000000ca700000, 0x00000000ca700000| Untracked 
| 168|0x00000000ca800000, 0x00000000ca800000, 0x00000000ca900000|  0%| F|  |TAMS 0x00000000ca800000, 0x00000000ca800000| Untracked 
| 169|0x00000000ca900000, 0x00000000ca900000, 0x00000000caa00000|  0%| F|  |TAMS 0x00000000ca900000, 0x00000000ca900000| Untracked 
| 170|0x00000000caa00000, 0x00000000caa00000, 0x00000000cab00000|  0%| F|  |TAMS 0x00000000caa00000, 0x00000000caa00000| Untracked 
| 171|0x00000000cab00000, 0x00000000cab00000, 0x00000000cac00000|  0%| F|  |TAMS 0x00000000cab00000, 0x00000000cab00000| Untracked 
| 172|0x00000000cac00000, 0x00000000cac00000, 0x00000000cad00000|  0%| F|  |TAMS 0x00000000cac00000, 0x00000000cac00000| Untracked 
| 173|0x00000000cad00000, 0x00000000cad00000, 0x00000000cae00000|  0%| F|  |TAMS 0x00000000cad00000, 0x00000000cad00000| Untracked 
| 174|0x00000000cae00000, 0x00000000cae00000, 0x00000000caf00000|  0%| F|  |TAMS 0x00000000cae00000, 0x00000000cae00000| Untracked 
| 175|0x00000000caf00000, 0x00000000caf00000, 0x00000000cb000000|  0%| F|  |TAMS 0x00000000caf00000, 0x00000000caf00000| Untracked 
| 176|0x00000000cb000000, 0x00000000cb000000, 0x00000000cb100000|  0%| F|  |TAMS 0x00000000cb000000, 0x00000000cb000000| Untracked 
| 177|0x00000000cb100000, 0x00000000cb100000, 0x00000000cb200000|  0%| F|  |TAMS 0x00000000cb100000, 0x00000000cb100000| Untracked 
| 178|0x00000000cb200000, 0x00000000cb200000, 0x00000000cb300000|  0%| F|  |TAMS 0x00000000cb200000, 0x00000000cb200000| Untracked 
| 179|0x00000000cb300000, 0x00000000cb300000, 0x00000000cb400000|  0%| F|  |TAMS 0x00000000cb300000, 0x00000000cb300000| Untracked 
| 180|0x00000000cb400000, 0x00000000cb400000, 0x00000000cb500000|  0%| F|  |TAMS 0x00000000cb400000, 0x00000000cb400000| Untracked 
| 181|0x00000000cb500000, 0x00000000cb500000, 0x00000000cb600000|  0%| F|  |TAMS 0x00000000cb500000, 0x00000000cb500000| Untracked 
| 182|0x00000000cb600000, 0x00000000cb600000, 0x00000000cb700000|  0%| F|  |TAMS 0x00000000cb600000, 0x00000000cb600000| Untracked 
| 183|0x00000000cb700000, 0x00000000cb700000, 0x00000000cb800000|  0%| F|  |TAMS 0x00000000cb700000, 0x00000000cb700000| Untracked 
| 184|0x00000000cb800000, 0x00000000cb800000, 0x00000000cb900000|  0%| F|  |TAMS 0x00000000cb800000, 0x00000000cb800000| Untracked 
| 185|0x00000000cb900000, 0x00000000cb900000, 0x00000000cba00000|  0%| F|  |TAMS 0x00000000cb900000, 0x00000000cb900000| Untracked 
| 186|0x00000000cba00000, 0x00000000cba00000, 0x00000000cbb00000|  0%| F|  |TAMS 0x00000000cba00000, 0x00000000cba00000| Untracked 
| 187|0x00000000cbb00000, 0x00000000cbb00000, 0x00000000cbc00000|  0%| F|  |TAMS 0x00000000cbb00000, 0x00000000cbb00000| Untracked 
| 188|0x00000000cbc00000, 0x00000000cbc00000, 0x00000000cbd00000|  0%| F|  |TAMS 0x00000000cbc00000, 0x00000000cbc00000| Untracked 
| 189|0x00000000cbd00000, 0x00000000cbd00000, 0x00000000cbe00000|  0%| F|  |TAMS 0x00000000cbd00000, 0x00000000cbd00000| Untracked 
| 190|0x00000000cbe00000, 0x00000000cbe00000, 0x00000000cbf00000|  0%| F|  |TAMS 0x00000000cbe00000, 0x00000000cbe00000| Untracked 
| 191|0x00000000cbf00000, 0x00000000cbf00000, 0x00000000cc000000|  0%| F|  |TAMS 0x00000000cbf00000, 0x00000000cbf00000| Untracked 
| 192|0x00000000cc000000, 0x00000000cc000000, 0x00000000cc100000|  0%| F|  |TAMS 0x00000000cc000000, 0x00000000cc000000| Untracked 
| 193|0x00000000cc100000, 0x00000000cc100000, 0x00000000cc200000|  0%| F|  |TAMS 0x00000000cc100000, 0x00000000cc100000| Untracked 
| 194|0x00000000cc200000, 0x00000000cc200000, 0x00000000cc300000|  0%| F|  |TAMS 0x00000000cc200000, 0x00000000cc200000| Untracked 
| 195|0x00000000cc300000, 0x00000000cc300000, 0x00000000cc400000|  0%| F|  |TAMS 0x00000000cc300000, 0x00000000cc300000| Untracked 
| 196|0x00000000cc400000, 0x00000000cc400000, 0x00000000cc500000|  0%| F|  |TAMS 0x00000000cc400000, 0x00000000cc400000| Untracked 
| 197|0x00000000cc500000, 0x00000000cc500000, 0x00000000cc600000|  0%| F|  |TAMS 0x00000000cc500000, 0x00000000cc500000| Untracked 
| 198|0x00000000cc600000, 0x00000000cc600000, 0x00000000cc700000|  0%| F|  |TAMS 0x00000000cc600000, 0x00000000cc600000| Untracked 
| 199|0x00000000cc700000, 0x00000000cc700000, 0x00000000cc800000|  0%| F|  |TAMS 0x00000000cc700000, 0x00000000cc700000| Untracked 
| 200|0x00000000cc800000, 0x00000000cc800000, 0x00000000cc900000|  0%| F|  |TAMS 0x00000000cc800000, 0x00000000cc800000| Untracked 
| 201|0x00000000cc900000, 0x00000000cc900000, 0x00000000cca00000|  0%| F|  |TAMS 0x00000000cc900000, 0x00000000cc900000| Untracked 
| 202|0x00000000cca00000, 0x00000000cca00000, 0x00000000ccb00000|  0%| F|  |TAMS 0x00000000cca00000, 0x00000000cca00000| Untracked 
| 203|0x00000000ccb00000, 0x00000000ccb00000, 0x00000000ccc00000|  0%| F|  |TAMS 0x00000000ccb00000, 0x00000000ccb00000| Untracked 
| 204|0x00000000ccc00000, 0x00000000ccc00000, 0x00000000ccd00000|  0%| F|  |TAMS 0x00000000ccc00000, 0x00000000ccc00000| Untracked 
| 205|0x00000000ccd00000, 0x00000000ccd00000, 0x00000000cce00000|  0%| F|  |TAMS 0x00000000ccd00000, 0x00000000ccd00000| Untracked 
| 206|0x00000000cce00000, 0x00000000cce00000, 0x00000000ccf00000|  0%| F|  |TAMS 0x00000000cce00000, 0x00000000cce00000| Untracked 
| 207|0x00000000ccf00000, 0x00000000ccf00000, 0x00000000cd000000|  0%| F|  |TAMS 0x00000000ccf00000, 0x00000000ccf00000| Untracked 
| 208|0x00000000cd000000, 0x00000000cd000000, 0x00000000cd100000|  0%| F|  |TAMS 0x00000000cd000000, 0x00000000cd000000| Untracked 
| 209|0x00000000cd100000, 0x00000000cd100000, 0x00000000cd200000|  0%| F|  |TAMS 0x00000000cd100000, 0x00000000cd100000| Untracked 
| 210|0x00000000cd200000, 0x00000000cd200000, 0x00000000cd300000|  0%| F|  |TAMS 0x00000000cd200000, 0x00000000cd200000| Untracked 
| 211|0x00000000cd300000, 0x00000000cd300000, 0x00000000cd400000|  0%| F|  |TAMS 0x00000000cd300000, 0x00000000cd300000| Untracked 
| 212|0x00000000cd400000, 0x00000000cd400000, 0x00000000cd500000|  0%| F|  |TAMS 0x00000000cd400000, 0x00000000cd400000| Untracked 
| 213|0x00000000cd500000, 0x00000000cd500000, 0x00000000cd600000|  0%| F|  |TAMS 0x00000000cd500000, 0x00000000cd500000| Untracked 
| 214|0x00000000cd600000, 0x00000000cd600000, 0x00000000cd700000|  0%| F|  |TAMS 0x00000000cd600000, 0x00000000cd600000| Untracked 
| 215|0x00000000cd700000, 0x00000000cd700000, 0x00000000cd800000|  0%| F|  |TAMS 0x00000000cd700000, 0x00000000cd700000| Untracked 
| 216|0x00000000cd800000, 0x00000000cd800000, 0x00000000cd900000|  0%| F|  |TAMS 0x00000000cd800000, 0x00000000cd800000| Untracked 
| 217|0x00000000cd900000, 0x00000000cd900000, 0x00000000cda00000|  0%| F|  |TAMS 0x00000000cd900000, 0x00000000cd900000| Untracked 
| 218|0x00000000cda00000, 0x00000000cda00000, 0x00000000cdb00000|  0%| F|  |TAMS 0x00000000cda00000, 0x00000000cda00000| Untracked 
| 219|0x00000000cdb00000, 0x00000000cdb00000, 0x00000000cdc00000|  0%| F|  |TAMS 0x00000000cdb00000, 0x00000000cdb00000| Untracked 
| 220|0x00000000cdc00000, 0x00000000cdc00000, 0x00000000cdd00000|  0%| F|  |TAMS 0x00000000cdc00000, 0x00000000cdc00000| Untracked 
| 221|0x00000000cdd00000, 0x00000000cdd00000, 0x00000000cde00000|  0%| F|  |TAMS 0x00000000cdd00000, 0x00000000cdd00000| Untracked 
| 222|0x00000000cde00000, 0x00000000cde00000, 0x00000000cdf00000|  0%| F|  |TAMS 0x00000000cde00000, 0x00000000cde00000| Untracked 
| 223|0x00000000cdf00000, 0x00000000cdf00000, 0x00000000ce000000|  0%| F|  |TAMS 0x00000000cdf00000, 0x00000000cdf00000| Untracked 
| 224|0x00000000ce000000, 0x00000000ce000000, 0x00000000ce100000|  0%| F|  |TAMS 0x00000000ce000000, 0x00000000ce000000| Untracked 
| 225|0x00000000ce100000, 0x00000000ce100000, 0x00000000ce200000|  0%| F|  |TAMS 0x00000000ce100000, 0x00000000ce100000| Untracked 
| 226|0x00000000ce200000, 0x00000000ce200000, 0x00000000ce300000|  0%| F|  |TAMS 0x00000000ce200000, 0x00000000ce200000| Untracked 
| 227|0x00000000ce300000, 0x00000000ce300000, 0x00000000ce400000|  0%| F|  |TAMS 0x00000000ce300000, 0x00000000ce300000| Untracked 
| 228|0x00000000ce400000, 0x00000000ce400000, 0x00000000ce500000|  0%| F|  |TAMS 0x00000000ce400000, 0x00000000ce400000| Untracked 
| 229|0x00000000ce500000, 0x00000000ce500000, 0x00000000ce600000|  0%| F|  |TAMS 0x00000000ce500000, 0x00000000ce500000| Untracked 
| 230|0x00000000ce600000, 0x00000000ce600000, 0x00000000ce700000|  0%| F|  |TAMS 0x00000000ce600000, 0x00000000ce600000| Untracked 
| 231|0x00000000ce700000, 0x00000000ce700000, 0x00000000ce800000|  0%| F|  |TAMS 0x00000000ce700000, 0x00000000ce700000| Untracked 
| 232|0x00000000ce800000, 0x00000000ce800000, 0x00000000ce900000|  0%| F|  |TAMS 0x00000000ce800000, 0x00000000ce800000| Untracked 
| 233|0x00000000ce900000, 0x00000000ce900000, 0x00000000cea00000|  0%| F|  |TAMS 0x00000000ce900000, 0x00000000ce900000| Untracked 
| 234|0x00000000cea00000, 0x00000000cea00000, 0x00000000ceb00000|  0%| F|  |TAMS 0x00000000cea00000, 0x00000000cea00000| Untracked 
| 235|0x00000000ceb00000, 0x00000000ceb00000, 0x00000000cec00000|  0%| F|  |TAMS 0x00000000ceb00000, 0x00000000ceb00000| Untracked 
| 236|0x00000000cec00000, 0x00000000cec00000, 0x00000000ced00000|  0%| F|  |TAMS 0x00000000cec00000, 0x00000000cec00000| Untracked 
| 237|0x00000000ced00000, 0x00000000ced00000, 0x00000000cee00000|  0%| F|  |TAMS 0x00000000ced00000, 0x00000000ced00000| Untracked 
| 238|0x00000000cee00000, 0x00000000cee00000, 0x00000000cef00000|  0%| F|  |TAMS 0x00000000cee00000, 0x00000000cee00000| Untracked 
| 239|0x00000000cef00000, 0x00000000cef00000, 0x00000000cf000000|  0%| F|  |TAMS 0x00000000cef00000, 0x00000000cef00000| Untracked 
| 240|0x00000000cf000000, 0x00000000cf000000, 0x00000000cf100000|  0%| F|  |TAMS 0x00000000cf000000, 0x00000000cf000000| Untracked 
| 241|0x00000000cf100000, 0x00000000cf100000, 0x00000000cf200000|  0%| F|  |TAMS 0x00000000cf100000, 0x00000000cf100000| Untracked 
| 242|0x00000000cf200000, 0x00000000cf200000, 0x00000000cf300000|  0%| F|  |TAMS 0x00000000cf200000, 0x00000000cf200000| Untracked 
| 243|0x00000000cf300000, 0x00000000cf300000, 0x00000000cf400000|  0%| F|  |TAMS 0x00000000cf300000, 0x00000000cf300000| Untracked 
| 244|0x00000000cf400000, 0x00000000cf400000, 0x00000000cf500000|  0%| F|  |TAMS 0x00000000cf400000, 0x00000000cf400000| Untracked 
| 245|0x00000000cf500000, 0x00000000cf500000, 0x00000000cf600000|  0%| F|  |TAMS 0x00000000cf500000, 0x00000000cf500000| Untracked 
| 246|0x00000000cf600000, 0x00000000cf600000, 0x00000000cf700000|  0%| F|  |TAMS 0x00000000cf600000, 0x00000000cf600000| Untracked 
| 247|0x00000000cf700000, 0x00000000cf700000, 0x00000000cf800000|  0%| F|  |TAMS 0x00000000cf700000, 0x00000000cf700000| Untracked 
| 248|0x00000000cf800000, 0x00000000cf800000, 0x00000000cf900000|  0%| F|  |TAMS 0x00000000cf800000, 0x00000000cf800000| Untracked 
| 249|0x00000000cf900000, 0x00000000cf900000, 0x00000000cfa00000|  0%| F|  |TAMS 0x00000000cf900000, 0x00000000cf900000| Untracked 
| 250|0x00000000cfa00000, 0x00000000cfa00000, 0x00000000cfb00000|  0%| F|  |TAMS 0x00000000cfa00000, 0x00000000cfa00000| Untracked 
| 251|0x00000000cfb00000, 0x00000000cfb00000, 0x00000000cfc00000|  0%| F|  |TAMS 0x00000000cfb00000, 0x00000000cfb00000| Untracked 
| 252|0x00000000cfc00000, 0x00000000cfc00000, 0x00000000cfd00000|  0%| F|  |TAMS 0x00000000cfc00000, 0x00000000cfc00000| Untracked 
| 253|0x00000000cfd00000, 0x00000000cfd00000, 0x00000000cfe00000|  0%| F|  |TAMS 0x00000000cfd00000, 0x00000000cfd00000| Untracked 
| 254|0x00000000cfe00000, 0x00000000cfe00000, 0x00000000cff00000|  0%| F|  |TAMS 0x00000000cfe00000, 0x00000000cfe00000| Untracked 
| 255|0x00000000cff00000, 0x00000000cff80800, 0x00000000d0000000| 50%| E|  |TAMS 0x00000000cff00000, 0x00000000cff00000| Complete 
| 256|0x00000000d0000000, 0x00000000d0100000, 0x00000000d0100000|100%| E|CS|TAMS 0x00000000d0000000, 0x00000000d0000000| Complete 

Card table byte_map: [0x000002a4e7780000,0x000002a4e7980000] _byte_map_base: 0x000002a4e7180000

Marking Bits (Prev, Next): (CMBitMap*) 0x000002a4cb2e9848, (CMBitMap*) 0x000002a4cb2e9888
 Prev Bits: [0x000002a4e7b80000, 0x000002a4e8b80000)
 Next Bits: [0x000002a4e8b80000, 0x000002a4e9b80000)

Polling page: 0x000002a4cee50000

Metaspace:

Usage:
  Non-class:     10.44 MB capacity,     9.02 MB ( 86%) used,     1.38 MB ( 13%) free+waste,    39.94 KB ( <1%) overhead. 
      Class:      1.95 MB capacity,     1.64 MB ( 84%) used,   300.19 KB ( 15%) free+waste,    20.81 KB (  1%) overhead. 
       Both:     12.39 MB capacity,    10.66 MB ( 86%) used,     1.67 MB ( 14%) free+waste,    60.75 KB ( <1%) overhead. 

Virtual space:
  Non-class space:       12.00 MB reserved,      10.50 MB ( 88%) committed 
      Class space:        1.00 GB reserved,       2.00 MB ( <1%) committed 
             Both:        1.01 GB reserved,      12.50 MB (  1%) committed 

Chunk freelists:
   Non-Class:  0 bytes
       Class:  0 bytes
        Both:  0 bytes

MaxMetaspaceSize: 17179869184.00 GB
CompressedClassSpaceSize: 1.00 GB

CodeHeap 'non-profiled nmethods': size=120000Kb used=2836Kb max_used=2998Kb free=117163Kb
 bounds [0x000002a4dfd20000, 0x000002a4e0020000, 0x000002a4e7250000]
CodeHeap 'profiled nmethods': size=120000Kb used=4404Kb max_used=6783Kb free=115595Kb
 bounds [0x000002a4d87f0000, 0x000002a4d8e90000, 0x000002a4dfd20000]
CodeHeap 'non-nmethods': size=5760Kb used=1169Kb max_used=1269Kb free=4590Kb
 bounds [0x000002a4d8250000, 0x000002a4d84c0000, 0x000002a4d87f0000]
 total_blobs=3240 nmethods=2823 adapters=328
 compilation: enabled
              stopped_count=0, restarted_count=0
 full_count=0

Compilation events (20 events):
Event: 20.243 Thread 0x000002a4cdd89800 nmethod 3808 0x000002a4d8c83390 code [0x000002a4d8c838c0, 0x000002a4d8c869a8]
Event: 20.298 Thread 0x000002a4cddab000 3809       4       org.openkoreantext.processor.util.KoreanSubstantive$::isName (251 bytes)
Event: 20.310 Thread 0x000002a4cddab000 nmethod 3809 0x000002a4dfde5510 code [0x000002a4dfde5be0, 0x000002a4dfde7578]
Event: 20.642 Thread 0x000002a4cdd89800 3810       3       java.util.TimSort::mergeHi (732 bytes)
Event: 20.643 Thread 0x000002a4cdd89800 nmethod 3810 0x000002a4d8a10790 code [0x000002a4d8a10b00, 0x000002a4d8a13198]
Event: 22.949 Thread 0x000002a4cddab000 3811       4       java.util.TimSort::minRunLength (43 bytes)
Event: 22.949 Thread 0x000002a4cddab000 nmethod 3811 0x000002a4dff3a390 code [0x000002a4dff3a500, 0x000002a4dff3a578]
Event: 23.524 Thread 0x000002a4cddab000 3812       4       java.util.TimSort::mergeAt (358 bytes)
Event: 23.526 Thread 0x000002a4cddab000 nmethod 3812 0x000002a4dfe48510 code [0x000002a4dfe48760, 0x000002a4dfe48c30]
Event: 23.619 Thread 0x000002a4cdd89800 3813       1       org.jpype.ref.JPypeReferenceQueue::access$100 (5 bytes)
Event: 23.619 Thread 0x000002a4cdd89800 nmethod 3813 0x000002a4dfd7ed10 code [0x000002a4dfd7eea0, 0x000002a4dfd7ef38]
Event: 23.779 Thread 0x000002a4cdd89800 3814       1       org.jpype.ref.JPypeReferenceQueue::access$200 (5 bytes)
Event: 23.779 Thread 0x000002a4cdd89800 nmethod 3814 0x000002a4dfde5210 code [0x000002a4dfde53a0, 0x000002a4dfde5438]
Event: 27.060 Thread 0x000002a4cddab000 3815       4       java.util.TimSort::mergeForceCollapse (50 bytes)
Event: 27.061 Thread 0x000002a4cddab000 nmethod 3815 0x000002a4dfde4d90 code [0x000002a4dfde4f20, 0x000002a4dfde5008]
Event: 31.452 Thread 0x000002a4cddab000 3816       4       org.openkoreantext.processor.tokenizer.KoreanChunker$$$Lambda$59/0x0000000800c8b040::apply (8 bytes)
Event: 31.453 Thread 0x000002a4cddab000 nmethod 3816 0x000002a4dfd9ac90 code [0x000002a4dfd9ae60, 0x000002a4dfd9b058]
Event: 31.686 Thread 0x000002a4cddab000 3817       4       java.util.TimSort::mergeHi (732 bytes)
Event: 31.704 Thread 0x000002a4cddab000 nmethod 3817 0x000002a4dfdba790 code [0x000002a4dfdbab00, 0x000002a4dfdbc8e8]
Event: 107.523 Thread 0x000002a4cdd89800 3819       3       java.util.HashMap$HashIterator::nextNode (100 bytes)

GC Heap History (20 events):
Event: 51.953 GC heap before
{Heap before GC invocations=250 (full 31):
 garbage-first heap   total 263168K, used 78764K [0x00000000c0000000, 0x0000000100000000)
  region size 1024K, 1 young (1024K), 0 survivors (0K)
 Metaspace       used 10911K, capacity 12692K, committed 12800K, reserved 1060864K
  class space    used 1677K, capacity 2000K, committed 2048K, reserved 1048576K
}
Event: 52.001 GC heap after
{Heap after GC invocations=251 (full 32):
 garbage-first heap   total 263168K, used 78764K [0x00000000c0000000, 0x0000000100000000)
  region size 1024K, 0 young (0K), 0 survivors (0K)
 Metaspace       used 10911K, capacity 12692K, committed 12800K, reserved 1060864K
  class space    used 1677K, capacity 2000K, committed 2048K, reserved 1048576K
}
Event: 52.070 GC heap before
{Heap before GC invocations=251 (full 32):
 garbage-first heap   total 263168K, used 78764K [0x00000000c0000000, 0x0000000100000000)
  region size 1024K, 1 young (1024K), 0 survivors (0K)
 Metaspace       used 10911K, capacity 12692K, committed 12800K, reserved 1060864K
  class space    used 1677K, capacity 2000K, committed 2048K, reserved 1048576K
}
Event: 52.115 GC heap after
{Heap after GC invocations=252 (full 33):
 garbage-first heap   total 263168K, used 78764K [0x00000000c0000000, 0x0000000100000000)
  region size 1024K, 0 young (0K), 0 survivors (0K)
 Metaspace       used 10911K, capacity 12692K, committed 12800K, reserved 1060864K
  class space    used 1677K, capacity 2000K, committed 2048K, reserved 1048576K
}
Event: 52.181 GC heap before
{Heap before GC invocations=252 (full 33):
 garbage-first heap   total 263168K, used 78764K [0x00000000c0000000, 0x0000000100000000)
  region size 1024K, 1 young (1024K), 0 survivors (0K)
 Metaspace       used 10911K, capacity 12692K, committed 12800K, reserved 1060864K
  class space    used 1677K, capacity 2000K, committed 2048K, reserved 1048576K
}
Event: 52.227 GC heap after
{Heap after GC invocations=253 (full 34):
 garbage-first heap   total 263168K, used 78764K [0x00000000c0000000, 0x0000000100000000)
  region size 1024K, 0 young (0K), 0 survivors (0K)
 Metaspace       used 10911K, capacity 12692K, committed 12800K, reserved 1060864K
  class space    used 1677K, capacity 2000K, committed 2048K, reserved 1048576K
}
Event: 52.292 GC heap before
{Heap before GC invocations=253 (full 34):
 garbage-first heap   total 263168K, used 78764K [0x00000000c0000000, 0x0000000100000000)
  region size 1024K, 1 young (1024K), 0 survivors (0K)
 Metaspace       used 10911K, capacity 12692K, committed 12800K, reserved 1060864K
  class space    used 1677K, capacity 2000K, committed 2048K, reserved 1048576K
}
Event: 52.342 GC heap after
{Heap after GC invocations=254 (full 35):
 garbage-first heap   total 263168K, used 78764K [0x00000000c0000000, 0x0000000100000000)
  region size 1024K, 0 young (0K), 0 survivors (0K)
 Metaspace       used 10911K, capacity 12692K, committed 12800K, reserved 1060864K
  class space    used 1677K, capacity 2000K, committed 2048K, reserved 1048576K
}
Event: 52.408 GC heap before
{Heap before GC invocations=254 (full 35):
 garbage-first heap   total 263168K, used 78764K [0x00000000c0000000, 0x0000000100000000)
  region size 1024K, 1 young (1024K), 0 survivors (0K)
 Metaspace       used 10911K, capacity 12692K, committed 12800K, reserved 1060864K
  class space    used 1677K, capacity 2000K, committed 2048K, reserved 1048576K
}
Event: 52.460 GC heap after
{Heap after GC invocations=255 (full 36):
 garbage-first heap   total 263168K, used 78764K [0x00000000c0000000, 0x0000000100000000)
  region size 1024K, 0 young (0K), 0 survivors (0K)
 Metaspace       used 10911K, capacity 12692K, committed 12800K, reserved 1060864K
  class space    used 1677K, capacity 2000K, committed 2048K, reserved 1048576K
}
Event: 52.522 GC heap before
{Heap before GC invocations=255 (full 36):
 garbage-first heap   total 263168K, used 78764K [0x00000000c0000000, 0x0000000100000000)
  region size 1024K, 1 young (1024K), 0 survivors (0K)
 Metaspace       used 10911K, capacity 12692K, committed 12800K, reserved 1060864K
  class space    used 1677K, capacity 2000K, committed 2048K, reserved 1048576K
}
Event: 52.572 GC heap after
{Heap after GC invocations=256 (full 37):
 garbage-first heap   total 263168K, used 78764K [0x00000000c0000000, 0x0000000100000000)
  region size 1024K, 0 young (0K), 0 survivors (0K)
 Metaspace       used 10911K, capacity 12692K, committed 12800K, reserved 1060864K
  class space    used 1677K, capacity 2000K, committed 2048K, reserved 1048576K
}
Event: 52.892 GC heap before
{Heap before GC invocations=256 (full 37):
 garbage-first heap   total 263168K, used 78764K [0x00000000c0000000, 0x0000000100000000)
  region size 1024K, 1 young (1024K), 0 survivors (0K)
 Metaspace       used 10911K, capacity 12692K, committed 12800K, reserved 1060864K
  class space    used 1677K, capacity 2000K, committed 2048K, reserved 1048576K
}
Event: 52.941 GC heap after
{Heap after GC invocations=257 (full 38):
 garbage-first heap   total 263168K, used 78764K [0x00000000c0000000, 0x0000000100000000)
  region size 1024K, 0 young (0K), 0 survivors (0K)
 Metaspace       used 10911K, capacity 12692K, committed 12800K, reserved 1060864K
  class space    used 1677K, capacity 2000K, committed 2048K, reserved 1048576K
}
Event: 53.052 GC heap before
{Heap before GC invocations=257 (full 38):
 garbage-first heap   total 263168K, used 78764K [0x00000000c0000000, 0x0000000100000000)
  region size 1024K, 1 young (1024K), 0 survivors (0K)
 Metaspace       used 10911K, capacity 12692K, committed 12800K, reserved 1060864K
  class space    used 1677K, capacity 2000K, committed 2048K, reserved 1048576K
}
Event: 53.090 GC heap after
{Heap after GC invocations=258 (full 39):
 garbage-first heap   total 263168K, used 78764K [0x00000000c0000000, 0x0000000100000000)
  region size 1024K, 0 young (0K), 0 survivors (0K)
 Metaspace       used 10911K, capacity 12692K, committed 12800K, reserved 1060864K
  class space    used 1677K, capacity 2000K, committed 2048K, reserved 1048576K
}
Event: 53.296 GC heap before
{Heap before GC invocations=258 (full 39):
 garbage-first heap   total 263168K, used 78764K [0x00000000c0000000, 0x0000000100000000)
  region size 1024K, 1 young (1024K), 0 survivors (0K)
 Metaspace       used 10911K, capacity 12692K, committed 12800K, reserved 1060864K
  class space    used 1677K, capacity 2000K, committed 2048K, reserved 1048576K
}
Event: 53.341 GC heap after
{Heap after GC invocations=259 (full 40):
 garbage-first heap   total 263168K, used 78764K [0x00000000c0000000, 0x0000000100000000)
  region size 1024K, 0 young (0K), 0 survivors (0K)
 Metaspace       used 10911K, capacity 12692K, committed 12800K, reserved 1060864K
  class space    used 1677K, capacity 2000K, committed 2048K, reserved 1048576K
}
Event: 53.472 GC heap before
{Heap before GC invocations=259 (full 40):
 garbage-first heap   total 263168K, used 78764K [0x00000000c0000000, 0x0000000100000000)
  region size 1024K, 1 young (1024K), 0 survivors (0K)
 Metaspace       used 10911K, capacity 12692K, committed 12800K, reserved 1060864K
  class space    used 1677K, capacity 2000K, committed 2048K, reserved 1048576K
}
Event: 53.510 GC heap after
{Heap after GC invocations=260 (full 41):
 garbage-first heap   total 263168K, used 78764K [0x00000000c0000000, 0x0000000100000000)
  region size 1024K, 0 young (0K), 0 survivors (0K)
 Metaspace       used 10911K, capacity 12692K, committed 12800K, reserved 1060864K
  class space    used 1677K, capacity 2000K, committed 2048K, reserved 1048576K
}

Deoptimization events (20 events):
Event: 11.819 Thread 0x000002a4b10b8000 Uncommon trap: trap_request=0xffffffc6 fr.pc=0x000002a4dff50cec relative=0x00000000000027ac
Event: 11.819 Thread 0x000002a4b10b8000 Uncommon trap: reason=bimorphic_or_optimized_type_check action=maybe_recompile pc=0x000002a4dff50cec method=scala.collection.SeqLike.sorted(Lscala/math/Ordering;)Ljava/lang/Object; @ 1 c2
Event: 11.819 Thread 0x000002a4b10b8000 DEOPT PACKING pc=0x000002a4dff50cec sp=0x000000b6fc3e6250
Event: 11.819 Thread 0x000002a4b10b8000 DEOPT UNPACKING pc=0x000002a4d829912f sp=0x000000b6fc3e6230 mode 2
Event: 19.949 Thread 0x000002a4b10b8000 Uncommon trap: trap_request=0xffffff45 fr.pc=0x000002a4dfe1b260 relative=0x0000000000001bc0
Event: 19.949 Thread 0x000002a4b10b8000 Uncommon trap: reason=unstable_if action=reinterpret pc=0x000002a4dfe1b260 method=java.util.TimSort.mergeHi(IIII)V @ 554 c2
Event: 19.949 Thread 0x000002a4b10b8000 DEOPT PACKING pc=0x000002a4dfe1b260 sp=0x000000b6fc3e6040
Event: 19.949 Thread 0x000002a4b10b8000 DEOPT UNPACKING pc=0x000002a4d829912f sp=0x000000b6fc3e6008 mode 2
Event: 20.240 Thread 0x000002a4b10b8000 Uncommon trap: trap_request=0xffffff45 fr.pc=0x000002a4dffbfef8 relative=0x0000000000000c78
Event: 20.240 Thread 0x000002a4b10b8000 Uncommon trap: reason=unstable_if action=reinterpret pc=0x000002a4dffbfef8 method=org.openkoreantext.processor.util.KoreanSubstantive$.isName(Ljava/lang/CharSequence;)Z @ 49 c2
Event: 20.240 Thread 0x000002a4b10b8000 DEOPT PACKING pc=0x000002a4dffbfef8 sp=0x000000b6fc3e6000
Event: 20.240 Thread 0x000002a4b10b8000 DEOPT UNPACKING pc=0x000002a4d829912f sp=0x000000b6fc3e5fc8 mode 2
Event: 36.332 Thread 0x000002a4b10b8000 Uncommon trap: trap_request=0xffffffc6 fr.pc=0x000002a4dff9f80c relative=0x000000000000084c
Event: 36.332 Thread 0x000002a4b10b8000 Uncommon trap: reason=bimorphic_or_optimized_type_check action=maybe_recompile pc=0x000002a4dff9f80c method=scala.collection.immutable.HashMap$HashTrieMap.get0(Ljava/lang/Object;II)Lscala/Option; @ 28 c2
Event: 36.332 Thread 0x000002a4b10b8000 DEOPT PACKING pc=0x000002a4dff9f80c sp=0x000000b6fc3e6490
Event: 36.332 Thread 0x000002a4b10b8000 DEOPT UNPACKING pc=0x000002a4d829912f sp=0x000000b6fc3e63f0 mode 2
Event: 107.522 Thread 0x000002a68d8b7800 Uncommon trap: trap_request=0xffffff45 fr.pc=0x000002a4dff89394 relative=0x00000000000003b4
Event: 107.522 Thread 0x000002a68d8b7800 Uncommon trap: reason=unstable_if action=reinterpret pc=0x000002a4dff89394 method=java.util.HashMap$HashIterator.nextNode()Ljava/util/HashMap$Node; @ 53 c2
Event: 107.522 Thread 0x000002a68d8b7800 DEOPT PACKING pc=0x000002a4dff89394 sp=0x000000b688f5f000
Event: 107.522 Thread 0x000002a68d8b7800 DEOPT UNPACKING pc=0x000002a4d829912f sp=0x000000b688f5efd0 mode 2

Classes unloaded (0 events):
No events

Classes redefined (0 events):
No events

Internal exceptions (20 events):
Event: 0.211 Thread 0x000002a4b10b8000 Exception <a 'java/lang/NoSuchMethodError'{0x00000000c0755e28}: 'void java.lang.invoke.DirectMethodHandle$Holder.invokeSpecial(java.lang.Object, java.lang.Object, java.lang.Object, java.lang.Object)'> (0x00000000c0755e28) 
thrown [./open/src/hotspot/share/interpreter/linkResolver.cpp, line 766]
Event: 0.541 Thread 0x000002a4b10b8000 Exception <a 'java/lang/NoSuchMethodError'{0x00000000c1000f48}: 'java.lang.Object java.lang.invoke.Invokers$Holder.invokeExact_MT(java.lang.Object, java.lang.Object, java.lang.Object, java.lang.Object, java.lang.Object, java.lang.Object)'> (0x00000000c1000f48) 
thrown [./open/src/hotspot/share/interpreter/linkResolver.cpp, line 766]
Event: 0.679 Thread 0x000002a4b10b8000 Exception <a 'java/lang/NoSuchMethodError'{0x00000000c14c8ed8}: 'java.lang.Object java.lang.invoke.DirectMethodHandle$Holder.invokeStaticInit(java.lang.Object, java.lang.Object, java.lang.Object)'> (0x00000000c14c8ed8) 
thrown [./open/src/hotspot/share/interpreter/linkResolver.cpp, line 766]
Event: 0.721 Thread 0x000002a4b10b8000 Exception <a 'java/lang/NoSuchMethodError'{0x00000000c153ccc8}: 'int java.lang.invoke.DirectMethodHandle$Holder.invokeSpecialIFC(java.lang.Object, java.lang.Object, int)'> (0x00000000c153ccc8) 
thrown [./open/src/hotspot/share/interpreter/linkResolver.cpp, line 766]
Event: 0.732 Thread 0x000002a4b10b8000 Exception <a 'java/lang/NoSuchMethodError'{0x00000000c15b4c58}: 'int java.lang.invoke.DirectMethodHandle$Holder.invokeStatic(java.lang.Object, java.lang.Object, int)'> (0x00000000c15b4c58) 
thrown [./open/src/hotspot/share/interpreter/linkResolver.cpp, line 766]
Event: 0.753 Thread 0x000002a4b10b8000 Exception <a 'java/lang/NoSuchMethodError'{0x00000000c14d3de8}: 'java.lang.Object java.lang.invoke.DirectMethodHandle$Holder.invokeStatic(java.lang.Object, java.lang.Object, int, java.lang.Object)'> (0x00000000c14d3de8) 
thrown [./open/src/hotspot/share/interpreter/linkResolver.cpp, line 766]
Event: 0.753 Thread 0x000002a4b10b8000 Exception <a 'java/lang/NoSuchMethodError'{0x00000000c14d9cf0}: 'java.lang.Object java.lang.invoke.Invokers$Holder.linkToTargetMethod(java.lang.Object, int, java.lang.Object, java.lang.Object)'> (0x00000000c14d9cf0) 
thrown [./open/src/hotspot/share/interpreter/linkResolver.cpp, line 766]
Event: 0.767 Thread 0x000002a4b10b8000 Exception <a 'java/lang/NoSuchMethodError'{0x00000000c138df38}: 'java.lang.Object java.lang.invoke.DirectMethodHandle$Holder.invokeStaticInit(java.lang.Object, java.lang.Object, java.lang.Object, java.lang.Object)'> (0x00000000c138df38) 
thrown [./open/src/hotspot/share/interpreter/linkResolver.cpp, line 766]
Event: 0.973 Thread 0x000002a4b10b8000 Exception <a 'java/lang/NoSuchMethodError'{0x00000000c32f1090}: 'java.lang.Object java.lang.invoke.Invokers$Holder.linkToTargetMethod(java.lang.Object, int, java.lang.Object)'> (0x00000000c32f1090) 
thrown [./open/src/hotspot/share/interpreter/linkResolver.cpp, line 766]
Event: 0.979 Thread 0x000002a4b10b8000 Exception <a 'java/lang/NoSuchMethodError'{0x00000000c3116490}: 'java.lang.Object java.lang.invoke.DirectMethodHandle$Holder.invokeStatic(java.lang.Object, int, java.lang.Object)'> (0x00000000c3116490) 
thrown [./open/src/hotspot/share/interpreter/linkResolver.cpp, line 766]
Event: 0.983 Thread 0x000002a4b10b8000 Exception <a 'java/lang/NoSuchMethodError'{0x00000000c312ced0}: 'java.lang.Object java.lang.invoke.DirectMethodHandle$Holder.invokeStatic(java.lang.Object, int, int, java.lang.Object)'> (0x00000000c312ced0) 
thrown [./open/src/hotspot/share/interpreter/linkResolver.cpp, line 766]
Event: 1.641 Thread 0x000002a4b10b8000 Exception <a 'java/lang/NoSuchMethodError'{0x00000000c43021f8}: 'java.lang.Object java.lang.invoke.DirectMethodHandle$Holder.invokeStatic(java.lang.Object, java.lang.Object, java.lang.Object, java.lang.Object, int, java.lang.Object)'> (0x00000000c43021f8) 
thrown [./open/src/hotspot/share/interpreter/linkResolver.cpp, line 766]
Event: 1.641 Thread 0x000002a4b10b8000 Exception <a 'java/lang/NoSuchMethodError'{0x00000000c4305798}: 'java.lang.Object java.lang.invoke.DirectMethodHandle$Holder.invokeSpecial(java.lang.Object, java.lang.Object, java.lang.Object, java.lang.Object, java.lang.Object, int, java.lang.Object)'> (0x00000000c4305798) 
thrown [./open/src/hotspot/share/interpreter/linkResolver.cpp, line 766]
Event: 1.641 Thread 0x000002a4b10b8000 Exception <a 'java/lang/NoSuchMethodError'{0x00000000c4308608}: 'java.lang.Object java.lang.invoke.Invokers$Holder.linkToTargetMethod(java.lang.Object, java.lang.Object, java.lang.Object, int, java.lang.Object, java.lang.Object)'> (0x00000000c4308608) 
thrown [./open/src/hotspot/share/interpreter/linkResolver.cpp, line 766]
Event: 1.654 Thread 0x000002a4b10b8000 Exception <a 'java/lang/NoSuchMethodError'{0x00000000c434d3e0}: 'java.lang.Object java.lang.invoke.DirectMethodHandle$Holder.invokeStaticInit(java.lang.Object, java.lang.Object, java.lang.Object, java.lang.Object, java.lang.Object)'> (0x00000000c434d3e0) 
thrown [./open/src/hotspot/share/interpreter/linkResolver.cpp, line 766]
Event: 1.654 Thread 0x000002a4b10b8000 Exception <a 'java/lang/NoSuchMethodError'{0x00000000c4354238}: 'java.lang.Object java.lang.invoke.Invokers$Holder.invoke_MT(java.lang.Object, java.lang.Object, java.lang.Object, java.lang.Object, java.lang.Object, java.lang.Object)'> (0x00000000c4354238) 
thrown [./open/src/hotspot/share/interpreter/linkResolver.cpp, line 766]
Event: 1.656 Thread 0x000002a4b10b8000 Exception <a 'java/lang/NoSuchMethodError'{0x00000000c435e938}: 'java.lang.Object java.lang.invoke.Invokers$Holder.invoker(java.lang.Object, java.lang.Object, java.lang.Object)'> (0x00000000c435e938) 
thrown [./open/src/hotspot/share/interpreter/linkResolver.cpp, line 766]
Event: 1.657 Thread 0x000002a4b10b8000 Exception <a 'java/lang/NoSuchMethodError'{0x00000000c436d410}: 'void java.lang.invoke.DelegatingMethodHandle$Holder.delegate(java.lang.Object, java.lang.Object, int, java.lang.Object)'> (0x00000000c436d410) 
thrown [./open/src/hotspot/share/interpreter/linkResolver.cpp, line 766]
Event: 1.658 Thread 0x000002a4b10b8000 Exception <a 'java/lang/NoSuchMethodError'{0x00000000c4374728}: 'java.lang.Object java.lang.invoke.Invokers$Holder.invokeExact_MT(java.lang.Object, java.lang.Object, java.lang.Object, java.lang.Object)'> (0x00000000c4374728) 
thrown [./open/src/hotspot/share/interpreter/linkResolver.cpp, line 766]
Event: 107.522 Thread 0x000002a4b10c1800 Exception <a 'java/lang/InterruptedException'{0x00000000d0000048}> (0x00000000d0000048) 
thrown [./open/src/hotspot/share/runtime/objectMonitor.cpp, line 1415]

Events (20 events):
Event: 53.341 Executing VM operation: G1CollectFull done
Event: 53.472 Executing VM operation: G1CollectFull
Event: 53.510 Executing VM operation: G1CollectFull done
Event: 107.510 loading class jdk/internal/misc/Signal$1
Event: 107.510 loading class jdk/internal/misc/Signal$1 done
Event: 107.511 Executing VM operation: HandshakeOneThread
Event: 107.511 Executing VM operation: HandshakeOneThread done
Event: 107.511 Thread 0x000002a68d8b6800 Thread added: 0x000002a68d8b6800
Event: 107.512 Executing VM operation: HandshakeOneThread
Event: 107.512 Executing VM operation: HandshakeOneThread done
Event: 107.512 Thread 0x000002a68d8b7800 Thread added: 0x000002a68d8b7800
Event: 107.521 Executing VM operation: ThreadDump
Event: 107.522 Executing VM operation: ThreadDump done
Event: 107.522 Executing VM operation: HandshakeOneThread
Event: 107.522 Executing VM operation: HandshakeOneThread done
Event: 107.522 Thread 0x000002a4b10c1800 Thread exited: 0x000002a4b10c1800
Event: 107.523 Executing VM operation: HandshakeOneThread
Event: 107.523 Executing VM operation: HandshakeOneThread done
Event: 107.523 Thread 0x000002a68d8b7800 Thread exited: 0x000002a68d8b7800
Event: 107.524 Executing VM operation: Exit


Dynamic libraries:
0x00007ff6ed9f0000 - 0x00007ff6eda0b000 	C:\Users\multicampus\Desktop\new5\palette\venv\Scripts\python.exe
0x00007ff9b58b0000 - 0x00007ff9b5a9d000 	C:\Windows\SYSTEM32\ntdll.dll
0x00007ff9b57c0000 - 0x00007ff9b5873000 	C:\Windows\System32\KERNEL32.DLL
0x00007ff9b1f10000 - 0x00007ff9b21a5000 	C:\Windows\System32\KERNELBASE.dll
0x00007ff9b1e10000 - 0x00007ff9b1f0a000 	C:\Windows\System32\ucrtbase.dll
0x00007ff9ac260000 - 0x00007ff9ac276000 	C:\Users\multicampus\Desktop\new5\palette\venv\Scripts\VCRUNTIME140.dll
0x00007ff95e240000 - 0x00007ff95e5ff000 	C:\Users\multicampus\Desktop\new5\palette\venv\Scripts\python37.dll
0x00007ff9b2b30000 - 0x00007ff9b2b82000 	C:\Windows\System32\SHLWAPI.dll
0x00007ff9b3450000 - 0x00007ff9b34ee000 	C:\Windows\System32\msvcrt.dll
0x00007ff9b2ef0000 - 0x00007ff9b321d000 	C:\Windows\System32\combase.dll
0x00007ff9b2dc0000 - 0x00007ff9b2ee2000 	C:\Windows\System32\RPCRT4.dll
0x00007ff9b1b40000 - 0x00007ff9b1bbe000 	C:\Windows\System32\bcryptPrimitives.dll
0x00007ff9ac0f0000 - 0x00007ff9ac0fa000 	C:\Windows\SYSTEM32\VERSION.dll
0x00007ff9b35c0000 - 0x00007ff9b35e9000 	C:\Windows\System32\GDI32.dll
0x00007ff9b1bc0000 - 0x00007ff9b1d5c000 	C:\Windows\System32\gdi32full.dll
0x00007ff9b2a30000 - 0x00007ff9b2ad0000 	C:\Windows\System32\msvcp_win.dll
0x00007ff9b3220000 - 0x00007ff9b33b7000 	C:\Windows\System32\USER32.dll
0x00007ff9b21d0000 - 0x00007ff9b21f0000 	C:\Windows\System32\win32u.dll
0x00007ff9b34f0000 - 0x00007ff9b355d000 	C:\Windows\System32\WS2_32.dll
0x00007ff9b35f0000 - 0x00007ff9b3693000 	C:\Windows\System32\ADVAPI32.dll
0x00007ff9b5200000 - 0x00007ff9b529e000 	C:\Windows\System32\sechost.dll
0x00007ff9b5610000 - 0x00007ff9b563e000 	C:\Windows\System32\IMM32.DLL
0x00007ff9b21b0000 - 0x00007ff9b21c7000 	C:\Windows\System32\CRYPTSP.dll
0x00007ff9b0be0000 - 0x00007ff9b0c13000 	C:\Windows\system32\rsaenh.dll
0x00007ff9b22a0000 - 0x00007ff9b22c6000 	C:\Windows\System32\bcrypt.dll
0x00007ff9b12b0000 - 0x00007ff9b12bc000 	C:\Windows\SYSTEM32\CRYPTBASE.dll
0x00007ff9adaf0000 - 0x00007ff9adaff000 	C:\Users\multicampus\Desktop\new5\palette\venv\Scripts\python3.dll
0x00007ff9a2080000 - 0x00007ff9a20c4000 	c:\users\multicampus\appdata\local\programs\python\python37\DLLs\_decimal.pyd
0x00007ff9a8e40000 - 0x00007ff9a8e55000 	c:\users\multicampus\appdata\local\programs\python\python37\DLLs\_socket.pyd
0x00007ff9adab0000 - 0x00007ff9adab9000 	c:\users\multicampus\appdata\local\programs\python\python37\DLLs\select.pyd
0x00007ff9a8e20000 - 0x00007ff9a8e3f000 	c:\users\multicampus\appdata\local\programs\python\python37\DLLs\_ssl.pyd
0x00007ff9b1960000 - 0x00007ff9b1b3c000 	C:\Windows\System32\CRYPT32.dll
0x00007ff9b18f0000 - 0x00007ff9b1902000 	C:\Windows\System32\MSASN1.dll
0x00007ff9a1970000 - 0x00007ff9a19f5000 	c:\users\multicampus\appdata\local\programs\python\python37\DLLs\libssl-1_1-x64.dll
0x00007ff95c030000 - 0x00007ff95c296000 	c:\users\multicampus\appdata\local\programs\python\python37\DLLs\libcrypto-1_1-x64.dll
0x00007ff9a4a80000 - 0x00007ff9a4a94000 	c:\users\multicampus\appdata\local\programs\python\python37\DLLs\_asyncio.pyd
0x00007ff9aa640000 - 0x00007ff9aa64d000 	c:\users\multicampus\appdata\local\programs\python\python37\DLLs\_overlapped.pyd
0x00007ff9b1050000 - 0x00007ff9b10b7000 	C:\Windows\system32\mswsock.dll
0x00007ff9a2060000 - 0x00007ff9a2078000 	c:\users\multicampus\appdata\local\programs\python\python37\DLLs\_bz2.pyd
0x00007ff9a1f90000 - 0x00007ff9a1fd1000 	c:\users\multicampus\appdata\local\programs\python\python37\DLLs\_lzma.pyd
0x00007ff9a9e30000 - 0x00007ff9a9e3d000 	c:\users\multicampus\appdata\local\programs\python\python37\DLLs\_hashlib.pyd
0x00007ff9a97f0000 - 0x00007ff9a97f9000 	c:\users\multicampus\appdata\local\programs\python\python37\DLLs\_queue.pyd
0x00007ff99f340000 - 0x00007ff99f448000 	c:\users\multicampus\appdata\local\programs\python\python37\DLLs\unicodedata.pyd
0x00007ff9a1940000 - 0x00007ff9a1963000 	c:\users\multicampus\appdata\local\programs\python\python37\DLLs\_ctypes.pyd
0x00007ff9b3720000 - 0x00007ff9b3876000 	C:\Windows\System32\ole32.dll
0x00007ff9b2cd0000 - 0x00007ff9b2d94000 	C:\Windows\System32\OLEAUT32.dll
0x00007ff9a1900000 - 0x00007ff9a1917000 	c:\users\multicampus\appdata\local\programs\python\python37\DLLs\_sqlite3.pyd
0x00007ff994ef0000 - 0x00007ff995015000 	c:\users\multicampus\appdata\local\programs\python\python37\DLLs\sqlite3.dll
0x00007ff9b1910000 - 0x00007ff9b1921000 	C:\Windows\System32\kernel.appcore.dll
0x00007ff995410000 - 0x00007ff99545a000 	C:\Users\multicampus\Desktop\new5\palette\venv\lib\site-packages\_yaml.cp37-win_amd64.pyd
0x00007ff994eb0000 - 0x00007ff994ee5000 	c:\users\multicampus\appdata\local\programs\python\python37\DLLs\_elementtree.pyd
0x00007ff994e70000 - 0x00007ff994ea2000 	c:\users\multicampus\appdata\local\programs\python\python37\DLLs\pyexpat.pyd
0x000000006e540000 - 0x00000000701c8000 	C:\Users\multicampus\Desktop\new5\palette\venv\lib\site-packages\numpy\.libs\libopenblas.PYQHXLVVQ7VESDPUVUADXEVJOBGHJPAY.gfortran-win_amd64.dll
0x00007ff95a9f0000 - 0x00007ff95aca7000 	C:\Users\multicampus\Desktop\new5\palette\venv\lib\site-packages\numpy\core\_multiarray_umath.cp37-win_amd64.pyd
0x00007ff9a18e0000 - 0x00007ff9a18ff000 	C:\Users\multicampus\Desktop\new5\palette\venv\lib\site-packages\numpy\core\_multiarray_tests.cp37-win_amd64.pyd
0x00007ff9a90c0000 - 0x00007ff9a90cb000 	C:\Users\multicampus\Desktop\new5\palette\venv\lib\site-packages\numpy\linalg\lapack_lite.cp37-win_amd64.pyd
0x00007ff99eaa0000 - 0x00007ff99eac6000 	C:\Users\multicampus\Desktop\new5\palette\venv\lib\site-packages\numpy\linalg\_umath_linalg.cp37-win_amd64.pyd
0x00007ff99f4b0000 - 0x00007ff99f4d0000 	C:\Users\multicampus\Desktop\new5\palette\venv\lib\site-packages\numpy\fft\_pocketfft_internal.cp37-win_amd64.pyd
0x00007ff994520000 - 0x00007ff9945ad000 	C:\Users\multicampus\Desktop\new5\palette\venv\lib\site-packages\numpy\random\mtrand.cp37-win_amd64.pyd
0x00007ff9953e0000 - 0x00007ff995409000 	C:\Users\multicampus\Desktop\new5\palette\venv\lib\site-packages\numpy\random\_bit_generator.cp37-win_amd64.pyd
0x00007ff994e40000 - 0x00007ff994e6d000 	C:\Users\multicampus\Desktop\new5\palette\venv\lib\site-packages\numpy\random\_common.cp37-win_amd64.pyd
0x00007ff985f70000 - 0x00007ff985fb6000 	C:\Users\multicampus\Desktop\new5\palette\venv\lib\site-packages\numpy\random\_bounded_integers.cp37-win_amd64.pyd
0x00007ff9954d0000 - 0x00007ff9954ec000 	C:\Users\multicampus\Desktop\new5\palette\venv\lib\site-packages\numpy\random\_mt19937.cp37-win_amd64.pyd
0x00007ff994e20000 - 0x00007ff994e37000 	C:\Users\multicampus\Desktop\new5\palette\venv\lib\site-packages\numpy\random\_philox.cp37-win_amd64.pyd
0x00007ff994e00000 - 0x00007ff994e15000 	C:\Users\multicampus\Desktop\new5\palette\venv\lib\site-packages\numpy\random\_pcg64.cp37-win_amd64.pyd
0x00007ff994aa0000 - 0x00007ff994ab2000 	C:\Users\multicampus\Desktop\new5\palette\venv\lib\site-packages\numpy\random\_sfc64.cp37-win_amd64.pyd
0x00007ff985ed0000 - 0x00007ff985f6f000 	C:\Users\multicampus\Desktop\new5\palette\venv\lib\site-packages\numpy\random\_generator.cp37-win_amd64.pyd
0x00007ff9a8ed0000 - 0x00007ff9a8ed9000 	C:\Users\multicampus\Desktop\new5\palette\venv\lib\site-packages\google\protobuf\internal\_api_implementation.cp37-win_amd64.pyd
0x00007ff97f3b0000 - 0x00007ff97f528000 	C:\Users\multicampus\Desktop\new5\palette\venv\lib\site-packages\google\protobuf\pyext\_message.cp37-win_amd64.pyd
0x00007ff9a2bb0000 - 0x00007ff9a2c41000 	C:\Windows\SYSTEM32\msvcp140.dll
0x00007ff9a24a0000 - 0x00007ff9a24ac000 	C:\Windows\SYSTEM32\VCRUNTIME140_1.dll
0x00007ff9a8c50000 - 0x00007ff9a8c59000 	C:\Windows\SYSTEM32\msvcp140_1.dll
0x00007ff8eaf50000 - 0x00007ff915645000 	C:\Users\multicampus\Desktop\new5\palette\venv\lib\site-packages\tensorflow\python\_pywrap_tensorflow_internal.pyd
0x00007ff9b33c0000 - 0x00007ff9b33c8000 	C:\Windows\System32\Normaliz.dll
0x00007ff9b3d00000 - 0x00007ff9b51f9000 	C:\Windows\System32\SHELL32.dll
0x00007ff9b1dc0000 - 0x00007ff9b1e0a000 	C:\Windows\System32\cfgmgr32.dll
0x00007ff9b54b0000 - 0x00007ff9b5558000 	C:\Windows\System32\shcore.dll
0x00007ff9b22d0000 - 0x00007ff9b2a22000 	C:\Windows\System32\windows.storage.dll
0x00007ff9b1930000 - 0x00007ff9b1954000 	C:\Windows\System32\profapi.dll
0x00007ff9b1890000 - 0x00007ff9b18ed000 	C:\Windows\System32\powrprof.dll
0x00007ff9b17c0000 - 0x00007ff9b17e9000 	C:\Windows\SYSTEM32\USERENV.dll
0x00007ff9b0200000 - 0x00007ff9b03ed000 	C:\Windows\SYSTEM32\dbghelp.dll
0x00007ff97ce80000 - 0x00007ff97ceec000 	C:\Program Files\NVIDIA GPU Computing Toolkit\CUDA\v10.1\bin\cudart64_101.dll
0x00007ff957600000 - 0x00007ff957c2d000 	C:\Users\multicampus\Desktop\new5\palette\venv\lib\site-packages\tensorflow\python\_pywrap_tfe.pyd
0x00007ff957040000 - 0x00007ff9575fc000 	C:\Users\multicampus\Desktop\new5\palette\venv\lib\site-packages\tensorflow\python\_pywrap_tf_session.pyd
0x00007ff9944f0000 - 0x00007ff99451e000 	C:\Users\multicampus\Desktop\new5\palette\venv\lib\site-packages\tensorflow\python\_tf_stack.pyd
0x00007ff9a2050000 - 0x00007ff9a205e000 	C:\Users\multicampus\Desktop\new5\palette\venv\lib\site-packages\wrapt\_wrappers.cp37-win_amd64.pyd
0x00007ff994a80000 - 0x00007ff994a9d000 	C:\Users\multicampus\Desktop\new5\palette\venv\lib\site-packages\tensorflow\python\_pywrap_utils.pyd
0x00007ff95a5b0000 - 0x00007ff95a82c000 	C:\Users\multicampus\Desktop\new5\palette\venv\lib\site-packages\tensorflow\python\_pywrap_py_exception_registry.pyd
0x00007ff985eb0000 - 0x00007ff985ec9000 	C:\Users\multicampus\Desktop\new5\palette\venv\lib\site-packages\tensorflow\python\_pywrap_bfloat16.pyd
0x00007ff956dc0000 - 0x00007ff95703c000 	C:\Users\multicampus\Desktop\new5\palette\venv\lib\site-packages\tensorflow\python\_dtypes.pyd
0x00007ff956a80000 - 0x00007ff956dc0000 	C:\Users\multicampus\Desktop\new5\palette\venv\lib\site-packages\tensorflow\python\profiler\internal\_pywrap_traceme.pyd
0x00007ff956740000 - 0x00007ff956a7c000 	C:\Users\multicampus\Desktop\new5\palette\venv\lib\site-packages\tensorflow\python\_op_def_registry.pyd
0x00007ff9563f0000 - 0x00007ff956732000 	C:\Users\multicampus\Desktop\new5\palette\venv\lib\site-packages\tensorflow\python\_pywrap_events_writer.pyd
0x00007ff955b30000 - 0x00007ff955e7d000 	C:\Users\multicampus\Desktop\new5\palette\venv\lib\site-packages\tensorflow\python\_pywrap_file_io.pyd
0x00007ff952bc0000 - 0x00007ff9532db000 	C:\Users\multicampus\Desktop\new5\palette\venv\lib\site-packages\tensorflow\python\profiler\internal\_pywrap_profiler.pyd
0x00007ff9557d0000 - 0x00007ff955b26000 	C:\Users\multicampus\Desktop\new5\palette\venv\lib\site-packages\tensorflow\python\_pywrap_record_io.pyd
0x00007ff952800000 - 0x00007ff952bb4000 	C:\Users\multicampus\Desktop\new5\palette\venv\lib\site-packages\tensorflow\python\_pywrap_checkpoint_reader.pyd
0x00007ff985e70000 - 0x00007ff985e89000 	C:\Users\multicampus\Desktop\new5\palette\venv\lib\site-packages\tensorflow\python\_pywrap_py_func.pyd
0x00007ff9524b0000 - 0x00007ff9527f2000 	C:\Users\multicampus\Desktop\new5\palette\venv\lib\site-packages\tensorflow\python\data\experimental\service\_pywrap_server_lib.pyd
0x00007ff985950000 - 0x00007ff985968000 	C:\Users\multicampus\Desktop\new5\palette\venv\lib\site-packages\tensorflow\python\_pywrap_tf32_execution.pyd
0x00007ff9471d0000 - 0x00007ff94750c000 	C:\Users\multicampus\Desktop\new5\palette\venv\lib\site-packages\tensorflow\python\_pywrap_device_lib.pyd
0x00007ff983650000 - 0x00007ff983661000 	C:\Users\multicampus\Desktop\new5\palette\venv\lib\site-packages\h5py\_errors.cp37-win_amd64.pyd
0x00007ff946ed0000 - 0x00007ff9471c7000 	C:\Users\multicampus\Desktop\new5\palette\venv\lib\site-packages\h5py\hdf5.dll
0x00007ff983540000 - 0x00007ff98355b000 	C:\Users\multicampus\Desktop\new5\palette\venv\lib\site-packages\h5py\h5.cp37-win_amd64.pyd
0x00007ff97f1e0000 - 0x00007ff97f210000 	C:\Users\multicampus\Desktop\new5\palette\venv\lib\site-packages\h5py\defs.cp37-win_amd64.pyd
0x00007ff97ce50000 - 0x00007ff97ce72000 	C:\Users\multicampus\Desktop\new5\palette\venv\lib\site-packages\h5py\hdf5_hl.dll
0x00007ff982d80000 - 0x00007ff982da0000 	C:\Users\multicampus\Desktop\new5\palette\venv\lib\site-packages\h5py\_objects.cp37-win_amd64.pyd
0x00007ff982680000 - 0x00007ff982695000 	C:\Users\multicampus\Desktop\new5\palette\venv\lib\site-packages\h5py\_conv.cp37-win_amd64.pyd
0x00007ff97f800000 - 0x00007ff97f815000 	C:\Users\multicampus\Desktop\new5\palette\venv\lib\site-packages\h5py\h5r.cp37-win_amd64.pyd
0x00007ff97cde0000 - 0x00007ff97ce42000 	C:\Users\multicampus\Desktop\new5\palette\venv\lib\site-packages\h5py\h5t.cp37-win_amd64.pyd
0x00007ff97f390000 - 0x00007ff97f3a1000 	C:\Users\multicampus\Desktop\new5\palette\venv\lib\site-packages\h5py\utils.cp37-win_amd64.pyd
0x00007ff9a1f80000 - 0x00007ff9a1f8f000 	C:\Users\multicampus\Desktop\new5\palette\venv\lib\site-packages\h5py\h5z.cp37-win_amd64.pyd
0x00007ff97cdb0000 - 0x00007ff97cdd3000 	C:\Users\multicampus\Desktop\new5\palette\venv\lib\site-packages\h5py\h5a.cp37-win_amd64.pyd
0x00007ff97cd90000 - 0x00007ff97cdad000 	C:\Users\multicampus\Desktop\new5\palette\venv\lib\site-packages\h5py\h5s.cp37-win_amd64.pyd
0x00007ff97cd40000 - 0x00007ff97cd90000 	C:\Users\multicampus\Desktop\new5\palette\venv\lib\site-packages\h5py\h5p.cp37-win_amd64.pyd
0x00007ff97cd20000 - 0x00007ff97cd33000 	C:\Users\multicampus\Desktop\new5\palette\venv\lib\site-packages\h5py\h5ac.cp37-win_amd64.pyd
0x00007ff9a1f00000 - 0x00007ff9a1f0f000 	C:\Users\multicampus\Desktop\new5\palette\venv\lib\site-packages\h5py\_proxy.cp37-win_amd64.pyd
0x00007ff97ccf0000 - 0x00007ff97cd12000 	C:\Users\multicampus\Desktop\new5\palette\venv\lib\site-packages\h5py\h5d.cp37-win_amd64.pyd
0x00007ff97ccd0000 - 0x00007ff97cce6000 	C:\Users\multicampus\Desktop\new5\palette\venv\lib\site-packages\h5py\h5ds.cp37-win_amd64.pyd
0x00007ff97cca0000 - 0x00007ff97ccc2000 	C:\Users\multicampus\Desktop\new5\palette\venv\lib\site-packages\h5py\h5f.cp37-win_amd64.pyd
0x00007ff97cbb0000 - 0x00007ff97cbd8000 	C:\Users\multicampus\Desktop\new5\palette\venv\lib\site-packages\h5py\h5g.cp37-win_amd64.pyd
0x00007ff97c4f0000 - 0x00007ff97c502000 	C:\Users\multicampus\Desktop\new5\palette\venv\lib\site-packages\h5py\h5i.cp37-win_amd64.pyd
0x00007ff97c4c0000 - 0x00007ff97c4ed000 	C:\Users\multicampus\Desktop\new5\palette\venv\lib\site-packages\h5py\h5fd.cp37-win_amd64.pyd
0x00007ff9a1930000 - 0x00007ff9a193e000 	C:\Users\multicampus\Desktop\new5\palette\venv\lib\site-packages\h5py\h5pl.cp37-win_amd64.pyd
0x00007ff97c4a0000 - 0x00007ff97c4c0000 	C:\Users\multicampus\Desktop\new5\palette\venv\lib\site-packages\h5py\h5o.cp37-win_amd64.pyd
0x00007ff978fe0000 - 0x00007ff978ffc000 	C:\Users\multicampus\Desktop\new5\palette\venv\lib\site-packages\h5py\h5l.cp37-win_amd64.pyd
0x0000000070200000 - 0x0000000070228000 	C:\Users\multicampus\Desktop\new5\palette\venv\lib\site-packages\scipy\.libs\libansari.R6EA3HQP5KZ6TAXU4Y4ZVTRPT7UVA53Z.gfortran-win_amd64.dll

dbghelp: loaded successfully - version: 4.0.5 - missing functions: none
symbol engine: initialized successfully - sym options: 0x614 - pdb path: .;C:\Users\multicampus\Desktop\new5\palette\venv\Scripts;C:\Windows\SYSTEM32;c:\users\multicampus\appdata\local\programs\python\python37\DLLs;C:\Users\multicampus\Desktop\new5\palette\venv\lib\site-packages;C:\Users\multicampus\Desktop\new5\palette\venv\lib\site-packages\numpy\.libs;C:\Users\multicampus\Desktop\new5\palette\venv\lib\site-packages\numpy\core;C:\Users\multicampus\Desktop\new5\palette\venv\lib\site-packages\numpy\linalg;C:\Users\multicampus\Desktop\new5\palette\venv\lib\site-packages\numpy\fft;C:\Users\multicampus\Desktop\new5\palette\venv\lib\site-packages\numpy\random;C:\Users\multicampus\Desktop\new5\palette\venv\lib\site-packages\google\protobuf\internal;C:\Users\multicampus\Desktop\new5\palette\venv\lib\site-packages\google\protobuf\pyext;C:\Users\multicampus\Desktop\new5\palette\venv\lib\site-packages\tensorflow\python;C:\Program Files\NVIDIA GPU Computing Toolkit\CUDA\v10.1\bin;C:\Users\multicampus\Desktop\new5\palette\venv\lib\site-packages\wrapt;C:\Users\multicampus\Desktop\new5\palette\venv\lib\site-packages\tensorflow\python\profiler\internal;C:\Users\multicampus\Desktop\new5\palette\venv\lib\site-packages\tensorflow\python\data\experimental\service;C:\Users\multicampus\Desktop\new5\palette\venv\lib\site-packages\h5py;C:\Users\multicampus\Desktop\new5\palette\venv\lib\site-packages\scipy\.libs;C:\Users\multicampus\Desktop\new5\palette\venv\lib\site-packages\scipy\_lib;C:\Users\multicampus\Desktop\new5\palette\venv\lib\site-packages\scipy\_lib\_uarray;C:\Users\multicampus\Desktop\new5\palette\venv\lib\site-packages\scipy\fft\_pocketfft;C:\Users\multicampus\Desktop\new5\palette\venv\lib\site-packages\scipy\sparse;C:\Users\multicampus\Desktop\new5\palette\venv\lib\site-packages\scipy\sparse\csgraph;C:\Users\multicampus\Desktop\new5\palette\venv\lib\site-packages\pandas\_libs;C:\Users\multicampus\Desktop\new5\palette\venv\lib\site-packages\pandas\_libs\tslibs;C:\Users\multicampus\Desktop\new5\palette\venv\lib\site-packages\pandas\_libs\window;C:\Users\multicampus\Desktop\new5\palette\venv\lib\site-packages\tensorflow\lite\experimental\microfrontend\python\ops;C:\Users\multicampus\Desktop\new5\palette\venv\lib\site-packages\tensorflow\lite\python\interpreter_wrapper;C:\Users\multicampus\Desktop\new5\palette\venv\lib\site-packages\PIL;C:\Users\multicampus\Desktop\new5\palette\venv\lib\site-packages\scipy\ndimage;C:\Users\multicampus\Desktop\new5\palette\venv\lib\site-packages\scipy\linalg;C:\Users\multicampus\Desktop\new5\palette\venv\lib\site-packages\cv2;C:\Windows\WinSxS\amd64_microsoft.windows.common-controls_6595b64144ccf1df_6.0.17763.1518_none_de6e2bd0534e2567;C:\Users\multicampus\Desktop\new5\palette\venv\lib\site-packages\matplotlib;C:\Users\multicampus\Desktop\new5\palette\venv\lib\site-packages\matplotlib\backends;C:\Users\multicampus\Desktop\new5\palette\venv\lib\site-packages\lxml;C:\Program Files\Java\jdk-14.0.2\bin\server;C:\Program Files\Java\jdk-14.0.2\bin;C:\Windows\System32\DriverStore\FileRepository\nvsmi.inf_amd64_ef8ea0e451df9316

VM Arguments:
jvm_args: -Dfile.encoding=UTF8 -ea -Xmx1024m 
java_command: <unknown>
java_class_path (initial): C:\Users\multicampus\Desktop\new5\palette\venv\lib\site-packages\konlpy\java;C:\Users\multicampus\Desktop\new5\palette\venv\lib\site-packages\konlpy\java\bin;C:\Users\multicampus\Desktop\new5\palette\venv\lib\site-packages\konlpy\java\*;C:\Users\multicampus\Desktop\new5\palette\venv\lib\site-packages\konlpy\java\jhannanum-0.8.4.jar;C:\Users\multicampus\Desktop\new5\palette\venv\lib\site-packages\konlpy\java\kkma-2.0.jar;C:\Users\multicampus\Desktop\new5\palette\venv\lib\site-packages\konlpy\java\aho-corasick.jar;C:\Users\multicampus\Desktop\new5\palette\venv\lib\site-packages\konlpy\java\shineware-common-1.0.jar;C:\Users\multicampus\Desktop\new5\palette\venv\lib\site-packages\konlpy\java\shineware-ds-1.0.jar;C:\Users\multicampus\Desktop\new5\palette\venv\lib\site-packages\konlpy\java\komoran-3.0.jar;C:\Users\multicampus\Desktop\new5\palette\venv\lib\site-packages\konlpy\java\snakeyaml-1.12.jar;C:\Users\multicampus\Desktop\new5\palette\venv\lib\site-packages\konlpy\java\scala-library-2.12.3.jar;C:\Users\multicampus\Desktop\new5\palette\venv\lib\site-packages\konlpy\java\open-korean-text-2.1.0.jar;C:\Users\multicampus\Desktop\new5\palette\venv\lib\site-packages\konlpy\java\twitter-text-1.14.7.jar;C:\Users\multicampus\Desktop\new5\palette\venv\lib\site-packages\konlpy\java\*
Launcher Type: generic

[Global flags]
     intx CICompilerCount                          = 4                                         {product} {ergonomic}
     uint ConcGCThreads                            = 3                                         {product} {ergonomic}
     uint G1ConcRefinementThreads                  = 10                                        {product} {ergonomic}
   size_t G1HeapRegionSize                         = 1048576                                   {product} {ergonomic}
    uintx GCDrainStackTargetSize                   = 64                                        {product} {ergonomic}
   size_t InitialHeapSize                          = 268435456                                 {product} {ergonomic}
   size_t MarkStackSize                            = 4194304                                   {product} {ergonomic}
   size_t MaxHeapSize                              = 1073741824                                {product} {command line}
   size_t MaxNewSize                               = 643825664                                 {product} {ergonomic}
   size_t MinHeapDeltaBytes                        = 1048576                                   {product} {ergonomic}
   size_t MinHeapSize                              = 8388608                                   {product} {ergonomic}
    uintx NonNMethodCodeHeapSize                   = 5839372                                {pd product} {ergonomic}
    uintx NonProfiledCodeHeapSize                  = 122909434                              {pd product} {ergonomic}
    uintx ProfiledCodeHeapSize                     = 122909434                              {pd product} {ergonomic}
    uintx ReservedCodeCacheSize                    = 251658240                              {pd product} {ergonomic}
     bool SegmentedCodeCache                       = true                                      {product} {ergonomic}
   size_t SoftMaxHeapSize                          = 1073741824                             {manageable} {ergonomic}
     bool UseCompressedClassPointers               = true                                 {lp64_product} {ergonomic}
     bool UseCompressedOops                        = true                                 {lp64_product} {ergonomic}
     bool UseG1GC                                  = true                                      {product} {ergonomic}
     bool UseLargePagesIndividualAllocation        = false                                  {pd product} {ergonomic}

Logging:
Log output configuration:
 #0: stdout all=off uptime,level,tags
 #1: stderr all=off uptime,level,tags

Environment Variables:
JAVA_HOME=C:\Program Files\Java\jdk-14.0.2
PATH=C;C:\Users\multicampus\Desktop\new5\palette\venv\Scripts;C:\Program Files\Git\mingw64\bin;C:\Program Files\Git\usr\bin;C:\Users\multicampus\bin;C:\Program Files\NVIDIA GPU Computing Toolkit\CUDA\v10.1\bin;C:\Program Files\NVIDIA GPU Computing Toolkit\CUDA\v10.1\libnvvp;C:\Users\multicampus\AppData\Local\Programs\Python\Python37\Scripts;C:\Users\multicampus\AppData\Local\Programs\Python\Python37;C:\Program Files (x86)\Intel\Intel(R) Management Engine Components\iCLS;C:\Program Files\Intel\Intel(R) Management Engine Components\iCLS;C:\Windows\system32;C:\Windows;C:\Windows\System32\Wbem;C:\Windows\System32\WindowsPowerShell\v1.0;C:\Windows\System32\OpenSSH;C:\Program Files (x86)\NVIDIA Corporation\PhysX\Common;C:\Program Files\Intel\WiFi\bin;C:\Program Files\Common Files\Intel\WirelessCommon;C:\Program Files (x86)\Intel\Intel(R) Management Engine Components\DAL;C:\Program Files\Intel\Intel(R) Management Engine Components\DAL;C:\Program Files\Python35;C:\Program Files\Python35\Scripts;C:\Program Files (x86)\Intel\Intel(R) Management Engine Components\IPT;C:\Program Files\Intel\Intel(R) Management Engine Components\IPT;C:\Program Files\Zulu\zulu-8\bin;C:\Program Files\Microsoft SQL Server\130\Tools\Binn;C:\Program Files\Git\cmd;C:\Program Files\nodejs;C:\ProgramData\chocolatey\bin;C:\Program Files (x86)\Yarn\bin;C:\Program Files\Docker\Docker\resources\bin;C:\ProgramData\DockerDesktop\version-bin;C:\Program Files\NVIDIA Corporation\Nsight Compute 2019.1;C:\Program Files\NVIDIA Corporation\NVIDIA NvDLISR;C:\Users\multicampus\AppData\Local\Programs\Python\Python37\Scripts;C:\Users\multicampus\AppData\Local\Programs\Python\Python37;C:\Users\multicampus\AppData\Local\Microsoft\WindowsApps;C:\Users\multicampus\AppData\Roaming\npm;C:\Users\multicampus\AppData\Local\Yarn\bin;C:\Users\multicampus\Desktop\new5\palette\venv\lib\site-packages\numpy\.libs;C:\Users\multicampus\Desktop\new5\palette\venv\lib\site-packages\scipy\.libs
USERNAME=multicampus
OS=Windows_NT
PROCESSOR_IDENTIFIER=Intel64 Family 6 Model 158 Stepping 10, GenuineIntel



---------------  S Y S T E M  ---------------

OS: Windows 10 , 64 bit Build 17763 (10.0.17763.475)
OS uptime: 4 days 5:01 hours
HyperV virtualization detected

CPU:total 12 (initial active 12) (6 cores per cpu, 2 threads per core) family 6 model 158 stepping 10, cmov, cx8, fxsr, mmx, sse, sse2, sse3, ssse3, sse4.1, sse4.2, popcnt, avx, avx2, aes, clmul, erms, 3dnowpref, lzcnt, ht, tsc, tscinvbit, bmi1, bmi2, adx, fma

Memory: 4k page, system-wide physical 16316M (8016M free)
TotalPageFile size 21970M (AvailPageFile size 3432M)
current process WorkingSet (physical memory assigned to process): 1480M, peak: 2393M
current process commit charge ("private bytes"): 8185M, peak: 9145M

vm_info: Java HotSpot(TM) 64-Bit Server VM (14.0.2+12-46) for windows-amd64 JRE (14.0.2+12-46), built on Jul  9 2020 00:35:52 by "mach5one" with MS VC++ 15.9 (VS2017)

END.
