#
# A fatal error has been detected by the Java Runtime Environment:
#
#  EXCEPTION_UNCAUGHT_CXX_EXCEPTION (0xe06d7363) at pc=0x00007ffa902c96c9, pid=4980, tid=10396
#
# JRE version: Java(TM) SE Runtime Environment (14.0.2+12) (build 14.0.2+12-46)
# Java VM: Java HotSpot(TM) 64-Bit Server VM (14.0.2+12-46, mixed mode, sharing, tiered, compressed oops, g1 gc, windows-amd64)
# Problematic frame:
# C  [KERNELBASE.dll+0x396c9]
#
# No core dump will be written. Minidumps are not enabled by default on client versions of Windows
#
# If you would like to submit a bug report, please visit:
#   https://bugreport.java.com/bugreport/crash.jsp
# The crash happened outside the Java Virtual Machine in native code.
# See problematic frame for where to report the bug.
#

---------------  S U M M A R Y ------------

Command Line: -Dfile.encoding=UTF8 -ea -Xmx1024m 

Host: Intel(R) Core(TM) i7-8750H CPU @ 2.20GHz, 12 cores, 15G,  Windows 10 , 64 bit Build 17763 (10.0.17763.475)
Time: Mon Nov  9 18:38:09 2020 ¢¥eCN©öI¡¾©ö C¡ÍA¨ª¨öA elapsed time: 0 seconds (0d 0h 0m 0s)

---------------  T H R E A D  ---------------

Current thread (0x000001106e5ce000):  JavaThread "main" [_thread_in_native, id=10396, stack(0x0000000dbec00000,0x0000000dbedf0000)]

Stack: [0x0000000dbec00000,0x0000000dbedf0000],  sp=0x0000000dbede5390,  free space=1940k
Native frames: (J=compiled Java code, j=interpreted, Vv=VM code, C=native code)
C  [KERNELBASE.dll+0x396c9]
C  [VCRUNTIME140.dll+0x2ef1]
C  [ntdll.dll+0xa3ce6]
C  0x00007ff9f72298b5  PyJPClass_getBases+0x65  (pyjp_class.cpp:1040)
C  0x00007ff9f722da22  PyJPClass_hook+0x72  (pyjp_class.cpp:1141)
C  0x00007ff9f7222a55  Java_org_jpype_manager_TypeFactoryNative_newWrapper+0x65  (jp_typefactory.cpp:100)
C  0x000001101687f417

Java frames: (J=compiled Java code, j=interpreted, Vv=VM code)
j  org.jpype.manager.TypeFactoryNative.newWrapper(JJ)V+0
j  org.jpype.JPypeContext.newWrapper(J)V+16
v  ~StubRoutines::call_stub

siginfo: EXCEPTION_UNCAUGHT_CXX_EXCEPTION (0xe06d7363), ExceptionInformation=0x0000000019930520 0x0000000dbede7b20 0x00007ff9f7272518 0x00007ff9f71e0000 


Register to memory mapping:

RIP=0x00007ffa902c96c9 KERNELBASE.dll
RAX=0x00000110168baa8c is at code_begin+140 in 
[CodeBlob (0x00000110168ba990)]
Framesize: 360
Runtime Stub (0x00000110168ba990): resolve_virtual_call
--------------------------------------------------------------------------------
Decoding CodeBlob, name: resolve_virtual_call, at  [0x00000110168baa00, 0x00000110168babd8]  472 bytes
[MachCode]
  0x00000110168baa00: 5548 8bec | 9c48 83ec | 0848 8964 | 24d8 4881 | ec80 0000 | 0048 8944 | 2478 4889 | 4c24 7048 
  0x00000110168baa20: 8954 2468 | 4889 5c24 | 6048 896c | 2450 4889 | 7424 4848 | 897c 2440 | 4c89 4424 | 384c 894c 
  0x00000110168baa40: 2430 4c89 | 5424 284c | 895c 2420 | 4c89 6424 | 184c 896c | 2410 4c89 | 7424 084c | 893c 2448 
  0x00000110168baa60: 81ec 800a | 0000 480f | ae04 24c5 | f877 4883 | ec20 c5f8 | 7749 89a7 | f002 0000 | 498b cf49 
  0x00000110168baa80: ba50 2692 | f6f9 7f00 | 0041 ffd2 | 49ba 0000 | 0000 0000 | 0000 4d89 | 97f0 0200 | 0049 ba00 
  0x00000110168baaa0: 0000 0000 | 0000 004d | 8997 f802 | 0000 c5f8 | 7749 817f | 0800 0000 | 000f 8594 | 0000 0049 
  0x00000110168baac0: 8b9f 5003 | 0000 49ba | 0000 0000 | 0000 0000 | 4d89 9750 | 0300 0048 | 899c 2400 | 0b00 0048 
  0x00000110168baae0: 8984 2418 | 0b00 0048 | 83c4 20c5 | f877 480f | ae0c 2448 | 81c4 800a | 0000 4c8b | 3c24 4c8b 
  0x00000110168bab00: 7424 084c | 8b6c 2410 | 4c8b 6424 | 184c 8b5c | 2420 4c8b | 5424 284c | 8b4c 2430 | 4c8b 4424 
  0x00000110168bab20: 3848 8b7c | 2440 488b | 7424 4848 | 8b6c 2450 | 488b 5c24 | 6048 8b54 | 2468 488b | 4c24 7048 
  0x00000110168bab40: 8b44 2478 | 4881 c480 | 0000 0048 | 83c4 089d | 5dff e048 | 83c4 20c5 | f877 480f | ae0c 2448 
  0x00000110168bab60: 81c4 800a | 0000 4c8b | 3c24 4c8b | 7424 084c | 8b6c 2410 | 4c8b 6424 | 184c 8b5c | 2420 4c8b 
  0x00000110168bab80: 5424 284c | 8b4c 2430 | 4c8b 4424 | 3848 8b7c | 2440 488b | 7424 4848 | 8b6c 2450 | 488b 5c24 
  0x00000110168baba0: 6048 8b54 | 2468 488b | 4c24 7048 | 8b44 2478 | 4881 c480 | 0000 0048 | 83c4 089d | 5d49 c787 
  0x00000110168babc0: 4803 0000 | 0000 0000 | 498b 4708 | e9af 62fb | fff4 f4f4 | f4f4 f4f4 
[/MachCode]
--------------------------------------------------------------------------------
RBX=0x0000000dbede7970 is pointing into the stack for thread: 0x000001106e5ce000
RCX=0x00000110168ba990 is at code_begin+-112 in 
[CodeBlob (0x00000110168ba990)]
Framesize: 360
Runtime Stub (0x00000110168ba990): resolve_virtual_call
--------------------------------------------------------------------------------
Decoding CodeBlob, name: resolve_virtual_call, at  [0x00000110168baa00, 0x00000110168babd8]  472 bytes
[MachCode]
  0x00000110168baa00: 5548 8bec | 9c48 83ec | 0848 8964 | 24d8 4881 | ec80 0000 | 0048 8944 | 2478 4889 | 4c24 7048 
  0x00000110168baa20: 8954 2468 | 4889 5c24 | 6048 896c | 2450 4889 | 7424 4848 | 897c 2440 | 4c89 4424 | 384c 894c 
  0x00000110168baa40: 2430 4c89 | 5424 284c | 895c 2420 | 4c89 6424 | 184c 896c | 2410 4c89 | 7424 084c | 893c 2448 
  0x00000110168baa60: 81ec 800a | 0000 480f | ae04 24c5 | f877 4883 | ec20 c5f8 | 7749 89a7 | f002 0000 | 498b cf49 
  0x00000110168baa80: ba50 2692 | f6f9 7f00 | 0041 ffd2 | 49ba 0000 | 0000 0000 | 0000 4d89 | 97f0 0200 | 0049 ba00 
  0x00000110168baaa0: 0000 0000 | 0000 004d | 8997 f802 | 0000 c5f8 | 7749 817f | 0800 0000 | 000f 8594 | 0000 0049 
  0x00000110168baac0: 8b9f 5003 | 0000 49ba | 0000 0000 | 0000 0000 | 4d89 9750 | 0300 0048 | 899c 2400 | 0b00 0048 
  0x00000110168baae0: 8984 2418 | 0b00 0048 | 83c4 20c5 | f877 480f | ae0c 2448 | 81c4 800a | 0000 4c8b | 3c24 4c8b 
  0x00000110168bab00: 7424 084c | 8b6c 2410 | 4c8b 6424 | 184c 8b5c | 2420 4c8b | 5424 284c | 8b4c 2430 | 4c8b 4424 
  0x00000110168bab20: 3848 8b7c | 2440 488b | 7424 4848 | 8b6c 2450 | 488b 5c24 | 6048 8b54 | 2468 488b | 4c24 7048 
  0x00000110168bab40: 8b44 2478 | 4881 c480 | 0000 0048 | 83c4 089d | 5dff e048 | 83c4 20c5 | f877 480f | ae0c 2448 
  0x00000110168bab60: 81c4 800a | 0000 4c8b | 3c24 4c8b | 7424 084c | 8b6c 2410 | 4c8b 6424 | 184c 8b5c | 2420 4c8b 
  0x00000110168bab80: 5424 284c | 8b4c 2430 | 4c8b 4424 | 3848 8b7c | 2440 488b | 7424 4848 | 8b6c 2450 | 488b 5c24 
  0x00000110168baba0: 6048 8b54 | 2468 488b | 4c24 7048 | 8b44 2478 | 4881 c480 | 0000 0048 | 83c4 089d | 5d49 c787 
  0x00000110168babc0: 4803 0000 | 0000 0000 | 498b 4708 | e9af 62fb | fff4 f4f4 | f4f4 f4f4 
[/MachCode]
--------------------------------------------------------------------------------
RDX=0x000001012acee480 is an unknown value
RSP=0x0000000dbede5390 is pointing into the stack for thread: 0x000001106e5ce000
RBP=0x0000000dbede5a20 is pointing into the stack for thread: 0x000001106e5ce000
RSI=0x0000000dbede54d0 is pointing into the stack for thread: 0x000001106e5ce000
RDI=0x0000000dbede61b0 is pointing into the stack for thread: 0x000001106e5ce000
R8 =0x000001102aced8a0 is pointing into metadata
R9 =0x000001106e5ce000 is a thread
R10=0x000001102b042c40 is pointing into metadata
R11=0x00000000000003d8 is an unknown value
R12=0x0000000dbede67c8 is pointing into the stack for thread: 0x000001106e5ce000
R13=0x00007ff9f72409aa points into unknown readable memory: 48 89 54 24 10 55
R14=0x0 is NULL
R15=0x0 is NULL


Registers:
RAX=0x00000110168baa8c, RBX=0x0000000dbede7970, RCX=0x00000110168ba990, RDX=0x000001012acee480
RSP=0x0000000dbede5390, RBP=0x0000000dbede5a20, RSI=0x0000000dbede54d0, RDI=0x0000000dbede61b0
R8 =0x000001102aced8a0, R9 =0x000001106e5ce000, R10=0x000001102b042c40, R11=0x00000000000003d8
R12=0x0000000dbede67c8, R13=0x00007ff9f72409aa, R14=0x0000000000000000, R15=0x0000000000000000
RIP=0x00007ffa902c96c9, EFLAGS=0x0000000000000206

Top of Stack: (sp=0x0000000dbede5390)
0x0000000dbede5390:   000001106e5ce000 0000000dbede7970
0x0000000dbede53a0:   0000000dbede54d0 0000000dbede61b0
0x0000000dbede53b0:   00000001e06d7363 0000000000000000
0x0000000dbede53c0:   00007ffa902c96c9 0000000000000004
0x0000000dbede53d0:   0000000019930520 0000000dbede7b20
0x0000000dbede53e0:   00007ff9f7272518 00007ff9f71e0000
0x0000000dbede53f0:   0000000dbede7ba0 00007ff9f72409e9
0x0000000dbede5400:   0000000000000000 0000000dbede7970
0x0000000dbede5410:   0000000000000000 0000000000000000
0x0000000dbede5420:   0000b5a0e2b7cf8b 0000000dbede67c8
0x0000000dbede5430:   0000000000000000 00007ffa8adf49c6
0x0000000dbede5440:   0000000000000000 0000000dbede5a20
0x0000000dbede5450:   0000a98d8a1b1c4a 000708002b062b90
0x0000000dbede5460:   0000000dbede61b0 00007ffa8adf2ef1
0x0000000dbede5470:   0000000dbede7970 0000000dbede5a20
0x0000000dbede5480:   0000000dbede54d0 0000000dbede6820 

Instructions: (pc=0x00007ffa902c96c9)
0x00007ffa902c95c9:   4c 8d 05 28 94 1f 00 33 d2 b9 00 00 10 00 e8 54
0x00007ffa902c95d9:   e1 03 00 4c 8b f0 48 89 44 24 60 48 85 c0 0f 84
0x00007ffa902c95e9:   dc fd ff ff 4c 8d 05 ec 93 1f 00 33 d2 8d 4a 02
0x00007ffa902c95f9:   e8 32 e1 03 00 48 8b f8 48 89 44 24 58 e9 be fd
0x00007ffa902c9609:   ff ff 45 33 c0 49 8b d7 48 83 c9 ff e8 66 23 03
0x00007ffa902c9619:   00 e9 09 ff ff ff 48 8b 0d d2 63 22 00 e8 c5 f0
0x00007ffa902c9629:   ff ff 48 8b cf e8 2d 59 fe ff e9 f9 fe ff ff 49
0x00007ffa902c9639:   8b ce e8 20 59 fe ff e9 f5 fe ff ff 48 8b ce e8
0x00007ffa902c9649:   13 59 fe ff e9 f1 fe ff ff cc cc cc cc cc cc cc
0x00007ffa902c9659:   cc cc cc cc cc cc cc 48 81 ec d8 00 00 00 48 8b
0x00007ffa902c9669:   05 42 3a 22 00 48 33 c4 48 89 84 24 c0 00 00 00
0x00007ffa902c9679:   48 83 64 24 28 00 48 8d 05 da ff ff ff 83 e2 01
0x00007ffa902c9689:   89 4c 24 20 89 54 24 24 48 89 44 24 30 4d 85 c9
0x00007ffa902c9699:   74 4b b8 0f 00 00 00 48 8d 4c 24 40 44 3b c0 49
0x00007ffa902c96a9:   8b d1 44 0f 47 c0 44 89 44 24 38 49 c1 e0 03 e8
0x00007ffa902c96b9:   ea 2c 05 00 48 8d 4c 24 20 48 ff 15 ff 30 16 00
0x00007ffa902c96c9:   0f 1f 44 00 00 48 8b 8c 24 c0 00 00 00 48 33 cc
0x00007ffa902c96d9:   e8 22 e8 04 00 48 81 c4 d8 00 00 00 c3 83 64 24
0x00007ffa902c96e9:   38 00 eb d0 cc cc cc cc cc cc cc cc cc cc cc cc
0x00007ffa902c96f9:   cc cc cc cc cc cc cc 4c 8b dc 49 89 5b 10 49 89
0x00007ffa902c9709:   73 18 57 48 83 ec 60 33 c0 49 89 43 b8 49 89 43
0x00007ffa902c9719:   c0 48 8d 35 07 84 16 00 33 db 48 85 c9 48 0f 45
0x00007ffa902c9729:   f1 48 8b d6 49 8d 4b c8 48 ff 15 70 2f 16 00 0f
0x00007ffa902c9739:   1f 44 00 00 8b f8 89 44 24 70 85 c0 78 1f 41 b0
0x00007ffa902c9749:   01 48 8d 54 24 30 48 8d 4c 24 20 48 ff 15 ed 28
0x00007ffa902c9759:   16 00 0f 1f 44 00 00 8b f8 89 44 24 70 85 ff 0f
0x00007ffa902c9769:   88 dc 51 06 00 48 83 c8 ff 48 8b c8 48 ff c1 66
0x00007ffa902c9779:   39 1c 4e 75 f7 48 ff c1 48 89 4c 24 40 48 89 74
0x00007ffa902c9789:   24 48 48 8b 4c 24 28 48 ff c0 38 1c 01 75 f8 48
0x00007ffa902c9799:   ff c0 48 89 44 24 50 48 89 4c 24 58 4c 8d 4c 24
0x00007ffa902c97a9:   40 33 d2 b9 0a 00 01 40 44 8d 42 04 e8 a6 fe ff
0x00007ffa902c97b9:   ff eb 0e 48 8b 4c 24 28 e8 ea fa ff ff 8b 7c 24 


Stack slot to memory mapping:
stack at sp + 0 slots: 0x000001106e5ce000 is a thread
stack at sp + 1 slots: 0x0000000dbede7970 is pointing into the stack for thread: 0x000001106e5ce000
stack at sp + 2 slots: 0x0000000dbede54d0 is pointing into the stack for thread: 0x000001106e5ce000
stack at sp + 3 slots: 0x0000000dbede61b0 is pointing into the stack for thread: 0x000001106e5ce000
stack at sp + 4 slots: 0x00000001e06d7363 is an unknown value
stack at sp + 5 slots: 0x0 is NULL
stack at sp + 6 slots: 0x00007ffa902c96c9 KERNELBASE.dll
stack at sp + 7 slots: 0x0000000000000004 is an unknown value


---------------  P R O C E S S  ---------------

Threads class SMR info:
_java_thread_list=0x000001100c42fb60, length=14, elements={
0x000001106e5ce000, 0x000001106e5c8000, 0x000001106e5d3000, 0x000001106e5d3800,
0x000001106e5d2000, 0x000001106e5d4800, 0x000001100c449800, 0x000001106e5cf000,
0x000001106e5d0800, 0x000001106e5d1000, 0x000001106e5d5800, 0x000001102b825800,
0x000001102b822000, 0x000001102b824000
}

Java Threads: ( => current thread )
=>0x000001106e5ce000 JavaThread "main" [_thread_in_native, id=10396, stack(0x0000000dbec00000,0x0000000dbedf0000)]
  0x000001106e5c8000 JavaThread "Reference Handler" daemon [_thread_blocked, id=5744, stack(0x0000000dc2bf0000,0x0000000dc2de0000)]
  0x000001106e5d3000 JavaThread "Finalizer" daemon [_thread_blocked, id=1160, stack(0x0000000dc2de0000,0x0000000dc2fd0000)]
  0x000001106e5d3800 JavaThread "Signal Dispatcher" daemon [_thread_blocked, id=14240, stack(0x0000000dc2fd0000,0x0000000dc31c0000)]
  0x000001106e5d2000 JavaThread "Attach Listener" daemon [_thread_blocked, id=15004, stack(0x0000000dc31c0000,0x0000000dc33b0000)]
  0x000001106e5d4800 JavaThread "Service Thread" daemon [_thread_blocked, id=5688, stack(0x0000000dc33b0000,0x0000000dc35a0000)]
  0x000001100c449800 JavaThread "C2 CompilerThread0" daemon [_thread_blocked, id=6656, stack(0x0000000dc35a0000,0x0000000dc3790000)]
  0x000001106e5cf000 JavaThread "C1 CompilerThread0" daemon [_thread_blocked, id=6604, stack(0x0000000dc3790000,0x0000000dc3980000)]
  0x000001106e5d0800 JavaThread "Sweeper thread" daemon [_thread_blocked, id=13148, stack(0x0000000dc3980000,0x0000000dc3b70000)]
  0x000001106e5d1000 JavaThread "Notification Thread" daemon [_thread_blocked, id=13188, stack(0x0000000dc3b70000,0x0000000dc3d60000)]
  0x000001106e5d5800 JavaThread "Common-Cleaner" daemon [_thread_blocked, id=16336, stack(0x0000000dc3f50000,0x0000000dc4140000)]
  0x000001102b825800 JavaThread "C2 CompilerThread1" daemon [_thread_blocked, id=14768, stack(0x0000000dc4ce0000,0x0000000dc4ed0000)]
  0x000001102b822000 JavaThread "C2 CompilerThread2" daemon [_thread_blocked, id=9704, stack(0x0000000dc4ed0000,0x0000000dc50c0000)]
  0x000001102b824000 JavaThread "SIGINT handler" daemon [_thread_blocked, id=13780, stack(0x0000000dc50c0000,0x0000000dc52b0000)]

Other Threads:
  0x00000110706e9800 VMThread "VM Thread" [stack: 0x0000000dc2a00000,0x0000000dc2bf0000] [id=3552] _threads_hazard_ptr=0x000001100c42fb60
  0x000001100c0bd000 GCTaskThread "GC Thread#0" [stack: 0x0000000dc2050000,0x0000000dc2240000] [id=7468]
  0x000001102b6b8800 GCTaskThread "GC Thread#1" [stack: 0x0000000dc4330000,0x0000000dc4520000] [id=10716]
  0x000001102b6b9800 GCTaskThread "GC Thread#2" [stack: 0x0000000dc4520000,0x0000000dc4710000] [id=15320]
  0x000001102b6ba000 GCTaskThread "GC Thread#3" [stack: 0x0000000dc4710000,0x0000000dc4900000] [id=11044]
  0x00000110706e7000 GCTaskThread "GC Thread#4" [stack: 0x0000000dc4900000,0x0000000dc4af0000] [id=1596]
  0x00000110706e5000 GCTaskThread "GC Thread#5" [stack: 0x0000000dc4af0000,0x0000000dc4ce0000] [id=5056]
  0x000001100c0bf800 ConcurrentGCThread "G1 Main Marker" [stack: 0x0000000dc2240000,0x0000000dc2430000] [id=3712]
  0x000001100c101800 ConcurrentGCThread "G1 Conc#0" [stack: 0x0000000dc2430000,0x0000000dc2620000] [id=10820]
  0x000001100c231000 ConcurrentGCThread "G1 Refine#0" [stack: 0x0000000dc2620000,0x0000000dc2810000] [id=6252]
  0x000001100c232000 ConcurrentGCThread "G1 Young RemSet Sampling" [stack: 0x0000000dc2810000,0x0000000dc2a00000] [id=14260]

Threads with active compile tasks:
C2 CompilerThread0      879  740       4       jdk.internal.jimage.ImageReader$SharedImageReader::lambda$handleModulesSubTree$1 (43 bytes)
C1 CompilerThread0      880  808       3       java.util.HashMap$HashIterator::nextNode (100 bytes)

VM state:at safepoint (normal execution)

VM Mutex/Monitor currently owned by a thread:  ([mutex/lock_event])
[0x000001106fcbf440] Threads_lock - owner thread: 0x00000110706e9800
[0x000001106fcbe7e0] Heap_lock - owner thread: 0x000001102b824000

Heap address: 0x00000000c0000000, size: 1024 MB, Compressed Oops mode: 32-bit
Narrow klass base: 0x0000000800000000, Narrow klass shift: 3
Compressed class space size: 1073741824 Address: 0x0000000800b30000

Heap:
 garbage-first heap   total 138240K, used 29832K [0x00000000c0000000, 0x0000000100000000)
  region size 1024K, 28 young (28672K), 1 survivors (1024K)
 Metaspace       used 2468K, capacity 4925K, committed 5120K, reserved 1056768K
  class space    used 220K, capacity 464K, committed 512K, reserved 1048576K
Heap Regions: E=young(eden), S=young(survivor), O=old, HS=humongous(starts), HC=humongous(continues), CS=collection set, F=free, OA=open archive, CA=closed archive, TAMS=top-at-mark-start (previous, next)
|   0|0x00000000c0000000, 0x00000000c00bb1f0, 0x00000000c0100000| 73%| O|  |TAMS 0x00000000c0000000, 0x00000000c0000000| Untracked 
|   1|0x00000000c0100000, 0x00000000c0200000, 0x00000000c0200000|100%| O|  |TAMS 0x00000000c0100000, 0x00000000c0100000| Untracked 
|   2|0x00000000c0200000, 0x00000000c0219c00, 0x00000000c0300000| 10%| O|  |TAMS 0x00000000c0200000, 0x00000000c0200000| Untracked 
|   3|0x00000000c0300000, 0x00000000c0300000, 0x00000000c0400000|  0%| F|  |TAMS 0x00000000c0300000, 0x00000000c0300000| Untracked 
|   4|0x00000000c0400000, 0x00000000c0400000, 0x00000000c0500000|  0%| F|  |TAMS 0x00000000c0400000, 0x00000000c0400000| Untracked 
|   5|0x00000000c0500000, 0x00000000c05a88c8, 0x00000000c0600000| 65%| S|CS|TAMS 0x00000000c0500000, 0x00000000c0500000| Complete 
|   6|0x00000000c0600000, 0x00000000c0600000, 0x00000000c0700000|  0%| F|  |TAMS 0x00000000c0600000, 0x00000000c0600000| Untracked 
|   7|0x00000000c0700000, 0x00000000c0700000, 0x00000000c0800000|  0%| F|  |TAMS 0x00000000c0700000, 0x00000000c0700000| Untracked 
|   8|0x00000000c0800000, 0x00000000c0800000, 0x00000000c0900000|  0%| F|  |TAMS 0x00000000c0800000, 0x00000000c0800000| Untracked 
|   9|0x00000000c0900000, 0x00000000c0900000, 0x00000000c0a00000|  0%| F|  |TAMS 0x00000000c0900000, 0x00000000c0900000| Untracked 
|  10|0x00000000c0a00000, 0x00000000c0a00000, 0x00000000c0b00000|  0%| F|  |TAMS 0x00000000c0a00000, 0x00000000c0a00000| Untracked 
|  11|0x00000000c0b00000, 0x00000000c0b00000, 0x00000000c0c00000|  0%| F|  |TAMS 0x00000000c0b00000, 0x00000000c0b00000| Untracked 
|  12|0x00000000c0c00000, 0x00000000c0c00000, 0x00000000c0d00000|  0%| F|  |TAMS 0x00000000c0c00000, 0x00000000c0c00000| Untracked 
|  13|0x00000000c0d00000, 0x00000000c0d00000, 0x00000000c0e00000|  0%| F|  |TAMS 0x00000000c0d00000, 0x00000000c0d00000| Untracked 
|  14|0x00000000c0e00000, 0x00000000c0e00000, 0x00000000c0f00000|  0%| F|  |TAMS 0x00000000c0e00000, 0x00000000c0e00000| Untracked 
|  15|0x00000000c0f00000, 0x00000000c0f00000, 0x00000000c1000000|  0%| F|  |TAMS 0x00000000c0f00000, 0x00000000c0f00000| Untracked 
|  16|0x00000000c1000000, 0x00000000c1000000, 0x00000000c1100000|  0%| F|  |TAMS 0x00000000c1000000, 0x00000000c1000000| Untracked 
|  17|0x00000000c1100000, 0x00000000c1100000, 0x00000000c1200000|  0%| F|  |TAMS 0x00000000c1100000, 0x00000000c1100000| Untracked 
|  18|0x00000000c1200000, 0x00000000c1200000, 0x00000000c1300000|  0%| F|  |TAMS 0x00000000c1200000, 0x00000000c1200000| Untracked 
|  19|0x00000000c1300000, 0x00000000c1300000, 0x00000000c1400000|  0%| F|  |TAMS 0x00000000c1300000, 0x00000000c1300000| Untracked 
|  20|0x00000000c1400000, 0x00000000c1400000, 0x00000000c1500000|  0%| F|  |TAMS 0x00000000c1400000, 0x00000000c1400000| Untracked 
|  21|0x00000000c1500000, 0x00000000c1500000, 0x00000000c1600000|  0%| F|  |TAMS 0x00000000c1500000, 0x00000000c1500000| Untracked 
|  22|0x00000000c1600000, 0x00000000c1600000, 0x00000000c1700000|  0%| F|  |TAMS 0x00000000c1600000, 0x00000000c1600000| Untracked 
|  23|0x00000000c1700000, 0x00000000c1700000, 0x00000000c1800000|  0%| F|  |TAMS 0x00000000c1700000, 0x00000000c1700000| Untracked 
|  24|0x00000000c1800000, 0x00000000c1800000, 0x00000000c1900000|  0%| F|  |TAMS 0x00000000c1800000, 0x00000000c1800000| Untracked 
|  25|0x00000000c1900000, 0x00000000c1900000, 0x00000000c1a00000|  0%| F|  |TAMS 0x00000000c1900000, 0x00000000c1900000| Untracked 
|  26|0x00000000c1a00000, 0x00000000c1a00000, 0x00000000c1b00000|  0%| F|  |TAMS 0x00000000c1a00000, 0x00000000c1a00000| Untracked 
|  27|0x00000000c1b00000, 0x00000000c1b00000, 0x00000000c1c00000|  0%| F|  |TAMS 0x00000000c1b00000, 0x00000000c1b00000| Untracked 
|  28|0x00000000c1c00000, 0x00000000c1c00000, 0x00000000c1d00000|  0%| F|  |TAMS 0x00000000c1c00000, 0x00000000c1c00000| Untracked 
|  29|0x00000000c1d00000, 0x00000000c1d00000, 0x00000000c1e00000|  0%| F|  |TAMS 0x00000000c1d00000, 0x00000000c1d00000| Untracked 
|  30|0x00000000c1e00000, 0x00000000c1e00000, 0x00000000c1f00000|  0%| F|  |TAMS 0x00000000c1e00000, 0x00000000c1e00000| Untracked 
|  31|0x00000000c1f00000, 0x00000000c1f00000, 0x00000000c2000000|  0%| F|  |TAMS 0x00000000c1f00000, 0x00000000c1f00000| Untracked 
|  32|0x00000000c2000000, 0x00000000c2000000, 0x00000000c2100000|  0%| F|  |TAMS 0x00000000c2000000, 0x00000000c2000000| Untracked 
|  33|0x00000000c2100000, 0x00000000c2100000, 0x00000000c2200000|  0%| F|  |TAMS 0x00000000c2100000, 0x00000000c2100000| Untracked 
|  34|0x00000000c2200000, 0x00000000c2200000, 0x00000000c2300000|  0%| F|  |TAMS 0x00000000c2200000, 0x00000000c2200000| Untracked 
|  35|0x00000000c2300000, 0x00000000c2300000, 0x00000000c2400000|  0%| F|  |TAMS 0x00000000c2300000, 0x00000000c2300000| Untracked 
|  36|0x00000000c2400000, 0x00000000c2400000, 0x00000000c2500000|  0%| F|  |TAMS 0x00000000c2400000, 0x00000000c2400000| Untracked 
|  37|0x00000000c2500000, 0x00000000c2500000, 0x00000000c2600000|  0%| F|  |TAMS 0x00000000c2500000, 0x00000000c2500000| Untracked 
|  38|0x00000000c2600000, 0x00000000c2600000, 0x00000000c2700000|  0%| F|  |TAMS 0x00000000c2600000, 0x00000000c2600000| Untracked 
|  39|0x00000000c2700000, 0x00000000c2700000, 0x00000000c2800000|  0%| F|  |TAMS 0x00000000c2700000, 0x00000000c2700000| Untracked 
|  40|0x00000000c2800000, 0x00000000c2800000, 0x00000000c2900000|  0%| F|  |TAMS 0x00000000c2800000, 0x00000000c2800000| Untracked 
|  41|0x00000000c2900000, 0x00000000c2900000, 0x00000000c2a00000|  0%| F|  |TAMS 0x00000000c2900000, 0x00000000c2900000| Untracked 
|  42|0x00000000c2a00000, 0x00000000c2a00000, 0x00000000c2b00000|  0%| F|  |TAMS 0x00000000c2a00000, 0x00000000c2a00000| Untracked 
|  43|0x00000000c2b00000, 0x00000000c2b00000, 0x00000000c2c00000|  0%| F|  |TAMS 0x00000000c2b00000, 0x00000000c2b00000| Untracked 
|  44|0x00000000c2c00000, 0x00000000c2c00000, 0x00000000c2d00000|  0%| F|  |TAMS 0x00000000c2c00000, 0x00000000c2c00000| Untracked 
|  45|0x00000000c2d00000, 0x00000000c2d00000, 0x00000000c2e00000|  0%| F|  |TAMS 0x00000000c2d00000, 0x00000000c2d00000| Untracked 
|  46|0x00000000c2e00000, 0x00000000c2e00000, 0x00000000c2f00000|  0%| F|  |TAMS 0x00000000c2e00000, 0x00000000c2e00000| Untracked 
|  47|0x00000000c2f00000, 0x00000000c2f00000, 0x00000000c3000000|  0%| F|  |TAMS 0x00000000c2f00000, 0x00000000c2f00000| Untracked 
|  48|0x00000000c3000000, 0x00000000c3000000, 0x00000000c3100000|  0%| F|  |TAMS 0x00000000c3000000, 0x00000000c3000000| Untracked 
|  49|0x00000000c3100000, 0x00000000c3100000, 0x00000000c3200000|  0%| F|  |TAMS 0x00000000c3100000, 0x00000000c3100000| Untracked 
|  50|0x00000000c3200000, 0x00000000c3200000, 0x00000000c3300000|  0%| F|  |TAMS 0x00000000c3200000, 0x00000000c3200000| Untracked 
|  51|0x00000000c3300000, 0x00000000c3300000, 0x00000000c3400000|  0%| F|  |TAMS 0x00000000c3300000, 0x00000000c3300000| Untracked 
|  52|0x00000000c3400000, 0x00000000c3400000, 0x00000000c3500000|  0%| F|  |TAMS 0x00000000c3400000, 0x00000000c3400000| Untracked 
|  53|0x00000000c3500000, 0x00000000c3500000, 0x00000000c3600000|  0%| F|  |TAMS 0x00000000c3500000, 0x00000000c3500000| Untracked 
|  54|0x00000000c3600000, 0x00000000c3600000, 0x00000000c3700000|  0%| F|  |TAMS 0x00000000c3600000, 0x00000000c3600000| Untracked 
|  55|0x00000000c3700000, 0x00000000c3700000, 0x00000000c3800000|  0%| F|  |TAMS 0x00000000c3700000, 0x00000000c3700000| Untracked 
|  56|0x00000000c3800000, 0x00000000c3800000, 0x00000000c3900000|  0%| F|  |TAMS 0x00000000c3800000, 0x00000000c3800000| Untracked 
|  57|0x00000000c3900000, 0x00000000c3900000, 0x00000000c3a00000|  0%| F|  |TAMS 0x00000000c3900000, 0x00000000c3900000| Untracked 
|  58|0x00000000c3a00000, 0x00000000c3a00000, 0x00000000c3b00000|  0%| F|  |TAMS 0x00000000c3a00000, 0x00000000c3a00000| Untracked 
|  59|0x00000000c3b00000, 0x00000000c3b00000, 0x00000000c3c00000|  0%| F|  |TAMS 0x00000000c3b00000, 0x00000000c3b00000| Untracked 
|  60|0x00000000c3c00000, 0x00000000c3c00000, 0x00000000c3d00000|  0%| F|  |TAMS 0x00000000c3c00000, 0x00000000c3c00000| Untracked 
|  61|0x00000000c3d00000, 0x00000000c3d00000, 0x00000000c3e00000|  0%| F|  |TAMS 0x00000000c3d00000, 0x00000000c3d00000| Untracked 
|  62|0x00000000c3e00000, 0x00000000c3e00000, 0x00000000c3f00000|  0%| F|  |TAMS 0x00000000c3e00000, 0x00000000c3e00000| Untracked 
|  63|0x00000000c3f00000, 0x00000000c3f00000, 0x00000000c4000000|  0%| F|  |TAMS 0x00000000c3f00000, 0x00000000c3f00000| Untracked 
|  64|0x00000000c4000000, 0x00000000c4000000, 0x00000000c4100000|  0%| F|  |TAMS 0x00000000c4000000, 0x00000000c4000000| Untracked 
|  65|0x00000000c4100000, 0x00000000c4100000, 0x00000000c4200000|  0%| F|  |TAMS 0x00000000c4100000, 0x00000000c4100000| Untracked 
|  66|0x00000000c4200000, 0x00000000c4200000, 0x00000000c4300000|  0%| F|  |TAMS 0x00000000c4200000, 0x00000000c4200000| Untracked 
|  67|0x00000000c4300000, 0x00000000c4300000, 0x00000000c4400000|  0%| F|  |TAMS 0x00000000c4300000, 0x00000000c4300000| Untracked 
|  68|0x00000000c4400000, 0x00000000c4400000, 0x00000000c4500000|  0%| F|  |TAMS 0x00000000c4400000, 0x00000000c4400000| Untracked 
|  69|0x00000000c4500000, 0x00000000c4500000, 0x00000000c4600000|  0%| F|  |TAMS 0x00000000c4500000, 0x00000000c4500000| Untracked 
|  70|0x00000000c4600000, 0x00000000c4600000, 0x00000000c4700000|  0%| F|  |TAMS 0x00000000c4600000, 0x00000000c4600000| Untracked 
|  71|0x00000000c4700000, 0x00000000c4700000, 0x00000000c4800000|  0%| F|  |TAMS 0x00000000c4700000, 0x00000000c4700000| Untracked 
|  72|0x00000000c4800000, 0x00000000c4800000, 0x00000000c4900000|  0%| F|  |TAMS 0x00000000c4800000, 0x00000000c4800000| Untracked 
|  73|0x00000000c4900000, 0x00000000c4900000, 0x00000000c4a00000|  0%| F|  |TAMS 0x00000000c4900000, 0x00000000c4900000| Untracked 
|  74|0x00000000c4a00000, 0x00000000c4a00000, 0x00000000c4b00000|  0%| F|  |TAMS 0x00000000c4a00000, 0x00000000c4a00000| Untracked 
|  75|0x00000000c4b00000, 0x00000000c4b00000, 0x00000000c4c00000|  0%| F|  |TAMS 0x00000000c4b00000, 0x00000000c4b00000| Untracked 
|  76|0x00000000c4c00000, 0x00000000c4c00000, 0x00000000c4d00000|  0%| F|  |TAMS 0x00000000c4c00000, 0x00000000c4c00000| Untracked 
|  77|0x00000000c4d00000, 0x00000000c4d00000, 0x00000000c4e00000|  0%| F|  |TAMS 0x00000000c4d00000, 0x00000000c4d00000| Untracked 
|  78|0x00000000c4e00000, 0x00000000c4e00000, 0x00000000c4f00000|  0%| F|  |TAMS 0x00000000c4e00000, 0x00000000c4e00000| Untracked 
|  79|0x00000000c4f00000, 0x00000000c4f00000, 0x00000000c5000000|  0%| F|  |TAMS 0x00000000c4f00000, 0x00000000c4f00000| Untracked 
|  80|0x00000000c5000000, 0x00000000c5000000, 0x00000000c5100000|  0%| F|  |TAMS 0x00000000c5000000, 0x00000000c5000000| Untracked 
|  81|0x00000000c5100000, 0x00000000c5100000, 0x00000000c5200000|  0%| F|  |TAMS 0x00000000c5100000, 0x00000000c5100000| Untracked 
|  82|0x00000000c5200000, 0x00000000c5200000, 0x00000000c5300000|  0%| F|  |TAMS 0x00000000c5200000, 0x00000000c5200000| Untracked 
|  83|0x00000000c5300000, 0x00000000c5300000, 0x00000000c5400000|  0%| F|  |TAMS 0x00000000c5300000, 0x00000000c5300000| Untracked 
|  84|0x00000000c5400000, 0x00000000c5400000, 0x00000000c5500000|  0%| F|  |TAMS 0x00000000c5400000, 0x00000000c5400000| Untracked 
|  85|0x00000000c5500000, 0x00000000c5500000, 0x00000000c5600000|  0%| F|  |TAMS 0x00000000c5500000, 0x00000000c5500000| Untracked 
|  86|0x00000000c5600000, 0x00000000c5600000, 0x00000000c5700000|  0%| F|  |TAMS 0x00000000c5600000, 0x00000000c5600000| Untracked 
|  87|0x00000000c5700000, 0x00000000c5700000, 0x00000000c5800000|  0%| F|  |TAMS 0x00000000c5700000, 0x00000000c5700000| Untracked 
|  88|0x00000000c5800000, 0x00000000c5800000, 0x00000000c5900000|  0%| F|  |TAMS 0x00000000c5800000, 0x00000000c5800000| Untracked 
|  89|0x00000000c5900000, 0x00000000c5900000, 0x00000000c5a00000|  0%| F|  |TAMS 0x00000000c5900000, 0x00000000c5900000| Untracked 
|  90|0x00000000c5a00000, 0x00000000c5a00000, 0x00000000c5b00000|  0%| F|  |TAMS 0x00000000c5a00000, 0x00000000c5a00000| Untracked 
|  91|0x00000000c5b00000, 0x00000000c5b00000, 0x00000000c5c00000|  0%| F|  |TAMS 0x00000000c5b00000, 0x00000000c5b00000| Untracked 
|  92|0x00000000c5c00000, 0x00000000c5c00000, 0x00000000c5d00000|  0%| F|  |TAMS 0x00000000c5c00000, 0x00000000c5c00000| Untracked 
|  93|0x00000000c5d00000, 0x00000000c5d00000, 0x00000000c5e00000|  0%| F|  |TAMS 0x00000000c5d00000, 0x00000000c5d00000| Untracked 
|  94|0x00000000c5e00000, 0x00000000c5e00000, 0x00000000c5f00000|  0%| F|  |TAMS 0x00000000c5e00000, 0x00000000c5e00000| Untracked 
|  95|0x00000000c5f00000, 0x00000000c5f00000, 0x00000000c6000000|  0%| F|  |TAMS 0x00000000c5f00000, 0x00000000c5f00000| Untracked 
|  96|0x00000000c6000000, 0x00000000c6000000, 0x00000000c6100000|  0%| F|  |TAMS 0x00000000c6000000, 0x00000000c6000000| Untracked 
|  97|0x00000000c6100000, 0x00000000c6100000, 0x00000000c6200000|  0%| F|  |TAMS 0x00000000c6100000, 0x00000000c6100000| Untracked 
|  98|0x00000000c6200000, 0x00000000c6200000, 0x00000000c6300000|  0%| F|  |TAMS 0x00000000c6200000, 0x00000000c6200000| Untracked 
|  99|0x00000000c6300000, 0x00000000c6300000, 0x00000000c6400000|  0%| F|  |TAMS 0x00000000c6300000, 0x00000000c6300000| Untracked 
| 100|0x00000000c6400000, 0x00000000c6400000, 0x00000000c6500000|  0%| F|  |TAMS 0x00000000c6400000, 0x00000000c6400000| Untracked 
| 101|0x00000000c6500000, 0x00000000c6500000, 0x00000000c6600000|  0%| F|  |TAMS 0x00000000c6500000, 0x00000000c6500000| Untracked 
| 102|0x00000000c6600000, 0x00000000c6600000, 0x00000000c6700000|  0%| F|  |TAMS 0x00000000c6600000, 0x00000000c6600000| Untracked 
| 103|0x00000000c6700000, 0x00000000c6700000, 0x00000000c6800000|  0%| F|  |TAMS 0x00000000c6700000, 0x00000000c6700000| Untracked 
| 104|0x00000000c6800000, 0x00000000c6800000, 0x00000000c6900000|  0%| F|  |TAMS 0x00000000c6800000, 0x00000000c6800000| Untracked 
| 105|0x00000000c6900000, 0x00000000c6a00000, 0x00000000c6a00000|100%| E|  |TAMS 0x00000000c6900000, 0x00000000c6900000| Complete 
| 106|0x00000000c6a00000, 0x00000000c6b00000, 0x00000000c6b00000|100%| E|CS|TAMS 0x00000000c6a00000, 0x00000000c6a00000| Complete 
| 107|0x00000000c6b00000, 0x00000000c6c00000, 0x00000000c6c00000|100%| E|CS|TAMS 0x00000000c6b00000, 0x00000000c6b00000| Complete 
| 108|0x00000000c6c00000, 0x00000000c6d00000, 0x00000000c6d00000|100%| E|CS|TAMS 0x00000000c6c00000, 0x00000000c6c00000| Complete 
| 109|0x00000000c6d00000, 0x00000000c6e00000, 0x00000000c6e00000|100%| E|CS|TAMS 0x00000000c6d00000, 0x00000000c6d00000| Complete 
| 110|0x00000000c6e00000, 0x00000000c6f00000, 0x00000000c6f00000|100%| E|CS|TAMS 0x00000000c6e00000, 0x00000000c6e00000| Complete 
| 111|0x00000000c6f00000, 0x00000000c7000000, 0x00000000c7000000|100%| E|CS|TAMS 0x00000000c6f00000, 0x00000000c6f00000| Complete 
| 112|0x00000000c7000000, 0x00000000c7100000, 0x00000000c7100000|100%| E|CS|TAMS 0x00000000c7000000, 0x00000000c7000000| Complete 
| 113|0x00000000c7100000, 0x00000000c7200000, 0x00000000c7200000|100%| E|CS|TAMS 0x00000000c7100000, 0x00000000c7100000| Complete 
| 114|0x00000000c7200000, 0x00000000c7300000, 0x00000000c7300000|100%| E|CS|TAMS 0x00000000c7200000, 0x00000000c7200000| Complete 
| 115|0x00000000c7300000, 0x00000000c7400000, 0x00000000c7400000|100%| E|CS|TAMS 0x00000000c7300000, 0x00000000c7300000| Complete 
| 116|0x00000000c7400000, 0x00000000c7500000, 0x00000000c7500000|100%| E|CS|TAMS 0x00000000c7400000, 0x00000000c7400000| Complete 
| 117|0x00000000c7500000, 0x00000000c7600000, 0x00000000c7600000|100%| E|CS|TAMS 0x00000000c7500000, 0x00000000c7500000| Complete 
| 118|0x00000000c7600000, 0x00000000c7700000, 0x00000000c7700000|100%| E|CS|TAMS 0x00000000c7600000, 0x00000000c7600000| Complete 
| 119|0x00000000c7700000, 0x00000000c7800000, 0x00000000c7800000|100%| E|CS|TAMS 0x00000000c7700000, 0x00000000c7700000| Complete 
| 120|0x00000000c7800000, 0x00000000c7801430, 0x00000000c7900000|  0%| O|  |TAMS 0x00000000c7800000, 0x00000000c7800000| Untracked 
| 121|0x00000000c7900000, 0x00000000c7924208, 0x00000000c7a00000| 14%| O|  |TAMS 0x00000000c7900000, 0x00000000c7900000| Untracked 
| 122|0x00000000c7a00000, 0x00000000c7b00000, 0x00000000c7b00000|100%| E|CS|TAMS 0x00000000c7a00000, 0x00000000c7a00000| Complete 
| 123|0x00000000c7b00000, 0x00000000c7c00000, 0x00000000c7c00000|100%| E|CS|TAMS 0x00000000c7b00000, 0x00000000c7b00000| Complete 
| 124|0x00000000c7c00000, 0x00000000c7d00000, 0x00000000c7d00000|100%| E|CS|TAMS 0x00000000c7c00000, 0x00000000c7c00000| Complete 
| 125|0x00000000c7d00000, 0x00000000c7e00000, 0x00000000c7e00000|100%| E|CS|TAMS 0x00000000c7d00000, 0x00000000c7d00000| Complete 
| 126|0x00000000c7e00000, 0x00000000c7f00000, 0x00000000c7f00000|100%| E|CS|TAMS 0x00000000c7e00000, 0x00000000c7e00000| Complete 
| 127|0x00000000c7f00000, 0x00000000c8000000, 0x00000000c8000000|100%| E|CS|TAMS 0x00000000c7f00000, 0x00000000c7f00000| Complete 
| 128|0x00000000c8000000, 0x00000000c8100000, 0x00000000c8100000|100%| E|CS|TAMS 0x00000000c8000000, 0x00000000c8000000| Complete 
| 129|0x00000000c8100000, 0x00000000c8200000, 0x00000000c8200000|100%| E|CS|TAMS 0x00000000c8100000, 0x00000000c8100000| Complete 
| 130|0x00000000c8200000, 0x00000000c8300000, 0x00000000c8300000|100%| E|CS|TAMS 0x00000000c8200000, 0x00000000c8200000| Complete 
| 131|0x00000000c8300000, 0x00000000c8400000, 0x00000000c8400000|100%| E|CS|TAMS 0x00000000c8300000, 0x00000000c8300000| Complete 
| 132|0x00000000c8400000, 0x00000000c8500000, 0x00000000c8500000|100%| E|CS|TAMS 0x00000000c8400000, 0x00000000c8400000| Complete 
| 133|0x00000000c8500000, 0x00000000c8600000, 0x00000000c8600000|100%| E|CS|TAMS 0x00000000c8500000, 0x00000000c8500000| Complete 
| 135|0x00000000c8700000, 0x00000000c877f378, 0x00000000c8800000| 49%| O|  |TAMS 0x00000000c8700000, 0x00000000c8700000| Untracked 

Card table byte_map: [0x0000011025da0000,0x0000011025fa0000] _byte_map_base: 0x00000110257a0000

Marking Bits (Prev, Next): (CMBitMap*) 0x000001107f6cf748, (CMBitMap*) 0x000001107f6cf788
 Prev Bits: [0x00000110261a0000, 0x00000110271a0000)
 Next Bits: [0x00000110271a0000, 0x00000110281a0000)

Polling page: 0x000001100d470000

Metaspace:

Usage:
  Non-class:      4.36 MB capacity,     2.20 MB ( 50%) used,     2.16 MB ( 49%) free+waste,     5.25 KB ( <1%) overhead. 
      Class:    464.00 KB capacity,   220.28 KB ( 47%) used,   240.97 KB ( 52%) free+waste,     2.75 KB ( <1%) overhead. 
       Both:      4.81 MB capacity,     2.41 MB ( 50%) used,     2.39 MB ( 50%) free+waste,     8.00 KB ( <1%) overhead. 

Virtual space:
  Non-class space:        8.00 MB reserved,       4.50 MB ( 56%) committed 
      Class space:        1.00 GB reserved,     512.00 KB ( <1%) committed 
             Both:        1.01 GB reserved,       5.00 MB ( <1%) committed 

Chunk freelists:
   Non-Class:  19.00 KB
       Class:  0 bytes
        Both:  19.00 KB

MaxMetaspaceSize: 17179869184.00 GB
CompressedClassSpaceSize: 1.00 GB

CodeHeap 'non-profiled nmethods': size=120000Kb used=347Kb max_used=347Kb free=119652Kb
 bounds [0x000001101e340000, 0x000001101e5b0000, 0x0000011025870000]
CodeHeap 'profiled nmethods': size=120000Kb used=1375Kb max_used=1375Kb free=118624Kb
 bounds [0x0000011016e10000, 0x0000011017080000, 0x000001101e340000]
CodeHeap 'non-nmethods': size=5760Kb used=1136Kb max_used=1165Kb free=4623Kb
 bounds [0x0000011016870000, 0x0000011016ae0000, 0x0000011016e10000]
 total_blobs=1187 nmethods=806 adapters=293
 compilation: enabled
              stopped_count=0, restarted_count=0
 full_count=0

Compilation events (20 events):
Event: 0.554 Thread 0x000001100c449800 nmethod 771 0x000001101e389310 code [0x000001101e3894a0, 0x000001101e389558]
Event: 0.554 Thread 0x000001100c449800  792       4       java.nio.ByteBuffer::position (8 bytes)
Event: 0.554 Thread 0x000001106e5cf000 nmethod 806 0x0000011016f67490 code [0x0000011016f67680, 0x0000011016f67cd8]
Event: 0.554 Thread 0x000001106e5cf000  807       1       jdk.internal.loader.URLClassPath$Loader::getBaseURL (5 bytes)
Event: 0.554 Thread 0x000001106e5cf000 nmethod 807 0x000001101e389610 code [0x000001101e3897a0, 0x000001101e389878]
Event: 0.554 Thread 0x000001100c449800 nmethod 792 0x000001101e389910 code [0x000001101e389ac0, 0x000001101e389bd8]
Event: 0.554 Thread 0x000001100c449800  766       4       jdk.internal.jrtfs.JrtPath::isAbsolute (29 bytes)
Event: 0.556 Thread 0x000001100c449800 nmethod 766 0x000001101e389c90 code [0x000001101e389e40, 0x000001101e389f98]
Event: 0.556 Thread 0x000001100c449800  754       4       jdk.internal.jrtfs.JrtPath::<init> (31 bytes)
Event: 0.559 Thread 0x000001100c449800 nmethod 754 0x000001101e38a090 code [0x000001101e38a220, 0x000001101e38a4f8]
Event: 0.559 Thread 0x000001100c449800  733   !   4       jdk.internal.jimage.ImageReader$SharedImageReader::imageFileAttributes (46 bytes)
Event: 0.559 Thread 0x000001100c449800 nmethod 733 0x000001101e38a590 code [0x000001101e38a720, 0x000001101e38a7d8]
Event: 0.559 Thread 0x000001100c449800  737       4       java.nio.ByteBufferAsIntBufferL::get (31 bytes)
Event: 0.561 Thread 0x000001100c449800 nmethod 737 0x000001101e38a890 code [0x000001101e38aa40, 0x000001101e38ab98]
Event: 0.561 Thread 0x000001100c449800  740       4       jdk.internal.jimage.ImageReader$SharedImageReader::lambda$handleModulesSubTree$1 (43 bytes)
Event: 0.569 Thread 0x000001102b825800 nmethod 717 0x000001101e38ad10 code [0x000001101e38b4a0, 0x000001101e38f338]
Event: 0.570 Thread 0x000001102b825800  785       4       java.util.stream.Sink$ChainedReference::cancellationRequested (10 bytes)
Event: 0.571 Thread 0x000001102b825800 nmethod 785 0x000001101e390d10 code [0x000001101e390ee0, 0x000001101e391048]
Event: 0.599 Thread 0x000001102b822000 nmethod 735 0x000001101e391190 code [0x000001101e3917e0, 0x000001101e395410]
Event: 0.624 Thread 0x000001106e5cf000  808       3       java.util.HashMap$HashIterator::nextNode (100 bytes)

GC Heap History (12 events):
Event: 0.206 GC heap before
{Heap before GC invocations=0 (full 0):
 garbage-first heap   total 262144K, used 3072K [0x00000000c0000000, 0x0000000100000000)
  region size 1024K, 4 young (4096K), 0 survivors (0K)
 Metaspace       used 1240K, capacity 4707K, committed 4864K, reserved 1056768K
  class space    used 122K, capacity 440K, committed 512K, reserved 1048576K
}
Event: 0.211 GC heap after
{Heap after GC invocations=1 (full 1):
 garbage-first heap   total 14336K, used 1406K [0x00000000c0000000, 0x0000000100000000)
  region size 1024K, 0 young (0K), 0 survivors (0K)
 Metaspace       used 1240K, capacity 4707K, committed 4864K, reserved 1056768K
  class space    used 122K, capacity 440K, committed 512K, reserved 1048576K
}
Event: 0.370 GC heap before
{Heap before GC invocations=1 (full 1):
 garbage-first heap   total 14336K, used 4478K [0x00000000c0000000, 0x0000000100000000)
  region size 1024K, 3 young (3072K), 0 survivors (0K)
 Metaspace       used 2134K, capacity 4847K, committed 5120K, reserved 1056768K
  class space    used 199K, capacity 462K, committed 512K, reserved 1048576K
}
Event: 0.371 GC heap after
{Heap after GC invocations=2 (full 1):
 garbage-first heap   total 14336K, used 2021K [0x00000000c0000000, 0x0000000100000000)
  region size 1024K, 1 young (1024K), 1 survivors (1024K)
 Metaspace       used 2134K, capacity 4847K, committed 5120K, reserved 1056768K
  class space    used 199K, capacity 462K, committed 512K, reserved 1048576K
}
Event: 0.390 GC heap before
{Heap before GC invocations=2 (full 1):
 garbage-first heap   total 14336K, used 5093K [0x00000000c0000000, 0x0000000100000000)
  region size 1024K, 4 young (4096K), 1 survivors (1024K)
 Metaspace       used 2189K, capacity 4850K, committed 5120K, reserved 1056768K
  class space    used 199K, capacity 462K, committed 512K, reserved 1048576K
}
Event: 0.393 GC heap after
{Heap after GC invocations=3 (full 1):
 garbage-first heap   total 14336K, used 2357K [0x00000000c0000000, 0x0000000100000000)
  region size 1024K, 1 young (1024K), 1 survivors (1024K)
 Metaspace       used 2189K, capacity 4850K, committed 5120K, reserved 1056768K
  class space    used 199K, capacity 462K, committed 512K, reserved 1048576K
}
Event: 0.409 GC heap before
{Heap before GC invocations=3 (full 1):
 garbage-first heap   total 14336K, used 5429K [0x00000000c0000000, 0x0000000100000000)
  region size 1024K, 4 young (4096K), 1 survivors (1024K)
 Metaspace       used 2196K, capacity 4850K, committed 5120K, reserved 1056768K
  class space    used 199K, capacity 462K, committed 512K, reserved 1048576K
}
Event: 0.410 GC heap after
{Heap after GC invocations=4 (full 1):
 garbage-first heap   total 14336K, used 2573K [0x00000000c0000000, 0x0000000100000000)
  region size 1024K, 1 young (1024K), 1 survivors (1024K)
 Metaspace       used 2196K, capacity 4850K, committed 5120K, reserved 1056768K
  class space    used 199K, capacity 462K, committed 512K, reserved 1048576K
}
Event: 0.421 GC heap before
{Heap before GC invocations=4 (full 1):
 garbage-first heap   total 14336K, used 5645K [0x00000000c0000000, 0x0000000100000000)
  region size 1024K, 4 young (4096K), 1 survivors (1024K)
 Metaspace       used 2199K, capacity 4850K, committed 5120K, reserved 1056768K
  class space    used 199K, capacity 462K, committed 512K, reserved 1048576K
}
Event: 0.423 GC heap after
{Heap after GC invocations=5 (full 1):
 garbage-first heap   total 14336K, used 2839K [0x00000000c0000000, 0x0000000100000000)
  region size 1024K, 1 young (1024K), 1 survivors (1024K)
 Metaspace       used 2199K, capacity 4850K, committed 5120K, reserved 1056768K
  class space    used 199K, capacity 462K, committed 512K, reserved 1048576K
}
Event: 0.440 GC heap before
{Heap before GC invocations=5 (full 1):
 garbage-first heap   total 14336K, used 6935K [0x00000000c0000000, 0x0000000100000000)
  region size 1024K, 5 young (5120K), 1 survivors (1024K)
 Metaspace       used 2203K, capacity 4850K, committed 5120K, reserved 1056768K
  class space    used 199K, capacity 462K, committed 512K, reserved 1048576K
}
Event: 0.444 GC heap after
{Heap after GC invocations=6 (full 1):
 garbage-first heap   total 138240K, used 3208K [0x00000000c0000000, 0x0000000100000000)
  region size 1024K, 1 young (1024K), 1 survivors (1024K)
 Metaspace       used 2203K, capacity 4850K, committed 5120K, reserved 1056768K
  class space    used 199K, capacity 462K, committed 512K, reserved 1048576K
}

Deoptimization events (20 events):
Event: 0.431 Thread 0x000001106e5ce000 Uncommon trap: trap_request=0xffffffbe fr.pc=0x000001101e375418 relative=0x0000000000000938
Event: 0.431 Thread 0x000001106e5ce000 Uncommon trap: reason=profile_predicate action=maybe_recompile pc=0x000001101e375418 method=jdk.internal.jimage.ImageStringsReader.charsFromByteBuffer([CLjava/nio/ByteBuffer;)V @ 6 c2
Event: 0.431 Thread 0x000001106e5ce000 DEOPT PACKING pc=0x000001101e375418 sp=0x0000000dbede6790
Event: 0.431 Thread 0x000001106e5ce000 DEOPT UNPACKING pc=0x00000110168b912f sp=0x0000000dbede6668 mode 2
Event: 0.431 Thread 0x000001106e5ce000 Uncommon trap: trap_request=0xffffffbe fr.pc=0x000001101e375418 relative=0x0000000000000938
Event: 0.431 Thread 0x000001106e5ce000 Uncommon trap: reason=profile_predicate action=maybe_recompile pc=0x000001101e375418 method=jdk.internal.jimage.ImageStringsReader.charsFromByteBuffer([CLjava/nio/ByteBuffer;)V @ 6 c2
Event: 0.431 Thread 0x000001106e5ce000 DEOPT PACKING pc=0x000001101e375418 sp=0x0000000dbede6790
Event: 0.431 Thread 0x000001106e5ce000 DEOPT UNPACKING pc=0x00000110168b912f sp=0x0000000dbede6668 mode 2
Event: 0.431 Thread 0x000001106e5ce000 Uncommon trap: trap_request=0xffffffbe fr.pc=0x000001101e375418 relative=0x0000000000000938
Event: 0.431 Thread 0x000001106e5ce000 Uncommon trap: reason=profile_predicate action=maybe_recompile pc=0x000001101e375418 method=jdk.internal.jimage.ImageStringsReader.charsFromByteBuffer([CLjava/nio/ByteBuffer;)V @ 6 c2
Event: 0.431 Thread 0x000001106e5ce000 DEOPT PACKING pc=0x000001101e375418 sp=0x0000000dbede6790
Event: 0.431 Thread 0x000001106e5ce000 DEOPT UNPACKING pc=0x00000110168b912f sp=0x0000000dbede6668 mode 2
Event: 0.446 Thread 0x000001106e5ce000 Uncommon trap: trap_request=0xffffffbe fr.pc=0x000001101e3789e8 relative=0x00000000000009a8
Event: 0.446 Thread 0x000001106e5ce000 Uncommon trap: reason=profile_predicate action=maybe_recompile pc=0x000001101e3789e8 method=jdk.internal.jimage.ImageStringsReader.charsFromByteBuffer([CLjava/nio/ByteBuffer;)V @ 6 c2
Event: 0.446 Thread 0x000001106e5ce000 DEOPT PACKING pc=0x000001101e3789e8 sp=0x0000000dbede6870
Event: 0.446 Thread 0x000001106e5ce000 DEOPT UNPACKING pc=0x00000110168b912f sp=0x0000000dbede6678 mode 2
Event: 0.542 Thread 0x000001106e5ce000 Uncommon trap: trap_request=0xffffffbe fr.pc=0x000001101e37370c relative=0x000000000000046c
Event: 0.542 Thread 0x000001106e5ce000 Uncommon trap: reason=profile_predicate action=maybe_recompile pc=0x000001101e37370c method=java.lang.StringLatin1.indexOf([BI[BII)I @ 18 c2
Event: 0.542 Thread 0x000001106e5ce000 DEOPT PACKING pc=0x000001101e37370c sp=0x0000000dbede7c40
Event: 0.542 Thread 0x000001106e5ce000 DEOPT UNPACKING pc=0x00000110168b912f sp=0x0000000dbede7ba0 mode 2

Classes unloaded (0 events):
No events

Classes redefined (0 events):
No events

Internal exceptions (5 events):
Event: 0.058 Thread 0x000001106e5ce000 Exception <a 'java/io/IOException'{0x00000000cff985b8}: Bad pathname> (0x00000000cff985b8) 
thrown [./open/src/hotspot/share/prims/jni.cpp, line 620]
Event: 0.070 Thread 0x000001106e5ce000 Exception <a 'java/io/IOException'{0x00000000cff9c580}: Bad pathname> (0x00000000cff9c580) 
thrown [./open/src/hotspot/share/prims/jni.cpp, line 620]
Event: 0.113 Thread 0x000001106e5ce000 Exception <a 'java/lang/NoClassDefFoundError'{0x00000000cfea5ed8}: org/jpype/classloader/DynamicClassLoader> (0x00000000cfea5ed8) 
thrown [./open/src/hotspot/share/classfile/systemDictionary.cpp, line 215]
Event: 0.171 Thread 0x000001106e5ce000 Exception <a 'java/lang/IncompatibleClassChangeError'{0x00000000cfd68ce8}: Found class java.lang.Object, but interface was expected> (0x00000000cfd68ce8) 
thrown [./open/src/hotspot/share/interpreter/linkResolver.cpp, line 832]
Event: 0.355 Thread 0x000001106e5ce000 Exception <a 'java/lang/NoSuchMethodError'{0x00000000c0855e28}: 'void java.lang.invoke.DirectMethodHandle$Holder.invokeSpecial(java.lang.Object, java.lang.Object, java.lang.Object, java.lang.Object)'> (0x00000000c0855e28) 
thrown [./open/src/hotspot/share/interpreter/linkResolver.cpp, line 766]

Events (20 events):
Event: 0.547 loading class java/nio/channels/SelectableChannel
Event: 0.547 loading class java/nio/channels/SelectableChannel done
Event: 0.547 loading class sun/nio/ch/NativeThread
Event: 0.548 loading class sun/nio/ch/NativeThread done
Event: 0.548 loading class sun/nio/ch/Util
Event: 0.548 loading class sun/nio/ch/Util done
Event: 0.548 loading class sun/nio/ch/Util$1
Event: 0.548 loading class sun/nio/ch/Util$1 done
Event: 0.548 loading class sun/nio/ch/Util$BufferCache
Event: 0.548 loading class sun/nio/ch/Util$BufferCache done
Event: 0.548 loading class java/nio/DirectByteBuffer$Deallocator
Event: 0.548 loading class java/nio/DirectByteBuffer$Deallocator done
Event: 0.548 loading class sun/nio/ch/IOStatus
Event: 0.548 loading class sun/nio/ch/IOStatus done
Event: 0.623 Executing VM operation: HandshakeOneThread
Event: 0.623 Executing VM operation: HandshakeOneThread done
Event: 0.623 Executing VM operation: HandshakeOneThread
Event: 0.623 Executing VM operation: HandshakeOneThread done
Event: 0.623 Thread 0x000001106e5cf800 Thread exited: 0x000001106e5cf800
Event: 0.624 Thread 0x000001102b823000 Thread exited: 0x000001102b823000


Dynamic libraries:
0x00007ff6cc130000 - 0x00007ff6cc14b000 	C:\Users\multicampus\Desktop\new5\palette\venv\Scripts\python.exe
0x00007ffa935d0000 - 0x00007ffa937bd000 	C:\Windows\SYSTEM32\ntdll.dll
0x00007ffa93440000 - 0x00007ffa934f3000 	C:\Windows\System32\KERNEL32.DLL
0x00007ffa90290000 - 0x00007ffa90525000 	C:\Windows\System32\KERNELBASE.dll
0x00007ffa900e0000 - 0x00007ffa901da000 	C:\Windows\System32\ucrtbase.dll
0x00007ffa8adf0000 - 0x00007ffa8ae06000 	C:\Users\multicampus\Desktop\new5\palette\venv\Scripts\VCRUNTIME140.dll
0x00007ffa2fb50000 - 0x00007ffa2ff0f000 	C:\Users\multicampus\Desktop\new5\palette\venv\Scripts\python37.dll
0x00007ffa928a0000 - 0x00007ffa928f2000 	C:\Windows\System32\SHLWAPI.dll
0x00007ffa93500000 - 0x00007ffa9359e000 	C:\Windows\System32\msvcrt.dll
0x00007ffa90c50000 - 0x00007ffa90f7d000 	C:\Windows\System32\combase.dll
0x00007ffa908f0000 - 0x00007ffa90a12000 	C:\Windows\System32\RPCRT4.dll
0x00007ffa89660000 - 0x00007ffa8966a000 	C:\Windows\SYSTEM32\VERSION.dll
0x00007ffa8f720000 - 0x00007ffa8f79e000 	C:\Windows\System32\bcryptPrimitives.dll
0x00007ffa93410000 - 0x00007ffa93439000 	C:\Windows\System32\GDI32.dll
0x00007ffa90530000 - 0x00007ffa906cc000 	C:\Windows\System32\gdi32full.dll
0x00007ffa90700000 - 0x00007ffa907a0000 	C:\Windows\System32\msvcp_win.dll
0x00007ffa92df0000 - 0x00007ffa92f87000 	C:\Windows\System32\USER32.dll
0x00007ffa8f700000 - 0x00007ffa8f720000 	C:\Windows\System32\win32u.dll
0x00007ffa929b0000 - 0x00007ffa92a1d000 	C:\Windows\System32\WS2_32.dll
0x00007ffa92a80000 - 0x00007ffa92b23000 	C:\Windows\System32\ADVAPI32.dll
0x00007ffa907f0000 - 0x00007ffa9088e000 	C:\Windows\System32\sechost.dll
0x00007ffa90f80000 - 0x00007ffa90fae000 	C:\Windows\System32\IMM32.DLL
0x00007ffa8f6e0000 - 0x00007ffa8f6f7000 	C:\Windows\System32\CRYPTSP.dll
0x00007ffa8e900000 - 0x00007ffa8e933000 	C:\Windows\system32\rsaenh.dll
0x00007ffa906d0000 - 0x00007ffa906f6000 	C:\Windows\System32\bcrypt.dll
0x00007ffa8eef0000 - 0x00007ffa8eefc000 	C:\Windows\SYSTEM32\CRYPTBASE.dll
0x00007ffa8ade0000 - 0x00007ffa8adef000 	C:\Users\multicampus\Desktop\new5\palette\venv\Scripts\python3.dll
0x00007ffa7f890000 - 0x00007ffa7f8d4000 	c:\users\multicampus\appdata\local\programs\python\python37\DLLs\_decimal.pyd
0x00007ffa87d70000 - 0x00007ffa87d85000 	c:\users\multicampus\appdata\local\programs\python\python37\DLLs\_socket.pyd
0x00007ffa8add0000 - 0x00007ffa8add9000 	c:\users\multicampus\appdata\local\programs\python\python37\DLLs\select.pyd
0x00007ffa73f70000 - 0x00007ffa73f8f000 	c:\users\multicampus\appdata\local\programs\python\python37\DLLs\_ssl.pyd
0x00007ffa8f7a0000 - 0x00007ffa8f97c000 	C:\Windows\System32\CRYPT32.dll
0x00007ffa8f5b0000 - 0x00007ffa8f5c2000 	C:\Windows\System32\MSASN1.dll
0x00007ffa502b0000 - 0x00007ffa50516000 	c:\users\multicampus\appdata\local\programs\python\python37\DLLs\libcrypto-1_1-x64.dll
0x00007ffa68a90000 - 0x00007ffa68b15000 	c:\users\multicampus\appdata\local\programs\python\python37\DLLs\libssl-1_1-x64.dll
0x00007ffa69fc0000 - 0x00007ffa69fd4000 	c:\users\multicampus\appdata\local\programs\python\python37\DLLs\_asyncio.pyd
0x00007ffa7fce0000 - 0x00007ffa7fced000 	c:\users\multicampus\appdata\local\programs\python\python37\DLLs\_overlapped.pyd
0x00007ffa8ed70000 - 0x00007ffa8edd7000 	C:\Windows\system32\mswsock.dll
0x00007ffa69fa0000 - 0x00007ffa69fb8000 	c:\users\multicampus\appdata\local\programs\python\python37\DLLs\_bz2.pyd
0x00007ffa62c50000 - 0x00007ffa62c91000 	c:\users\multicampus\appdata\local\programs\python\python37\DLLs\_lzma.pyd
0x00007ffa7c010000 - 0x00007ffa7c01d000 	c:\users\multicampus\appdata\local\programs\python\python37\DLLs\_hashlib.pyd
0x00007ffa7b750000 - 0x00007ffa7b759000 	c:\users\multicampus\appdata\local\programs\python\python37\DLLs\_queue.pyd
0x00007ffa58660000 - 0x00007ffa58768000 	c:\users\multicampus\appdata\local\programs\python\python37\DLLs\unicodedata.pyd
0x00007ffa69f70000 - 0x00007ffa69f93000 	c:\users\multicampus\appdata\local\programs\python\python37\DLLs\_ctypes.pyd
0x00007ffa92c60000 - 0x00007ffa92db6000 	C:\Windows\System32\ole32.dll
0x00007ffa924c0000 - 0x00007ffa92584000 	C:\Windows\System32\OLEAUT32.dll
0x00007ffa68c50000 - 0x00007ffa68c67000 	c:\users\multicampus\appdata\local\programs\python\python37\DLLs\_sqlite3.pyd
0x00007ffa4a230000 - 0x00007ffa4a355000 	c:\users\multicampus\appdata\local\programs\python\python37\DLLs\sqlite3.dll
0x00007ffa8f630000 - 0x00007ffa8f641000 	C:\Windows\System32\kernel.appcore.dll
0x00007ffa84890000 - 0x00007ffa848da000 	C:\Users\multicampus\Desktop\new5\palette\venv\lib\site-packages\_yaml.cp37-win_amd64.pyd
0x00007ffa84850000 - 0x00007ffa84885000 	c:\users\multicampus\appdata\local\programs\python\python37\DLLs\_elementtree.pyd
0x00007ffa84770000 - 0x00007ffa847a2000 	c:\users\multicampus\appdata\local\programs\python\python37\DLLs\pyexpat.pyd
0x000000006e540000 - 0x00000000701c8000 	C:\Users\multicampus\Desktop\new5\palette\venv\lib\site-packages\numpy\.libs\libopenblas.PYQHXLVVQ7VESDPUVUADXEVJOBGHJPAY.gfortran-win_amd64.dll
0x00007ffa35a20000 - 0x00007ffa35cd7000 	C:\Users\multicampus\Desktop\new5\palette\venv\lib\site-packages\numpy\core\_multiarray_umath.cp37-win_amd64.pyd
0x00007ffa84830000 - 0x00007ffa8484f000 	C:\Users\multicampus\Desktop\new5\palette\venv\lib\site-packages\numpy\core\_multiarray_tests.cp37-win_amd64.pyd
0x00007ffa84820000 - 0x00007ffa8482b000 	C:\Users\multicampus\Desktop\new5\palette\venv\lib\site-packages\numpy\linalg\lapack_lite.cp37-win_amd64.pyd
0x00007ffa7afd0000 - 0x00007ffa7aff6000 	C:\Users\multicampus\Desktop\new5\palette\venv\lib\site-packages\numpy\linalg\_umath_linalg.cp37-win_amd64.pyd
0x00007ffa84750000 - 0x00007ffa84770000 	C:\Users\multicampus\Desktop\new5\palette\venv\lib\site-packages\numpy\fft\_pocketfft_internal.cp37-win_amd64.pyd
0x00007ffa52fe0000 - 0x00007ffa5306d000 	C:\Users\multicampus\Desktop\new5\palette\venv\lib\site-packages\numpy\random\mtrand.cp37-win_amd64.pyd
0x00007ffa77a70000 - 0x00007ffa77a99000 	C:\Users\multicampus\Desktop\new5\palette\venv\lib\site-packages\numpy\random\_bit_generator.cp37-win_amd64.pyd
0x00007ffa65130000 - 0x00007ffa6515d000 	C:\Users\multicampus\Desktop\new5\palette\venv\lib\site-packages\numpy\random\_common.cp37-win_amd64.pyd
0x00007ffa62c00000 - 0x00007ffa62c46000 	C:\Users\multicampus\Desktop\new5\palette\venv\lib\site-packages\numpy\random\_bounded_integers.cp37-win_amd64.pyd
0x00007ffa73e90000 - 0x00007ffa73eac000 	C:\Users\multicampus\Desktop\new5\palette\venv\lib\site-packages\numpy\random\_mt19937.cp37-win_amd64.pyd
0x00007ffa641b0000 - 0x00007ffa641c7000 	C:\Users\multicampus\Desktop\new5\palette\venv\lib\site-packages\numpy\random\_philox.cp37-win_amd64.pyd
0x00007ffa5a7d0000 - 0x00007ffa5a7e5000 	C:\Users\multicampus\Desktop\new5\palette\venv\lib\site-packages\numpy\random\_pcg64.cp37-win_amd64.pyd
0x00007ffa58fa0000 - 0x00007ffa58fb2000 	C:\Users\multicampus\Desktop\new5\palette\venv\lib\site-packages\numpy\random\_sfc64.cp37-win_amd64.pyd
0x00007ffa4e2b0000 - 0x00007ffa4e34f000 	C:\Users\multicampus\Desktop\new5\palette\venv\lib\site-packages\numpy\random\_generator.cp37-win_amd64.pyd
0x00007ffa470c0000 - 0x00007ffa471e2000 	C:\Users\multicampus\Desktop\new5\palette\venv\lib\site-packages\pandas\_libs\interval.cp37-win_amd64.pyd
0x00007ffa4ce10000 - 0x00007ffa4ce9a000 	C:\Users\multicampus\Desktop\new5\palette\venv\lib\site-packages\pandas\_libs\hashtable.cp37-win_amd64.pyd
0x00007ffa58ef0000 - 0x00007ffa58f1e000 	C:\Users\multicampus\Desktop\new5\palette\venv\lib\site-packages\pandas\_libs\missing.cp37-win_amd64.pyd
0x00007ffa58f80000 - 0x00007ffa58fa0000 	C:\Users\multicampus\Desktop\new5\palette\venv\lib\site-packages\pandas\_libs\tslibs\dtypes.cp37-win_amd64.pyd
0x00007ffa58bc0000 - 0x00007ffa58c00000 	C:\Users\multicampus\Desktop\new5\palette\venv\lib\site-packages\pandas\_libs\tslibs\conversion.cp37-win_amd64.pyd
0x00007ffa77a60000 - 0x00007ffa77a70000 	C:\Users\multicampus\Desktop\new5\palette\venv\lib\site-packages\pandas\_libs\tslibs\base.cp37-win_amd64.pyd
0x00007ffa58550000 - 0x00007ffa58583000 	C:\Users\multicampus\Desktop\new5\palette\venv\lib\site-packages\pandas\_libs\tslibs\nattype.cp37-win_amd64.pyd
0x00007ffa74170000 - 0x00007ffa74180000 	C:\Users\multicampus\Desktop\new5\palette\venv\lib\site-packages\pandas\_libs\tslibs\np_datetime.cp37-win_amd64.pyd
0x00007ffa58490000 - 0x00007ffa584c7000 	C:\Users\multicampus\Desktop\new5\palette\venv\lib\site-packages\pandas\_libs\tslibs\timezones.cp37-win_amd64.pyd
0x00007ffa55040000 - 0x00007ffa5507e000 	C:\Users\multicampus\Desktop\new5\palette\venv\lib\site-packages\pandas\_libs\tslibs\tzconversion.cp37-win_amd64.pyd
0x00007ffa58ba0000 - 0x00007ffa58bb3000 	C:\Users\multicampus\Desktop\new5\palette\venv\lib\site-packages\pandas\_libs\tslibs\ccalendar.cp37-win_amd64.pyd
0x00007ffa52f80000 - 0x00007ffa52fd7000 	C:\Users\multicampus\Desktop\new5\palette\venv\lib\site-packages\pandas\_libs\tslibs\parsing.cp37-win_amd64.pyd
0x00007ffa46fe0000 - 0x00007ffa470b8000 	C:\Users\multicampus\Desktop\new5\palette\venv\lib\site-packages\pandas\_libs\tslibs\offsets.cp37-win_amd64.pyd
0x00007ffa50240000 - 0x00007ffa502a4000 	C:\Users\multicampus\Desktop\new5\palette\venv\lib\site-packages\pandas\_libs\tslibs\timedeltas.cp37-win_amd64.pyd
0x00007ffa4a950000 - 0x00007ffa4a9b7000 	C:\Users\multicampus\Desktop\new5\palette\venv\lib\site-packages\pandas\_libs\tslibs\timestamps.cp37-win_amd64.pyd
0x00007ffa53220000 - 0x00007ffa5325f000 	C:\Users\multicampus\Desktop\new5\palette\venv\lib\site-packages\pandas\_libs\tslibs\fields.cp37-win_amd64.pyd
0x00007ffa4e250000 - 0x00007ffa4e2a2000 	C:\Users\multicampus\Desktop\new5\palette\venv\lib\site-packages\pandas\_libs\tslibs\strptime.cp37-win_amd64.pyd
0x00007ffa58640000 - 0x00007ffa58654000 	C:\Users\multicampus\Desktop\new5\palette\venv\lib\site-packages\pandas\_libs\properties.cp37-win_amd64.pyd
0x00007ffa46df0000 - 0x00007ffa46e4f000 	C:\Users\multicampus\Desktop\new5\palette\venv\lib\site-packages\pandas\_libs\tslibs\period.cp37-win_amd64.pyd
0x00007ffa50530000 - 0x00007ffa50567000 	C:\Users\multicampus\Desktop\new5\palette\venv\lib\site-packages\pandas\_libs\tslibs\vectorized.cp37-win_amd64.pyd
0x00007ffa58530000 - 0x00007ffa58542000 	C:\Users\multicampus\Desktop\new5\palette\venv\lib\site-packages\pandas\_libs\ops_dispatch.cp37-win_amd64.pyd
0x00007ffa422b0000 - 0x00007ffa423f5000 	C:\Users\multicampus\Desktop\new5\palette\venv\lib\site-packages\pandas\_libs\algos.cp37-win_amd64.pyd
0x00007ffa46b80000 - 0x00007ffa46bf9000 	C:\Users\multicampus\Desktop\new5\palette\venv\lib\site-packages\pandas\_libs\lib.cp37-win_amd64.pyd
0x00007ffa46fb0000 - 0x00007ffa46fd8000 	C:\Users\multicampus\Desktop\new5\palette\venv\lib\site-packages\pandas\_libs\tslib.cp37-win_amd64.pyd
0x00007ffa46b50000 - 0x00007ffa46b7d000 	C:\Users\multicampus\Desktop\new5\palette\venv\lib\site-packages\pandas\_libs\hashing.cp37-win_amd64.pyd
0x00007ffa43cb0000 - 0x00007ffa43ce4000 	C:\Users\multicampus\Desktop\new5\palette\venv\lib\site-packages\pandas\_libs\ops.cp37-win_amd64.pyd
0x00007ffa43c30000 - 0x00007ffa43cad000 	C:\Users\multicampus\Desktop\new5\palette\venv\lib\site-packages\pandas\_libs\index.cp37-win_amd64.pyd
0x00007ffa362f0000 - 0x00007ffa364ea000 	C:\Users\multicampus\Desktop\new5\palette\venv\lib\site-packages\pandas\_libs\join.cp37-win_amd64.pyd
0x00007ffa420e0000 - 0x00007ffa421b3000 	C:\Users\multicampus\Desktop\new5\palette\venv\lib\site-packages\pandas\_libs\sparse.cp37-win_amd64.pyd
0x00007ffa420a0000 - 0x00007ffa420df000 	C:\Users\multicampus\Desktop\new5\palette\venv\lib\site-packages\pandas\_libs\reshape.cp37-win_amd64.pyd
0x00007ffa73f60000 - 0x00007ffa73f70000 	C:\Users\multicampus\Desktop\new5\palette\venv\lib\site-packages\pandas\_libs\indexing.cp37-win_amd64.pyd
0x00007ffa42060000 - 0x00007ffa42093000 	C:\Users\multicampus\Desktop\new5\palette\venv\lib\site-packages\pandas\_libs\writers.cp37-win_amd64.pyd
0x00007ffa42020000 - 0x00007ffa4205b000 	C:\Users\multicampus\Desktop\new5\palette\venv\lib\site-packages\pandas\_libs\internals.cp37-win_amd64.pyd
0x00007ffa41f70000 - 0x00007ffa41fcc000 	C:\Users\multicampus\Desktop\new5\palette\venv\lib\site-packages\pandas\_libs\window\aggregations.cp37-win_amd64.pyd
0x00007ffa41920000 - 0x00007ffa419bb000 	C:\Users\multicampus\Desktop\new5\palette\venv\lib\site-packages\pandas\_libs\window\MSVCP140.dll
0x00007ffa46b20000 - 0x00007ffa46b4b000 	C:\Users\multicampus\Desktop\new5\palette\venv\lib\site-packages\pandas\_libs\window\indexers.cp37-win_amd64.pyd
0x00007ffa2d720000 - 0x00007ffa2d811000 	C:\Users\multicampus\Desktop\new5\palette\venv\lib\site-packages\pandas\_libs\groupby.cp37-win_amd64.pyd
0x00007ffa418d0000 - 0x00007ffa41918000 	C:\Users\multicampus\Desktop\new5\palette\venv\lib\site-packages\pandas\_libs\reduction.cp37-win_amd64.pyd
0x00007ffa36270000 - 0x00007ffa362e1000 	C:\Users\multicampus\Desktop\new5\palette\venv\lib\site-packages\pandas\_libs\parsers.cp37-win_amd64.pyd
0x00007ffa53480000 - 0x00007ffa53495000 	C:\Users\multicampus\Desktop\new5\palette\venv\lib\site-packages\pandas\_libs\json.cp37-win_amd64.pyd
0x00007ffa52f60000 - 0x00007ffa52f77000 	C:\Users\multicampus\Desktop\new5\palette\venv\lib\site-packages\pandas\_libs\testing.cp37-win_amd64.pyd
0x00007ffa725f0000 - 0x00007ffa725f9000 	C:\Users\multicampus\Desktop\new5\palette\venv\lib\site-packages\google\protobuf\internal\_api_implementation.cp37-win_amd64.pyd
0x00007ffa2d120000 - 0x00007ffa2d298000 	C:\Users\multicampus\Desktop\new5\palette\venv\lib\site-packages\google\protobuf\pyext\_message.cp37-win_amd64.pyd
0x00007ffa6e500000 - 0x00007ffa6e509000 	C:\Windows\SYSTEM32\msvcp140_1.dll
0x00007ffa009f0000 - 0x00007ffa2b0e5000 	C:\Users\multicampus\Desktop\new5\palette\venv\lib\site-packages\tensorflow\python\_pywrap_tensorflow_internal.pyd
0x00007ffa92590000 - 0x00007ffa92598000 	C:\Windows\System32\Normaliz.dll
0x00007ffa90fb0000 - 0x00007ffa924a9000 	C:\Windows\System32\SHELL32.dll
0x00007ffa907a0000 - 0x00007ffa907ea000 	C:\Windows\System32\cfgmgr32.dll
0x00007ffa92900000 - 0x00007ffa929a8000 	C:\Windows\System32\shcore.dll
0x00007ffa8f980000 - 0x00007ffa900d2000 	C:\Windows\System32\windows.storage.dll
0x00007ffa8f650000 - 0x00007ffa8f674000 	C:\Windows\System32\profapi.dll
0x00007ffa8f5d0000 - 0x00007ffa8f62d000 	C:\Windows\System32\powrprof.dll
0x00007ffa8f4b0000 - 0x00007ffa8f4d9000 	C:\Windows\SYSTEM32\USERENV.dll
0x00007ffa8df20000 - 0x00007ffa8e10d000 	C:\Windows\SYSTEM32\dbghelp.dll
0x00007ffa7fe30000 - 0x00007ffa7fe3c000 	C:\Windows\SYSTEM32\VCRUNTIME140_1.dll
0x00007ffa41860000 - 0x00007ffa418cc000 	C:\Program Files\NVIDIA GPU Computing Toolkit\CUDA\v10.1\bin\cudart64_101.dll
0x00007ffa2caf0000 - 0x00007ffa2d11d000 	C:\Users\multicampus\Desktop\new5\palette\venv\lib\site-packages\tensorflow\python\_pywrap_tfe.pyd
0x00007ffa2c530000 - 0x00007ffa2caec000 	C:\Users\multicampus\Desktop\new5\palette\venv\lib\site-packages\tensorflow\python\_pywrap_tf_session.pyd
0x00007ffa359f0000 - 0x00007ffa35a1e000 	C:\Users\multicampus\Desktop\new5\palette\venv\lib\site-packages\tensorflow\python\_tf_stack.pyd
0x00007ffa6c080000 - 0x00007ffa6c08e000 	C:\Users\multicampus\Desktop\new5\palette\venv\lib\site-packages\wrapt\_wrappers.cp37-win_amd64.pyd
0x00007ffa4efc0000 - 0x00007ffa4efdd000 	C:\Users\multicampus\Desktop\new5\palette\venv\lib\site-packages\tensorflow\python\_pywrap_utils.pyd

dbghelp: loaded successfully - version: 4.0.5 - missing functions: none
symbol engine: initialized successfully - sym options: 0x614 - pdb path: .;C:\Users\multicampus\Desktop\new5\palette\venv\Scripts;C:\Windows\SYSTEM32;c:\users\multicampus\appdata\local\programs\python\python37\DLLs;C:\Users\multicampus\Desktop\new5\palette\venv\lib\site-packages;C:\Users\multicampus\Desktop\new5\palette\venv\lib\site-packages\numpy\.libs;C:\Users\multicampus\Desktop\new5\palette\venv\lib\site-packages\numpy\core;C:\Users\multicampus\Desktop\new5\palette\venv\lib\site-packages\numpy\linalg;C:\Users\multicampus\Desktop\new5\palette\venv\lib\site-packages\numpy\fft;C:\Users\multicampus\Desktop\new5\palette\venv\lib\site-packages\numpy\random;C:\Users\multicampus\Desktop\new5\palette\venv\lib\site-packages\pandas\_libs;C:\Users\multicampus\Desktop\new5\palette\venv\lib\site-packages\pandas\_libs\tslibs;C:\Users\multicampus\Desktop\new5\palette\venv\lib\site-packages\pandas\_libs\window;C:\Users\multicampus\Desktop\new5\palette\venv\lib\site-packages\google\protobuf\internal;C:\Users\multicampus\Desktop\new5\palette\venv\lib\site-packages\google\protobuf\pyext;C:\Users\multicampus\Desktop\new5\palette\venv\lib\site-packages\tensorflow\python;C:\Program Files\NVIDIA GPU Computing Toolkit\CUDA\v10.1\bin;C:\Users\multicampus\Desktop\new5\palette\venv\lib\site-packages\wrapt;C:\Users\multicampus\Desktop\new5\palette\venv\lib\site-packages\tensorflow\python\profiler\internal;C:\Users\multicampus\Desktop\new5\palette\venv\lib\site-packages\tensorflow\python\data\experimental\service;C:\Users\multicampus\Desktop\new5\palette\venv\lib\site-packages\h5py;C:\Users\multicampus\Desktop\new5\palette\venv\lib\site-packages\scipy\.libs;C:\Users\multicampus\Desktop\new5\palette\venv\lib\site-packages\scipy\_lib;C:\Users\multicampus\Desktop\new5\palette\venv\lib\site-packages\scipy\_lib\_uarray;C:\Users\multicampus\Desktop\new5\palette\venv\lib\site-packages\scipy\fft\_pocketfft;C:\Users\multicampus\Desktop\new5\palette\venv\lib\site-packages\scipy\sparse;C:\Users\multicampus\Desktop\new5\palette\venv\lib\site-packages\scipy\sparse\csgraph;C:\Users\multicampus\Desktop\new5\palette\venv\lib\site-packages\tensorflow\lite\experimental\microfrontend\python\ops;C:\Users\multicampus\Desktop\new5\palette\venv\lib\site-packages\tensorflow\lite\python\interpreter_wrapper;C:\Users\multicampus\Desktop\new5\palette\venv\lib\site-packages\PIL;C:\Users\multicampus\Desktop\new5\palette\venv\lib\site-packages\scipy\ndimage;C:\Users\multicampus\Desktop\new5\palette\venv\lib\site-packages\scipy\linalg;C:\Users\multicampus\Desktop\new5\palette\venv\lib\site-packages\cv2;C:\Windows\WinSxS\amd64_microsoft.windows.common-controls_6595b64144ccf1df_6.0.17763.1518_none_de6e2bd0534e2567;C:\Users\multicampus\Desktop\new5\palette\venv\lib\site-packages\matplotlib;C:\Users\multicampus\Desktop\new5\palette\venv\lib\site-packages\matplotlib\backends;C:\Users\multicampus\Desktop\new5\palette\venv\lib\site-packages\lxml;C:\Program Files\Java\jdk-14.0.2\bin\server;C:\Program Files\Java\jdk-14.0.2\bin

VM Arguments:
jvm_args: -Dfile.encoding=UTF8 -ea -Xmx1024m 
java_command: <unknown>
java_class_path (initial): C:\Users\multicampus\Desktop\new5\palette\venv\lib\site-packages\konlpy\java;C:\Users\multicampus\Desktop\new5\palette\venv\lib\site-packages\konlpy\java\bin;C:\Users\multicampus\Desktop\new5\palette\venv\lib\site-packages\konlpy\java\*;C:\Users\multicampus\Desktop\new5\palette\venv\lib\site-packages\konlpy\java\jhannanum-0.8.4.jar;C:\Users\multicampus\Desktop\new5\palette\venv\lib\site-packages\konlpy\java\kkma-2.0.jar;C:\Users\multicampus\Desktop\new5\palette\venv\lib\site-packages\konlpy\java\aho-corasick.jar;C:\Users\multicampus\Desktop\new5\palette\venv\lib\site-packages\konlpy\java\shineware-common-1.0.jar;C:\Users\multicampus\Desktop\new5\palette\venv\lib\site-packages\konlpy\java\shineware-ds-1.0.jar;C:\Users\multicampus\Desktop\new5\palette\venv\lib\site-packages\konlpy\java\komoran-3.0.jar;C:\Users\multicampus\Desktop\new5\palette\venv\lib\site-packages\konlpy\java\snakeyaml-1.12.jar;C:\Users\multicampus\Desktop\new5\palette\venv\lib\site-packages\konlpy\java\scala-library-2.12.3.jar;C:\Users\multicampus\Desktop\new5\palette\venv\lib\site-packages\konlpy\java\open-korean-text-2.1.0.jar;C:\Users\multicampus\Desktop\new5\palette\venv\lib\site-packages\konlpy\java\twitter-text-1.14.7.jar;C:\Users\multicampus\Desktop\new5\palette\venv\lib\site-packages\konlpy\java\*
Launcher Type: generic

[Global flags]
     intx CICompilerCount                          = 4                                         {product} {ergonomic}
     uint ConcGCThreads                            = 3                                         {product} {ergonomic}
     uint G1ConcRefinementThreads                  = 10                                        {product} {ergonomic}
   size_t G1HeapRegionSize                         = 1048576                                   {product} {ergonomic}
    uintx GCDrainStackTargetSize                   = 64                                        {product} {ergonomic}
   size_t InitialHeapSize                          = 268435456                                 {product} {ergonomic}
   size_t MarkStackSize                            = 4194304                                   {product} {ergonomic}
   size_t MaxHeapSize                              = 1073741824                                {product} {command line}
   size_t MaxNewSize                               = 643825664                                 {product} {ergonomic}
   size_t MinHeapDeltaBytes                        = 1048576                                   {product} {ergonomic}
   size_t MinHeapSize                              = 8388608                                   {product} {ergonomic}
    uintx NonNMethodCodeHeapSize                   = 5839372                                {pd product} {ergonomic}
    uintx NonProfiledCodeHeapSize                  = 122909434                              {pd product} {ergonomic}
    uintx ProfiledCodeHeapSize                     = 122909434                              {pd product} {ergonomic}
    uintx ReservedCodeCacheSize                    = 251658240                              {pd product} {ergonomic}
     bool SegmentedCodeCache                       = true                                      {product} {ergonomic}
   size_t SoftMaxHeapSize                          = 1073741824                             {manageable} {ergonomic}
     bool UseCompressedClassPointers               = true                                 {lp64_product} {ergonomic}
     bool UseCompressedOops                        = true                                 {lp64_product} {ergonomic}
     bool UseG1GC                                  = true                                      {product} {ergonomic}
     bool UseLargePagesIndividualAllocation        = false                                  {pd product} {ergonomic}

Logging:
Log output configuration:
 #0: stdout all=warning uptime,level,tags
 #1: stderr all=off uptime,level,tags

Environment Variables:
JAVA_HOME=C:\Program Files\Java\jdk-14.0.2
PATH=C;C:\Users\multicampus\Desktop\new5\palette\venv\Scripts;C:\Program Files\Git\mingw64\bin;C:\Program Files\Git\usr\bin;C:\Users\multicampus\bin;C:\Program Files\NVIDIA GPU Computing Toolkit\CUDA\v10.1\bin;C:\Program Files\NVIDIA GPU Computing Toolkit\CUDA\v10.1\libnvvp;C:\Users\multicampus\AppData\Local\Programs\Python\Python37\Scripts;C:\Users\multicampus\AppData\Local\Programs\Python\Python37;C:\Program Files (x86)\Intel\Intel(R) Management Engine Components\iCLS;C:\Program Files\Intel\Intel(R) Management Engine Components\iCLS;C:\Windows\system32;C:\Windows;C:\Windows\System32\Wbem;C:\Windows\System32\WindowsPowerShell\v1.0;C:\Windows\System32\OpenSSH;C:\Program Files (x86)\NVIDIA Corporation\PhysX\Common;C:\Program Files\Intel\WiFi\bin;C:\Program Files\Common Files\Intel\WirelessCommon;C:\Program Files (x86)\Intel\Intel(R) Management Engine Components\DAL;C:\Program Files\Intel\Intel(R) Management Engine Components\DAL;C:\Program Files\Python35;C:\Program Files\Python35\Scripts;C:\Program Files (x86)\Intel\Intel(R) Management Engine Components\IPT;C:\Program Files\Intel\Intel(R) Management Engine Components\IPT;C:\Program Files\Zulu\zulu-8\bin;C:\Program Files\Microsoft SQL Server\130\Tools\Binn;C:\Program Files\Git\cmd;C:\Program Files\nodejs;C:\ProgramData\chocolatey\bin;C:\Program Files (x86)\Yarn\bin;C:\Program Files\Docker\Docker\resources\bin;C:\ProgramData\DockerDesktop\version-bin;C:\Program Files\NVIDIA Corporation\Nsight Compute 2019.1;C:\Program Files\NVIDIA Corporation\NVIDIA NvDLISR;C:\Program Files\PuTTY;C:\Program Files (x86)\PuTTY;C:\Users\multicampus\AppData\Local\Programs\Python\Python37\Scripts;C:\Users\multicampus\AppData\Local\Programs\Python\Python37;C:\Users\multicampus\AppData\Local\Microsoft\WindowsApps;C:\Users\multicampus\AppData\Roaming\npm;C:\Users\multicampus\AppData\Local\Yarn\bin;C:\Users\multicampus\Desktop\new5\palette\venv\lib\site-packages\numpy\.libs;C:\Users\multicampus\Desktop\new5\palette\venv\lib\site-packages\scipy\.li
USERNAME=multicampus
OS=Windows_NT
PROCESSOR_IDENTIFIER=Intel64 Family 6 Model 158 Stepping 10, GenuineIntel



---------------  S Y S T E M  ---------------

OS: Windows 10 , 64 bit Build 17763 (10.0.17763.475)
OS uptime: 0 days 1:22 hours
HyperV virtualization detected

CPU:total 12 (initial active 12) (6 cores per cpu, 2 threads per core) family 6 model 158 stepping 10, cmov, cx8, fxsr, mmx, sse, sse2, sse3, ssse3, sse4.1, sse4.2, popcnt, avx, avx2, aes, clmul, erms, 3dnowpref, lzcnt, ht, tsc, tscinvbit, bmi1, bmi2, adx, fma

Memory: 4k page, system-wide physical 16316M (8030M free)
TotalPageFile size 18748M (AvailPageFile size 5854M)
current process WorkingSet (physical memory assigned to process): 348M, peak: 348M
current process commit charge ("private bytes"): 1339M, peak: 1464M

vm_info: Java HotSpot(TM) 64-Bit Server VM (14.0.2+12-46) for windows-amd64 JRE (14.0.2+12-46), built on Jul  9 2020 00:35:52 by "mach5one" with MS VC++ 15.9 (VS2017)

END.
